{"total": {"lines":{"total":1338,"covered":345,"skipped":0,"pct":25.78},"statements":{"total":1465,"covered":376,"skipped":0,"pct":25.66},"functions":{"total":570,"covered":110,"skipped":0,"pct":19.29},"branches":{"total":1440,"covered":344,"skipped":0,"pct":23.88},"branchesTrue":{"total":0,"covered":0,"skipped":0,"pct":100}}
,"/Users/apple/Downloads/Project_python/roaming-wandering/frontend/src/app/AuthProvider.tsx": {"lines":{"total":39,"covered":0,"skipped":0,"pct":0},"functions":{"total":15,"covered":0,"skipped":0,"pct":0},"statements":{"total":43,"covered":0,"skipped":0,"pct":0},"branches":{"total":13,"covered":0,"skipped":0,"pct":0}}
,"/Users/apple/Downloads/Project_python/roaming-wandering/frontend/src/app/Layout.tsx": {"lines":{"total":25,"covered":0,"skipped":0,"pct":0},"functions":{"total":17,"covered":0,"skipped":0,"pct":0},"statements":{"total":25,"covered":0,"skipped":0,"pct":0},"branches":{"total":16,"covered":0,"skipped":0,"pct":0}}
,"/Users/apple/Downloads/Project_python/roaming-wandering/frontend/src/app/RequireAuth.tsx": {"lines":{"total":7,"covered":0,"skipped":0,"pct":0},"functions":{"total":1,"covered":0,"skipped":0,"pct":0},"statements":{"total":8,"covered":0,"skipped":0,"pct":0},"branches":{"total":4,"covered":0,"skipped":0,"pct":0}}
,"/Users/apple/Downloads/Project_python/roaming-wandering/frontend/src/app/RouteErrorBoundary.tsx": {"lines":{"total":3,"covered":0,"skipped":0,"pct":0},"functions":{"total":1,"covered":0,"skipped":0,"pct":0},"statements":{"total":3,"covered":0,"skipped":0,"pct":0},"branches":{"total":8,"covered":0,"skipped":0,"pct":0}}
,"/Users/apple/Downloads/Project_python/roaming-wandering/frontend/src/app/queryClient.ts": {"lines":{"total":5,"covered":0,"skipped":0,"pct":0},"functions":{"total":3,"covered":0,"skipped":0,"pct":0},"statements":{"total":7,"covered":0,"skipped":0,"pct":0},"branches":{"total":6,"covered":0,"skipped":0,"pct":0}}
,"/Users/apple/Downloads/Project_python/roaming-wandering/frontend/src/application/RepositoryContext.tsx": {"lines":{"total":6,"covered":5,"skipped":0,"pct":83.33},"functions":{"total":2,"covered":2,"skipped":0,"pct":100},"statements":{"total":6,"covered":5,"skipped":0,"pct":83.33},"branches":{"total":2,"covered":1,"skipped":0,"pct":50}}
,"/Users/apple/Downloads/Project_python/roaming-wandering/frontend/src/application/ports.ts": {"lines":{"total":0,"covered":0,"skipped":0,"pct":0},"functions":{"total":0,"covered":0,"skipped":0,"pct":0},"statements":{"total":0,"covered":0,"skipped":0,"pct":0},"branches":{"total":0,"covered":0,"skipped":0,"pct":0}}
,"/Users/apple/Downloads/Project_python/roaming-wandering/frontend/src/application/queryKeys.ts": {"lines":{"total":13,"covered":3,"skipped":0,"pct":23.07},"functions":{"total":12,"covered":2,"skipped":0,"pct":16.66},"statements":{"total":13,"covered":3,"skipped":0,"pct":23.07},"branches":{"total":0,"covered":0,"skipped":0,"pct":100}}
,"/Users/apple/Downloads/Project_python/roaming-wandering/frontend/src/application/hooks/useBookings.ts": {"lines":{"total":28,"covered":0,"skipped":0,"pct":0},"functions":{"total":15,"covered":0,"skipped":0,"pct":0},"statements":{"total":28,"covered":0,"skipped":0,"pct":0},"branches":{"total":15,"covered":0,"skipped":0,"pct":0}}
,"/Users/apple/Downloads/Project_python/roaming-wandering/frontend/src/application/hooks/useCatalog.ts": {"lines":{"total":20,"covered":10,"skipped":0,"pct":50},"functions":{"total":13,"covered":7,"skipped":0,"pct":53.84},"statements":{"total":20,"covered":10,"skipped":0,"pct":50},"branches":{"total":23,"covered":4,"skipped":0,"pct":17.39}}
,"/Users/apple/Downloads/Project_python/roaming-wandering/frontend/src/application/hooks/usePayments.ts": {"lines":{"total":15,"covered":0,"skipped":0,"pct":0},"functions":{"total":9,"covered":0,"skipped":0,"pct":0},"statements":{"total":15,"covered":0,"skipped":0,"pct":0},"branches":{"total":2,"covered":0,"skipped":0,"pct":0}}
,"/Users/apple/Downloads/Project_python/roaming-wandering/frontend/src/application/hooks/useReviews.ts": {"lines":{"total":18,"covered":0,"skipped":0,"pct":0},"functions":{"total":10,"covered":0,"skipped":0,"pct":0},"statements":{"total":18,"covered":0,"skipped":0,"pct":0},"branches":{"total":3,"covered":0,"skipped":0,"pct":0}}
,"/Users/apple/Downloads/Project_python/roaming-wandering/frontend/src/application/hooks/useSearchParamsState.ts": {"lines":{"total":63,"covered":25,"skipped":0,"pct":39.68},"functions":{"total":13,"covered":6,"skipped":0,"pct":46.15},"statements":{"total":77,"covered":31,"skipped":0,"pct":40.25},"branches":{"total":56,"covered":33,"skipped":0,"pct":58.92}}
,"/Users/apple/Downloads/Project_python/roaming-wandering/frontend/src/application/hooks/useWishlist.ts": {"lines":{"total":21,"covered":9,"skipped":0,"pct":42.85},"functions":{"total":12,"covered":4,"skipped":0,"pct":33.33},"statements":{"total":23,"covered":9,"skipped":0,"pct":39.13},"branches":{"total":8,"covered":0,"skipped":0,"pct":0}}
,"/Users/apple/Downloads/Project_python/roaming-wandering/frontend/src/core/config.ts": {"lines":{"total":5,"covered":4,"skipped":0,"pct":80},"functions":{"total":1,"covered":1,"skipped":0,"pct":100},"statements":{"total":5,"covered":4,"skipped":0,"pct":80},"branches":{"total":8,"covered":5,"skipped":0,"pct":62.5}}
,"/Users/apple/Downloads/Project_python/roaming-wandering/frontend/src/core/dates.ts": {"lines":{"total":48,"covered":42,"skipped":0,"pct":87.5},"functions":{"total":17,"covered":15,"skipped":0,"pct":88.23},"statements":{"total":55,"covered":45,"skipped":0,"pct":81.81},"branches":{"total":26,"covered":19,"skipped":0,"pct":73.07}}
,"/Users/apple/Downloads/Project_python/roaming-wandering/frontend/src/core/errors.ts": {"lines":{"total":22,"covered":12,"skipped":0,"pct":54.54},"functions":{"total":8,"covered":3,"skipped":0,"pct":37.5},"statements":{"total":24,"covered":12,"skipped":0,"pct":50},"branches":{"total":18,"covered":6,"skipped":0,"pct":33.33}}
,"/Users/apple/Downloads/Project_python/roaming-wandering/frontend/src/core/money.ts": {"lines":{"total":26,"covered":24,"skipped":0,"pct":92.3},"functions":{"total":11,"covered":9,"skipped":0,"pct":81.81},"statements":{"total":27,"covered":25,"skipped":0,"pct":92.59},"branches":{"total":20,"covered":19,"skipped":0,"pct":95}}
,"/Users/apple/Downloads/Project_python/roaming-wandering/frontend/src/core/urls.ts": {"lines":{"total":4,"covered":4,"skipped":0,"pct":100},"functions":{"total":1,"covered":1,"skipped":0,"pct":100},"statements":{"total":7,"covered":7,"skipped":0,"pct":100},"branches":{"total":9,"covered":9,"skipped":0,"pct":100}}
,"/Users/apple/Downloads/Project_python/roaming-wandering/frontend/src/domain/booking.ts": {"lines":{"total":14,"covered":0,"skipped":0,"pct":0},"functions":{"total":8,"covered":0,"skipped":0,"pct":0},"statements":{"total":17,"covered":0,"skipped":0,"pct":0},"branches":{"total":20,"covered":0,"skipped":0,"pct":0}}
,"/Users/apple/Downloads/Project_python/roaming-wandering/frontend/src/domain/payment.ts": {"lines":{"total":4,"covered":0,"skipped":0,"pct":0},"functions":{"total":2,"covered":0,"skipped":0,"pct":0},"statements":{"total":5,"covered":0,"skipped":0,"pct":0},"branches":{"total":8,"covered":0,"skipped":0,"pct":0}}
,"/Users/apple/Downloads/Project_python/roaming-wandering/frontend/src/domain/policies.ts": {"lines":{"total":4,"covered":4,"skipped":0,"pct":100},"functions":{"total":1,"covered":1,"skipped":0,"pct":100},"statements":{"total":4,"covered":4,"skipped":0,"pct":100},"branches":{"total":2,"covered":1,"skipped":0,"pct":50}}
,"/Users/apple/Downloads/Project_python/roaming-wandering/frontend/src/domain/property.ts": {"lines":{"total":3,"covered":1,"skipped":0,"pct":33.33},"functions":{"total":4,"covered":0,"skipped":0,"pct":0},"statements":{"total":5,"covered":1,"skipped":0,"pct":20},"branches":{"total":4,"covered":0,"skipped":0,"pct":0}}
,"/Users/apple/Downloads/Project_python/roaming-wandering/frontend/src/domain/review.ts": {"lines":{"total":28,"covered":2,"skipped":0,"pct":7.14},"functions":{"total":3,"covered":0,"skipped":0,"pct":0},"statements":{"total":35,"covered":2,"skipped":0,"pct":5.71},"branches":{"total":22,"covered":0,"skipped":0,"pct":0}}
,"/Users/apple/Downloads/Project_python/roaming-wandering/frontend/src/domain/user.ts": {"lines":{"total":6,"covered":0,"skipped":0,"pct":0},"functions":{"total":5,"covered":0,"skipped":0,"pct":0},"statements":{"total":6,"covered":0,"skipped":0,"pct":0},"branches":{"total":11,"covered":0,"skipped":0,"pct":0}}
,"/Users/apple/Downloads/Project_python/roaming-wandering/frontend/src/domain/wishlist.ts": {"lines":{"total":2,"covered":2,"skipped":0,"pct":100},"functions":{"total":4,"covered":3,"skipped":0,"pct":75},"statements":{"total":4,"covered":3,"skipped":0,"pct":75},"branches":{"total":0,"covered":0,"skipped":0,"pct":100}}
,"/Users/apple/Downloads/Project_python/roaming-wandering/frontend/src/features/checkout/HoldCountdown.tsx": {"lines":{"total":11,"covered":0,"skipped":0,"pct":0},"functions":{"total":6,"covered":0,"skipped":0,"pct":0},"statements":{"total":13,"covered":0,"skipped":0,"pct":0},"branches":{"total":6,"covered":0,"skipped":0,"pct":0}}
,"/Users/apple/Downloads/Project_python/roaming-wandering/frontend/src/features/checkout/razorpay.ts": {"lines":{"total":17,"covered":0,"skipped":0,"pct":0},"functions":{"total":6,"covered":0,"skipped":0,"pct":0},"statements":{"total":21,"covered":0,"skipped":0,"pct":0},"branches":{"total":4,"covered":0,"skipped":0,"pct":0}}
,"/Users/apple/Downloads/Project_python/roaming-wandering/frontend/src/features/property/BookingWidget.tsx": {"lines":{"total":26,"covered":0,"skipped":0,"pct":0},"functions":{"total":21,"covered":0,"skipped":0,"pct":0},"statements":{"total":33,"covered":0,"skipped":0,"pct":0},"branches":{"total":74,"covered":0,"skipped":0,"pct":0}}
,"/Users/apple/Downloads/Project_python/roaming-wandering/frontend/src/features/property/Gallery.tsx": {"lines":{"total":12,"covered":0,"skipped":0,"pct":0},"functions":{"total":7,"covered":0,"skipped":0,"pct":0},"statements":{"total":12,"covered":0,"skipped":0,"pct":0},"branches":{"total":23,"covered":0,"skipped":0,"pct":0}}
,"/Users/apple/Downloads/Project_python/roaming-wandering/frontend/src/features/property/PropertyCard.tsx": {"lines":{"total":4,"covered":4,"skipped":0,"pct":100},"functions":{"total":2,"covered":2,"skipped":0,"pct":100},"statements":{"total":4,"covered":4,"skipped":0,"pct":100},"branches":{"total":20,"covered":15,"skipped":0,"pct":75}}
,"/Users/apple/Downloads/Project_python/roaming-wandering/frontend/src/features/reviews/ReviewList.tsx": {"lines":{"total":16,"covered":0,"skipped":0,"pct":0},"functions":{"total":5,"covered":0,"skipped":0,"pct":0},"statements":{"total":17,"covered":0,"skipped":0,"pct":0},"branches":{"total":25,"covered":0,"skipped":0,"pct":0}}
,"/Users/apple/Downloads/Project_python/roaming-wandering/frontend/src/features/search/Filters.tsx": {"lines":{"total":20,"covered":12,"skipped":0,"pct":60},"functions":{"total":14,"covered":5,"skipped":0,"pct":35.71},"statements":{"total":21,"covered":12,"skipped":0,"pct":57.14},"branches":{"total":28,"covered":18,"skipped":0,"pct":64.28}}
,"/Users/apple/Downloads/Project_python/roaming-wandering/frontend/src/features/search/SearchBar.tsx": {"lines":{"total":38,"covered":18,"skipped":0,"pct":47.36},"functions":{"total":14,"covered":4,"skipped":0,"pct":28.57},"statements":{"total":43,"covered":19,"skipped":0,"pct":44.18},"branches":{"total":52,"covered":21,"skipped":0,"pct":40.38}}
,"/Users/apple/Downloads/Project_python/roaming-wandering/frontend/src/features/wishlist/WishlistButton.tsx": {"lines":{"total":9,"covered":5,"skipped":0,"pct":55.55},"functions":{"total":3,"covered":1,"skipped":0,"pct":33.33},"statements":{"total":9,"covered":5,"skipped":0,"pct":55.55},"branches":{"total":20,"covered":14,"skipped":0,"pct":70}}
,"/Users/apple/Downloads/Project_python/roaming-wandering/frontend/src/infrastructure/api/auth.ts": {"lines":{"total":30,"covered":0,"skipped":0,"pct":0},"functions":{"total":17,"covered":0,"skipped":0,"pct":0},"statements":{"total":30,"covered":0,"skipped":0,"pct":0},"branches":{"total":31,"covered":0,"skipped":0,"pct":0}}
,"/Users/apple/Downloads/Project_python/roaming-wandering/frontend/src/infrastructure/api/bookings.ts": {"lines":{"total":8,"covered":0,"skipped":0,"pct":0},"functions":{"total":6,"covered":0,"skipped":0,"pct":0},"statements":{"total":8,"covered":0,"skipped":0,"pct":0},"branches":{"total":8,"covered":0,"skipped":0,"pct":0}}
,"/Users/apple/Downloads/Project_python/roaming-wandering/frontend/src/infrastructure/api/catalog.ts": {"lines":{"total":11,"covered":0,"skipped":0,"pct":0},"functions":{"total":7,"covered":0,"skipped":0,"pct":0},"statements":{"total":12,"covered":0,"skipped":0,"pct":0},"branches":{"total":17,"covered":0,"skipped":0,"pct":0}}
,"/Users/apple/Downloads/Project_python/roaming-wandering/frontend/src/infrastructure/api/dto.ts": {"lines":{"total":0,"covered":0,"skipped":0,"pct":0},"functions":{"total":0,"covered":0,"skipped":0,"pct":0},"statements":{"total":0,"covered":0,"skipped":0,"pct":0},"branches":{"total":0,"covered":0,"skipped":0,"pct":0}}
,"/Users/apple/Downloads/Project_python/roaming-wandering/frontend/src/infrastructure/api/mappers.ts": {"lines":{"total":22,"covered":0,"skipped":0,"pct":0},"functions":{"total":22,"covered":0,"skipped":0,"pct":0},"statements":{"total":22,"covered":0,"skipped":0,"pct":0},"branches":{"total":54,"covered":0,"skipped":0,"pct":0}}
,"/Users/apple/Downloads/Project_python/roaming-wandering/frontend/src/infrastructure/api/payments.ts": {"lines":{"total":7,"covered":0,"skipped":0,"pct":0},"functions":{"total":5,"covered":0,"skipped":0,"pct":0},"statements":{"total":7,"covered":0,"skipped":0,"pct":0},"branches":{"total":2,"covered":0,"skipped":0,"pct":0}}
,"/Users/apple/Downloads/Project_python/roaming-wandering/frontend/src/infrastructure/api/reviews.ts": {"lines":{"total":24,"covered":23,"skipped":0,"pct":95.83},"functions":{"total":8,"covered":7,"skipped":0,"pct":87.5},"statements":{"total":24,"covered":23,"skipped":0,"pct":95.83},"branches":{"total":24,"covered":18,"skipped":0,"pct":75}}
,"/Users/apple/Downloads/Project_python/roaming-wandering/frontend/src/infrastructure/api/wishlist.ts": {"lines":{"total":22,"covered":0,"skipped":0,"pct":0},"functions":{"total":14,"covered":0,"skipped":0,"pct":0},"statements":{"total":24,"covered":0,"skipped":0,"pct":0},"branches":{"total":4,"covered":0,"skipped":0,"pct":0}}
,"/Users/apple/Downloads/Project_python/roaming-wandering/frontend/src/infrastructure/http/client.ts": {"lines":{"total":78,"covered":72,"skipped":0,"pct":92.3},"functions":{"total":16,"covered":12,"skipped":0,"pct":75},"statements":{"total":93,"covered":86,"skipped":0,"pct":92.47},"branches":{"total":80,"covered":66,"skipped":0,"pct":82.5}}
,"/Users/apple/Downloads/Project_python/roaming-wandering/frontend/src/infrastructure/http/tokenStore.ts": {"lines":{"total":14,"covered":12,"skipped":0,"pct":85.71},"functions":{"total":8,"covered":4,"skipped":0,"pct":50},"statements":{"total":17,"covered":12,"skipped":0,"pct":70.58},"branches":{"total":3,"covered":3,"skipped":0,"pct":100}}
,"/Users/apple/Downloads/Project_python/roaming-wandering/frontend/src/infrastructure/storage/localStore.ts": {"lines":{"total":11,"covered":0,"skipped":0,"pct":0},"functions":{"total":4,"covered":0,"skipped":0,"pct":0},"statements":{"total":12,"covered":0,"skipped":0,"pct":0},"branches":{"total":2,"covered":0,"skipped":0,"pct":0}}
,"/Users/apple/Downloads/Project_python/roaming-wandering/frontend/src/pages/BookingConfirmationPage.tsx": {"lines":{"total":13,"covered":0,"skipped":0,"pct":0},"functions":{"total":5,"covered":0,"skipped":0,"pct":0},"statements":{"total":14,"covered":0,"skipped":0,"pct":0},"branches":{"total":26,"covered":0,"skipped":0,"pct":0}}
,"/Users/apple/Downloads/Project_python/roaming-wandering/frontend/src/pages/BookingPage.tsx": {"lines":{"total":44,"covered":0,"skipped":0,"pct":0},"functions":{"total":13,"covered":0,"skipped":0,"pct":0},"statements":{"total":48,"covered":0,"skipped":0,"pct":0},"branches":{"total":76,"covered":0,"skipped":0,"pct":0}}
,"/Users/apple/Downloads/Project_python/roaming-wandering/frontend/src/pages/CheckoutPage.tsx": {"lines":{"total":42,"covered":0,"skipped":0,"pct":0},"functions":{"total":12,"covered":0,"skipped":0,"pct":0},"statements":{"total":44,"covered":0,"skipped":0,"pct":0},"branches":{"total":50,"covered":0,"skipped":0,"pct":0}}
,"/Users/apple/Downloads/Project_python/roaming-wandering/frontend/src/pages/ForgotPasswordPage.tsx": {"lines":{"total":16,"covered":0,"skipped":0,"pct":0},"functions":{"total":5,"covered":0,"skipped":0,"pct":0},"statements":{"total":16,"covered":0,"skipped":0,"pct":0},"branches":{"total":2,"covered":0,"skipped":0,"pct":0}}
,"/Users/apple/Downloads/Project_python/roaming-wandering/frontend/src/pages/HomePage.tsx": {"lines":{"total":7,"covered":0,"skipped":0,"pct":0},"functions":{"total":5,"covered":0,"skipped":0,"pct":0},"statements":{"total":7,"covered":0,"skipped":0,"pct":0},"branches":{"total":7,"covered":0,"skipped":0,"pct":0}}
,"/Users/apple/Downloads/Project_python/roaming-wandering/frontend/src/pages/LoginPage.tsx": {"lines":{"total":47,"covered":0,"skipped":0,"pct":0},"functions":{"total":15,"covered":0,"skipped":0,"pct":0},"statements":{"total":47,"covered":0,"skipped":0,"pct":0},"branches":{"total":14,"covered":0,"skipped":0,"pct":0}}
,"/Users/apple/Downloads/Project_python/roaming-wandering/frontend/src/pages/NotFoundPage.tsx": {"lines":{"total":1,"covered":0,"skipped":0,"pct":0},"functions":{"total":1,"covered":0,"skipped":0,"pct":0},"statements":{"total":1,"covered":0,"skipped":0,"pct":0},"branches":{"total":0,"covered":0,"skipped":0,"pct":100}}
,"/Users/apple/Downloads/Project_python/roaming-wandering/frontend/src/pages/ProfilePage.tsx": {"lines":{"total":52,"covered":0,"skipped":0,"pct":0},"functions":{"total":12,"covered":0,"skipped":0,"pct":0},"statements":{"total":54,"covered":0,"skipped":0,"pct":0},"branches":{"total":36,"covered":0,"skipped":0,"pct":0}}
,"/Users/apple/Downloads/Project_python/roaming-wandering/frontend/src/pages/PropertyPage.tsx": {"lines":{"total":18,"covered":0,"skipped":0,"pct":0},"functions":{"total":7,"covered":0,"skipped":0,"pct":0},"statements":{"total":19,"covered":0,"skipped":0,"pct":0},"branches":{"total":55,"covered":0,"skipped":0,"pct":0}}
,"/Users/apple/Downloads/Project_python/roaming-wandering/frontend/src/pages/RegisterPage.tsx": {"lines":{"total":30,"covered":0,"skipped":0,"pct":0},"functions":{"total":9,"covered":0,"skipped":0,"pct":0},"statements":{"total":31,"covered":0,"skipped":0,"pct":0},"branches":{"total":22,"covered":0,"skipped":0,"pct":0}}
,"/Users/apple/Downloads/Project_python/roaming-wandering/frontend/src/pages/ResetPasswordPage.tsx": {"lines":{"total":24,"covered":0,"skipped":0,"pct":0},"functions":{"total":5,"covered":0,"skipped":0,"pct":0},"statements":{"total":24,"covered":0,"skipped":0,"pct":0},"branches":{"total":12,"covered":0,"skipped":0,"pct":0}}
,"/Users/apple/Downloads/Project_python/roaming-wandering/frontend/src/pages/ReviewsPage.tsx": {"lines":{"total":9,"covered":0,"skipped":0,"pct":0},"functions":{"total":2,"covered":0,"skipped":0,"pct":0},"statements":{"total":10,"covered":0,"skipped":0,"pct":0},"branches":{"total":12,"covered":0,"skipped":0,"pct":0}}
,"/Users/apple/Downloads/Project_python/roaming-wandering/frontend/src/pages/SearchPage.tsx": {"lines":{"total":19,"covered":12,"skipped":0,"pct":63.15},"functions":{"total":12,"covered":5,"skipped":0,"pct":41.66},"statements":{"total":20,"covered":13,"skipped":0,"pct":65},"branches":{"total":32,"covered":27,"skipped":0,"pct":84.37}}
,"/Users/apple/Downloads/Project_python/roaming-wandering/frontend/src/pages/SettingsPage.tsx": {"lines":{"total":49,"covered":0,"skipped":0,"pct":0},"functions":{"total":21,"covered":0,"skipped":0,"pct":0},"statements":{"total":51,"covered":0,"skipped":0,"pct":0},"branches":{"total":22,"covered":0,"skipped":0,"pct":0}}
,"/Users/apple/Downloads/Project_python/roaming-wandering/frontend/src/pages/TripDetailPage.tsx": {"lines":{"total":29,"covered":0,"skipped":0,"pct":0},"functions":{"total":16,"covered":0,"skipped":0,"pct":0},"statements":{"total":30,"covered":0,"skipped":0,"pct":0},"branches":{"total":64,"covered":0,"skipped":0,"pct":0}}
,"/Users/apple/Downloads/Project_python/roaming-wandering/frontend/src/pages/TripsPage.tsx": {"lines":{"total":15,"covered":0,"skipped":0,"pct":0},"functions":{"total":9,"covered":0,"skipped":0,"pct":0},"statements":{"total":17,"covered":0,"skipped":0,"pct":0},"branches":{"total":34,"covered":0,"skipped":0,"pct":0}}
,"/Users/apple/Downloads/Project_python/roaming-wandering/frontend/src/pages/VerifyEmailPage.tsx": {"lines":{"total":21,"covered":0,"skipped":0,"pct":0},"functions":{"total":3,"covered":0,"skipped":0,"pct":0},"statements":{"total":24,"covered":0,"skipped":0,"pct":0},"branches":{"total":22,"covered":0,"skipped":0,"pct":0}}
,"/Users/apple/Downloads/Project_python/roaming-wandering/frontend/src/pages/WishlistPage.tsx": {"lines":{"total":8,"covered":7,"skipped":0,"pct":87.5},"functions":{"total":5,"covered":4,"skipped":0,"pct":80},"statements":{"total":8,"covered":7,"skipped":0,"pct":87.5},"branches":{"total":24,"covered":20,"skipped":0,"pct":83.33}}
,"/Users/apple/Downloads/Project_python/roaming-wandering/frontend/src/pages/WriteReviewPage.tsx": {"lines":{"total":29,"covered":0,"skipped":0,"pct":0},"functions":{"total":11,"covered":0,"skipped":0,"pct":0},"statements":{"total":34,"covered":0,"skipped":0,"pct":0},"branches":{"total":18,"covered":0,"skipped":0,"pct":0}}
,"/Users/apple/Downloads/Project_python/roaming-wandering/frontend/src/ui/Button.tsx": {"lines":{"total":7,"covered":5,"skipped":0,"pct":71.42},"functions":{"total":3,"covered":1,"skipped":0,"pct":33.33},"statements":{"total":7,"covered":5,"skipped":0,"pct":71.42},"branches":{"total":15,"covered":10,"skipped":0,"pct":66.66}}
,"/Users/apple/Downloads/Project_python/roaming-wandering/frontend/src/ui/Field.tsx": {"lines":{"total":17,"covered":6,"skipped":0,"pct":35.29},"functions":{"total":8,"covered":1,"skipped":0,"pct":12.5},"statements":{"total":17,"covered":6,"skipped":0,"pct":35.29},"branches":{"total":47,"covered":2,"skipped":0,"pct":4.25}}
,"/Users/apple/Downloads/Project_python/roaming-wandering/frontend/src/ui/Modal.tsx": {"lines":{"total":15,"covered":14,"skipped":0,"pct":93.33},"functions":{"total":6,"covered":4,"skipped":0,"pct":66.66},"statements":{"total":22,"covered":15,"skipped":0,"pct":68.18},"branches":{"total":21,"covered":12,"skipped":0,"pct":57.14}}
,"/Users/apple/Downloads/Project_python/roaming-wandering/frontend/src/ui/Rating.tsx": {"lines":{"total":6,"covered":3,"skipped":0,"pct":50},"functions":{"total":5,"covered":2,"skipped":0,"pct":40},"statements":{"total":6,"covered":3,"skipped":0,"pct":50},"branches":{"total":28,"covered":15,"skipped":0,"pct":53.57}}
,"/Users/apple/Downloads/Project_python/roaming-wandering/frontend/src/ui/cn.ts": {"lines":{"total":1,"covered":1,"skipped":0,"pct":100},"functions":{"total":1,"covered":1,"skipped":0,"pct":100},"statements":{"total":1,"covered":1,"skipped":0,"pct":100},"branches":{"total":0,"covered":0,"skipped":0,"pct":100}}
,"/Users/apple/Downloads/Project_python/roaming-wandering/frontend/src/ui/feedback.tsx": {"lines":{"total":10,"covered":4,"skipped":0,"pct":40},"functions":{"total":6,"covered":3,"skipped":0,"pct":50},"statements":{"total":11,"covered":4,"skipped":0,"pct":36.36},"branches":{"total":20,"covered":6,"skipped":0,"pct":30}}
}
