TN:
SF:src/app/AuthProvider.tsx
FN:43,AuthProvider
FN:49,(anonymous_1)
FN:51,(anonymous_2)
FN:56,(anonymous_3)
FN:63,(anonymous_4)
FN:64,(anonymous_5)
FN:69,(anonymous_6)
FN:69,(anonymous_7)
FN:72,(anonymous_8)
FN:85,(anonymous_9)
FN:88,(anonymous_10)
FN:96,(anonymous_11)
FN:107,(anonymous_12)
FN:115,(anonymous_13)
FN:130,useAuth
FNF:15
FNH:0
FNDA:0,AuthProvider
FNDA:0,(anonymous_1)
FNDA:0,(anonymous_2)
FNDA:0,(anonymous_3)
FNDA:0,(anonymous_4)
FNDA:0,(anonymous_5)
FNDA:0,(anonymous_6)
FNDA:0,(anonymous_7)
FNDA:0,(anonymous_8)
FNDA:0,(anonymous_9)
FNDA:0,(anonymous_10)
FNDA:0,(anonymous_11)
FNDA:0,(anonymous_12)
FNDA:0,(anonymous_13)
FNDA:0,useAuth
DA:41,0
DA:44,0
DA:45,0
DA:46,0
DA:47,0
DA:49,0
DA:50,0
DA:51,0
DA:52,0
DA:53,0
DA:54,0
DA:56,0
DA:57,0
DA:63,0
DA:64,0
DA:65,0
DA:66,0
DA:67,0
DA:69,0
DA:72,0
DA:74,0
DA:75,0
DA:78,0
DA:84,0
DA:86,0
DA:95,0
DA:97,0
DA:98,0
DA:99,0
DA:102,0
DA:107,0
DA:108,0
DA:109,0
DA:115,0
DA:116,0
DA:127,0
DA:131,0
DA:132,0
DA:133,0
LF:39
LH:0
BRDA:52,0,0,0
BRDA:52,0,1,0
BRDA:53,1,0,0
BRDA:53,1,1,0
BRDA:54,2,0,0
BRDA:54,2,1,0
BRDA:86,3,0,0
BRDA:86,3,1,0
BRDA:96,4,0,0
BRDA:119,5,0,0
BRDA:119,5,1,0
BRDA:132,6,0,0
BRDA:132,6,1,0
BRF:13
BRH:0
end_of_record
TN:
SF:src/app/Layout.tsx
FN:10,Layout
FN:29,Header
FN:72,(anonymous_2)
FN:96,HeaderLink
FN:100,(anonymous_4)
FN:117,MobileTabBar
FN:134,(anonymous_6)
FN:139,(anonymous_7)
FN:156,Footer
FN:196,FooterColumn
FN:201,(anonymous_10)
FN:213,LogoMark
FN:224,HomeIcon
FN:227,SearchIcon
FN:230,HeartIcon
FN:233,BagIcon
FN:236,UserIcon
FNF:17
FNH:0
FNDA:0,Layout
FNDA:0,Header
FNDA:0,(anonymous_2)
FNDA:0,HeaderLink
FNDA:0,(anonymous_4)
FNDA:0,MobileTabBar
FNDA:0,(anonymous_6)
FNDA:0,(anonymous_7)
FNDA:0,Footer
FNDA:0,FooterColumn
FNDA:0,(anonymous_10)
FNDA:0,LogoMark
FNDA:0,HomeIcon
FNDA:0,SearchIcon
FNDA:0,HeartIcon
FNDA:0,BagIcon
FNDA:0,UserIcon
DA:11,0
DA:30,0
DA:31,0
DA:32,0
DA:33,0
DA:35,0
DA:72,0
DA:97,0
DA:101,0
DA:118,0
DA:119,0
DA:128,0
DA:135,0
DA:140,0
DA:157,0
DA:197,0
DA:202,0
DA:214,0
DA:221,0
DA:222,0
DA:225,0
DA:228,0
DA:231,0
DA:234,0
DA:237,0
LF:25
LH:0
BRDA:33,0,0,0
BRDA:33,0,1,0
BRDA:49,1,0,0
BRDA:49,1,1,0
BRDA:55,2,0,0
BRDA:55,2,1,0
BRDA:59,3,0,0
BRDA:59,3,1,0
BRDA:59,4,0,0
BRDA:59,4,1,0
BRDA:103,5,0,0
BRDA:103,5,1,0
BRDA:123,6,0,0
BRDA:123,6,1,0
BRDA:142,7,0,0
BRDA:142,7,1,0
BRF:16
BRH:0
end_of_record
TN:
SF:src/app/RequireAuth.tsx
FN:14,RequireAuth
FNF:1
FNH:0
FNDA:0,RequireAuth
DA:15,0
DA:16,0
DA:18,0
DA:20,0
DA:21,0
DA:23,0
DA:26,0
LF:7
LH:0
BRDA:18,0,0,0
BRDA:18,0,1,0
BRDA:20,1,0,0
BRDA:20,1,1,0
BRF:4
BRH:0
end_of_record
TN:
SF:src/app/RouteErrorBoundary.tsx
FN:12,RouteErrorBoundary
FNF:1
FNH:0
FNDA:0,RouteErrorBoundary
DA:13,0
DA:14,0
DA:16,0
LF:3
LH:0
BRDA:14,0,0,0
BRDA:14,0,1,0
BRDA:18,1,0,0
BRDA:18,1,1,0
BRDA:20,2,0,0
BRDA:20,2,1,0
BRDA:23,3,0,0
BRDA:23,3,1,0
BRF:8
BRH:0
end_of_record
TN:
SF:src/app/queryClient.ts
FN:12,createQueryClient
FN:18,(anonymous_1)
FN:23,(anonymous_2)
FNF:3
FNH:0
FNDA:0,createQueryClient
FNDA:0,(anonymous_1)
FNDA:0,(anonymous_2)
DA:13,0
DA:19,0
DA:20,0
DA:21,0
DA:23,0
LF:5
LH:0
BRDA:19,0,0,0
BRDA:19,0,1,0
BRDA:20,1,0,0
BRDA:20,1,1,0
BRDA:20,2,0,0
BRDA:20,2,1,0
BRF:6
BRH:0
end_of_record
TN:
SF:src/application/RepositoryContext.tsx
FN:8,RepositoryProvider
FN:18,useRepositories
FNF:2
FNH:2
FNDA:14,RepositoryProvider
FNDA:108,useRepositories
DA:6,2
DA:15,14
DA:19,108
DA:20,108
DA:21,0
DA:23,108
LF:6
LH:5
BRDA:20,0,0,0
BRDA:20,0,1,108
BRF:2
BRH:1
end_of_record
TN:
SF:src/application/ports.ts
FNF:0
FNH:0
LF:0
LH:0
BRF:0
BRH:0
end_of_record
TN:
SF:src/application/queryKeys.ts
FN:21,(anonymous_0)
FN:22,(anonymous_1)
FN:23,(anonymous_2)
FN:24,(anonymous_3)
FN:26,(anonymous_4)
FN:31,(anonymous_5)
FN:32,(anonymous_6)
FN:33,(anonymous_7)
FN:34,(anonymous_8)
FN:38,(anonymous_9)
FN:39,(anonymous_10)
FN:43,(anonymous_11)
FNF:12
FNH:2
FNDA:11,(anonymous_0)
FNDA:11,(anonymous_1)
FNDA:0,(anonymous_2)
FNDA:0,(anonymous_3)
FNDA:0,(anonymous_4)
FNDA:0,(anonymous_5)
FNDA:0,(anonymous_6)
FNDA:0,(anonymous_7)
FNDA:0,(anonymous_8)
FNDA:0,(anonymous_9)
FNDA:0,(anonymous_10)
FNDA:0,(anonymous_11)
DA:12,2
DA:21,11
DA:22,11
DA:23,0
DA:25,0
DA:26,0
DA:31,0
DA:32,0
DA:33,0
DA:34,0
DA:38,0
DA:39,0
DA:44,0
LF:13
LH:3
BRF:0
BRH:0
end_of_record
TN:
SF:src/application/hooks/useBookings.ts
FN:9,useBookings
FN:13,(anonymous_1)
FN:17,useBooking
FN:21,(anonymous_3)
FN:26,(anonymous_4)
FN:33,useCreateBooking
FN:38,(anonymous_6)
FN:40,(anonymous_7)
FN:54,useRefundPreview
FN:58,(anonymous_9)
FN:66,useCancelBooking
FN:71,(anonymous_11)
FN:73,(anonymous_12)
FN:82,useInvoice
FN:86,(anonymous_14)
FNF:15
FNH:0
FNDA:0,useBookings
FNDA:0,(anonymous_1)
FNDA:0,useBooking
FNDA:0,(anonymous_3)
FNDA:0,(anonymous_4)
FNDA:0,useCreateBooking
FNDA:0,(anonymous_6)
FNDA:0,(anonymous_7)
FNDA:0,useRefundPreview
FNDA:0,(anonymous_9)
FNDA:0,useCancelBooking
FNDA:0,(anonymous_11)
FNDA:0,(anonymous_12)
FNDA:0,useInvoice
FNDA:0,(anonymous_14)
DA:10,0
DA:11,0
DA:13,0
DA:18,0
DA:19,0
DA:21,0
DA:27,0
DA:28,0
DA:34,0
DA:35,0
DA:37,0
DA:39,0
DA:41,0
DA:42,0
DA:45,0
DA:55,0
DA:56,0
DA:58,0
DA:67,0
DA:68,0
DA:70,0
DA:72,0
DA:74,0
DA:75,0
DA:76,0
DA:83,0
DA:84,0
DA:86,0
LF:28
LH:0
BRDA:9,0,0,0
BRDA:20,1,0,0
BRDA:20,1,1,0
BRDA:28,2,0,0
BRDA:28,2,1,0
BRDA:54,3,0,0
BRDA:57,4,0,0
BRDA:57,4,1,0
BRDA:59,5,0,0
BRDA:59,5,1,0
BRDA:82,6,0,0
BRDA:85,7,0,0
BRDA:85,7,1,0
BRDA:87,8,0,0
BRDA:87,8,1,0
BRF:15
BRH:0
end_of_record
TN:
SF:src/application/hooks/useCatalog.ts
FN:15,useSearch
FN:19,(anonymous_1)
FN:22,(anonymous_2)
FN:31,useSuggestions
FN:35,(anonymous_4)
FN:43,useProperty
FN:47,(anonymous_6)
FN:53,useAvailability
FN:61,(anonymous_8)
FN:80,useQuote
FN:90,(anonymous_10)
FN:99,useAmenities
FN:103,(anonymous_12)
FNF:13
FNH:7
FNDA:11,useSearch
FNDA:6,(anonymous_1)
FNDA:16,(anonymous_2)
FNDA:11,useSuggestions
FNDA:1,(anonymous_4)
FNDA:0,useProperty
FNDA:0,(anonymous_6)
FNDA:0,useAvailability
FNDA:0,(anonymous_8)
FNDA:0,useQuote
FNDA:0,(anonymous_10)
FNDA:32,useAmenities
FNDA:6,(anonymous_12)
DA:16,11
DA:17,11
DA:20,6
DA:22,16
DA:32,11
DA:33,11
DA:35,1
DA:44,0
DA:45,0
DA:47,0
DA:58,0
DA:59,0
DA:62,0
DA:84,0
DA:85,0
DA:88,0
DA:90,0
DA:100,32
DA:101,32
DA:103,6
LF:20
LH:10
BRDA:15,0,0,11
BRDA:20,1,0,0
BRDA:20,1,1,6
BRDA:22,2,0,16
BRDA:22,2,1,16
BRDA:46,3,0,0
BRDA:46,3,1,0
BRDA:60,4,0,0
BRDA:60,4,1,0
BRDA:60,5,0,0
BRDA:60,5,1,0
BRDA:60,6,0,0
BRDA:60,6,1,0
BRDA:63,7,0,0
BRDA:63,7,1,0
BRDA:63,7,2,0
BRDA:86,8,0,0
BRDA:86,8,1,0
BRDA:86,8,2,0
BRDA:86,8,3,0
BRDA:86,8,4,0
BRDA:89,9,0,0
BRDA:89,9,1,0
BRF:23
BRH:4
end_of_record
TN:
SF:src/application/hooks/usePayments.ts
FN:7,usePayments
FN:11,(anonymous_1)
FN:15,usePayment
FN:19,(anonymous_3)
FN:24,useCreateOrder
FN:27,(anonymous_5)
FN:35,useVerifyPayment
FN:40,(anonymous_7)
FN:45,(anonymous_8)
FNF:9
FNH:0
FNDA:0,usePayments
FNDA:0,(anonymous_1)
FNDA:0,usePayment
FNDA:0,(anonymous_3)
FNDA:0,useCreateOrder
FNDA:0,(anonymous_5)
FNDA:0,useVerifyPayment
FNDA:0,(anonymous_7)
FNDA:0,(anonymous_8)
DA:8,0
DA:9,0
DA:11,0
DA:16,0
DA:17,0
DA:19,0
DA:25,0
DA:26,0
DA:27,0
DA:36,0
DA:37,0
DA:39,0
DA:44,0
DA:48,0
DA:49,0
LF:15
LH:0
BRDA:18,0,0,0
BRDA:18,0,1,0
BRF:2
BRH:0
end_of_record
TN:
SF:src/application/hooks/useReviews.ts
FN:8,usePropertyReviews
FN:12,(anonymous_1)
FN:17,useMyReviews
FN:21,(anonymous_3)
FN:25,useSubmitReview
FN:29,(anonymous_5)
FN:30,(anonymous_6)
FN:49,useEditReview
FN:53,(anonymous_8)
FN:55,(anonymous_9)
FNF:10
FNH:0
FNDA:0,usePropertyReviews
FNDA:0,(anonymous_1)
FNDA:0,useMyReviews
FNDA:0,(anonymous_3)
FNDA:0,useSubmitReview
FNDA:0,(anonymous_5)
FNDA:0,(anonymous_6)
FNDA:0,useEditReview
FNDA:0,(anonymous_8)
FNDA:0,(anonymous_9)
DA:9,0
DA:10,0
DA:12,0
DA:18,0
DA:19,0
DA:21,0
DA:26,0
DA:27,0
DA:28,0
DA:29,0
DA:31,0
DA:32,0
DA:50,0
DA:51,0
DA:52,0
DA:54,0
DA:56,0
DA:57,0
LF:18
LH:0
BRDA:8,0,0,0
BRDA:11,1,0,0
BRDA:11,1,1,0
BRF:3
BRH:0
end_of_record
TN:
SF:src/application/hooks/useSearchParamsState.ts
FN:28,num
FN:34,date
FN:39,criteriaFromParams
FN:68,paramsFromCriteria
FN:70,(anonymous_4)
FN:72,(anonymous_5)
FN:97,useSearchCriteria
FN:99,(anonymous_7)
FN:101,(anonymous_8)
FN:112,(anonymous_9)
FN:116,(anonymous_10)
FN:123,(anonymous_11)
FN:135,(anonymous_12)
FNF:13
FNH:6
FNDA:180,num
FNDA:36,date
FNDA:18,criteriaFromParams
FNDA:0,paramsFromCriteria
FNDA:0,(anonymous_4)
FNDA:0,(anonymous_5)
FNDA:43,useSearchCriteria
FNDA:18,(anonymous_7)
FNDA:0,(anonymous_8)
FNDA:0,(anonymous_9)
FNDA:0,(anonymous_10)
FNDA:0,(anonymous_11)
FNDA:18,(anonymous_12)
DA:19,1
DA:29,180
DA:30,6
DA:31,6
DA:35,36
DA:40,18
DA:41,18
DA:62,18
DA:63,342
DA:65,18
DA:69,0
DA:70,0
DA:71,0
DA:72,0
DA:73,0
DA:75,0
DA:76,0
DA:77,0
DA:78,0
DA:79,0
DA:80,0
DA:81,0
DA:82,0
DA:83,0
DA:84,0
DA:85,0
DA:86,0
DA:87,0
DA:88,0
DA:89,0
DA:90,0
DA:91,0
DA:92,0
DA:93,0
DA:94,0
DA:98,43
DA:99,43
DA:101,43
DA:103,0
DA:106,0
DA:107,0
DA:112,43
DA:114,0
DA:115,0
DA:116,0
DA:118,0
DA:123,43
DA:126,0
DA:127,0
DA:128,0
DA:129,0
DA:130,0
DA:132,0
DA:135,43
DA:136,18
DA:137,18
DA:138,18
DA:139,18
DA:140,18
DA:141,18
DA:142,18
DA:143,18
DA:146,43
LF:63
LH:25
BRDA:29,0,0,174
BRDA:29,0,1,6
BRDA:29,1,0,180
BRDA:29,1,1,6
BRDA:31,2,0,6
BRDA:31,2,1,0
BRDA:35,3,0,18
BRDA:35,3,1,18
BRDA:35,4,0,36
BRDA:35,4,1,18
BRDA:42,5,0,18
BRDA:42,5,1,15
BRDA:43,6,0,18
BRDA:43,6,1,18
BRDA:58,7,0,0
BRDA:58,7,1,18
BRDA:59,8,0,18
BRDA:59,8,1,18
BRDA:60,9,0,0
BRDA:60,9,1,18
BRDA:63,10,0,309
BRDA:63,10,1,33
BRDA:63,11,0,342
BRDA:63,11,1,63
BRDA:63,11,2,36
BRDA:71,12,0,0
BRDA:71,12,1,0
BRDA:71,13,0,0
BRDA:71,13,1,0
BRDA:72,14,0,0
BRDA:72,14,1,0
BRDA:91,15,0,0
BRDA:91,15,1,0
BRDA:102,16,0,0
BRDA:107,17,0,0
BRDA:107,17,1,0
BRDA:114,18,0,0
BRDA:114,18,1,0
BRDA:115,19,0,0
BRDA:115,19,1,0
BRDA:130,20,0,0
BRDA:130,20,1,0
BRDA:137,21,0,3
BRDA:137,21,1,15
BRDA:138,22,0,3
BRDA:138,22,1,15
BRDA:139,23,0,0
BRDA:139,23,1,18
BRDA:139,24,0,18
BRDA:139,24,1,18
BRDA:140,25,0,3
BRDA:140,25,1,15
BRDA:141,26,0,0
BRDA:141,26,1,18
BRDA:142,27,0,0
BRDA:142,27,1,18
BRF:56
BRH:33
end_of_record
TN:
SF:src/application/hooks/useWishlist.ts
FN:9,useWishlist
FN:13,(anonymous_1)
FN:18,useToggleWishlist
FN:23,(anonymous_3)
FN:29,(anonymous_4)
FN:35,(anonymous_5)
FN:36,(anonymous_6)
FN:40,(anonymous_7)
FN:44,(anonymous_8)
FN:50,useClearWishlist
FN:54,(anonymous_10)
FN:55,(anonymous_11)
FNF:12
FNH:4
FNDA:27,useWishlist
FNDA:12,(anonymous_1)
FNDA:12,useToggleWishlist
FNDA:0,(anonymous_3)
FNDA:0,(anonymous_4)
FNDA:0,(anonymous_5)
FNDA:0,(anonymous_6)
FNDA:0,(anonymous_7)
FNDA:0,(anonymous_8)
FNDA:15,useClearWishlist
FNDA:0,(anonymous_10)
FNDA:0,(anonymous_11)
DA:10,27
DA:11,27
DA:13,12
DA:19,12
DA:20,12
DA:22,12
DA:24,0
DA:25,0
DA:30,0
DA:31,0
DA:32,0
DA:35,0
DA:36,0
DA:38,0
DA:42,0
DA:45,0
DA:51,15
DA:52,15
DA:53,15
DA:54,0
DA:55,0
LF:21
LH:9
BRDA:24,0,0,0
BRDA:24,0,1,0
BRDA:31,1,0,0
BRDA:31,1,1,0
BRDA:34,2,0,0
BRDA:34,2,1,0
BRDA:42,3,0,0
BRDA:42,3,1,0
BRF:8
BRH:0
end_of_record
TN:
SF:src/core/config.ts
FN:21,required
FNF:1
FNH:1
FNDA:2,required
DA:22,2
DA:23,2
DA:24,0
DA:28,2
DA:31,2
LF:5
LH:4
BRDA:22,0,0,2
BRDA:22,0,1,0
BRDA:23,1,0,0
BRDA:23,1,1,2
BRDA:23,2,0,2
BRDA:23,2,1,2
BRDA:36,3,0,2
BRDA:36,3,1,0
BRF:8
BRH:5
end_of_record
TN:
SF:src/core/dates.ts
FN:22,isIsoDate
FN:27,today
FN:31,toIsoDate
FN:41,asUtc
FN:45,addDays
FN:51,nightsBetween
FN:55,isBefore
FN:59,isPast
FN:64,nightsIn
FN:75,isValidStay
FN:90,dateFormatter
FN:100,formatDate
FN:106,formatDateShort
FN:111,formatStay
FN:118,formatDateTime
FN:126,formatRelative
FN:146,formatCountdown
FNF:17
FNH:15
FNDA:27,isIsoDate
FNDA:17,today
FNDA:17,toIsoDate
FNDA:56,asUtc
FNDA:16,addDays
FNDA:11,nightsBetween
FNDA:7,isBefore
FNDA:0,isPast
FNDA:1,nightsIn
FNDA:5,isValidStay
FNDA:3,dateFormatter
FNDA:2,formatDate
FNDA:1,formatDateShort
FNDA:2,formatStay
FNDA:0,formatDateTime
FNDA:7,formatRelative
FNDA:3,formatCountdown
DA:19,3
DA:20,3
DA:23,27
DA:28,17
DA:34,17
DA:35,17
DA:36,17
DA:37,17
DA:42,56
DA:46,16
DA:47,16
DA:52,11
DA:56,7
DA:60,0
DA:65,1
DA:66,3
DA:67,1
DA:76,5
DA:77,5
DA:88,3
DA:91,3
DA:92,3
DA:93,3
DA:94,2
DA:95,2
DA:97,3
DA:101,2
DA:107,1
DA:112,2
DA:113,2
DA:114,2
DA:119,0
DA:120,0
DA:121,0
DA:122,0
DA:127,7
DA:128,7
DA:129,7
DA:130,7
DA:131,7
DA:132,7
DA:139,7
DA:140,21
DA:142,0
DA:147,3
DA:148,3
DA:149,3
DA:150,3
LF:48
LH:42
BRDA:23,0,0,27
BRDA:23,0,1,26
BRDA:78,1,0,5
BRDA:78,1,1,5
BRDA:78,1,2,4
BRDA:78,1,3,3
BRDA:78,1,4,3
BRDA:93,2,0,2
BRDA:93,2,1,1
BRDA:100,3,0,2
BRDA:106,4,0,1
BRDA:111,5,0,2
BRDA:113,6,0,1
BRDA:113,6,1,1
BRDA:118,7,0,0
BRDA:119,8,0,0
BRDA:119,8,1,0
BRDA:121,9,0,0
BRDA:121,9,1,0
BRDA:126,10,0,7
BRDA:127,11,0,0
BRDA:127,11,1,7
BRDA:129,12,0,0
BRDA:129,12,1,7
BRDA:140,13,0,7
BRDA:140,13,1,14
BRF:26
BRH:19
end_of_record
TN:
SF:src/core/errors.ts
FN:47,constructor
FN:65,fieldIssues
FN:70,isAuthError
FN:75,isTransient
FN:82,constructor_2
FN:89,isApiError
FN:93,hasErrorCode
FN:104,messageFor
FNF:8
FNH:3
FNDA:5,constructor
FNDA:0,fieldIssues
FNDA:0,isAuthError
FNDA:1,isTransient
FNDA:1,constructor_2
FNDA:0,isApiError
FNDA:0,hasErrorCode
FNDA:0,messageFor
DA:10,4
DA:55,5
DA:56,5
DA:57,5
DA:58,5
DA:59,5
DA:60,5
DA:61,5
DA:66,0
DA:67,0
DA:71,0
DA:76,1
DA:83,1
DA:84,1
DA:85,1
DA:90,0
DA:94,0
DA:105,0
DA:106,0
DA:107,0
DA:108,0
DA:110,0
LF:22
LH:12
BRDA:59,0,0,5
BRDA:59,0,1,0
BRDA:60,1,0,5
BRDA:60,1,1,0
BRDA:61,2,0,5
BRDA:61,2,1,5
BRDA:67,3,0,0
BRDA:67,3,1,0
BRDA:76,4,0,1
BRDA:76,4,1,1
BRDA:94,5,0,0
BRDA:94,5,1,0
BRDA:105,6,0,0
BRDA:105,6,1,0
BRDA:106,7,0,0
BRDA:106,7,1,0
BRDA:107,8,0,0
BRDA:107,8,1,0
BRF:18
BRH:6
end_of_record
TN:
SF:src/core/money.ts
FN:15,money
FN:19,zero
FN:23,addMoney
FN:28,subtractMoney
FN:33,multiplyMoney
FN:37,assertSameCurrency
FN:47,formatterFor
FN:65,exponentFor
FN:77,formatMoney
FN:89,formatMinor
FN:99,formatPerNight
FNF:11
FNH:9
FNDA:47,money
FNDA:0,zero
FNDA:12,addMoney
FNDA:1,subtractMoney
FNDA:0,multiplyMoney
FNDA:13,assertSameCurrency
FNDA:18,formatterFor
FNDA:18,exponentFor
FNDA:18,formatMoney
FNDA:13,formatMinor
FNDA:1,formatPerNight
DA:16,47
DA:20,0
DA:24,12
DA:25,12
DA:29,1
DA:30,1
DA:34,0
DA:38,13
DA:41,1
DA:45,3
DA:48,18
DA:49,18
DA:50,18
DA:53,5
DA:59,5
DA:61,18
DA:66,18
DA:69,3
DA:78,18
DA:79,18
DA:80,18
DA:81,18
DA:94,13
DA:95,11
DA:100,1
DA:101,1
LF:26
LH:24
BRDA:38,0,0,1
BRDA:38,0,1,12
BRDA:50,1,0,5
BRDA:50,1,1,13
BRDA:66,2,0,1
BRDA:66,2,1,17
BRDA:77,3,0,18
BRDA:80,4,0,18
BRDA:80,4,1,12
BRDA:83,5,0,18
BRDA:83,5,1,18
BRDA:84,6,0,11
BRDA:84,6,1,7
BRDA:92,7,0,13
BRDA:94,8,0,2
BRDA:94,8,1,11
BRDA:94,9,0,13
BRDA:94,9,1,12
BRDA:100,10,0,1
BRDA:100,10,1,0
BRF:20
BRH:19
end_of_record
TN:
SF:src/core/urls.ts
FN:10,safeNext
FNF:1
FNH:1
FNDA:10,safeNext
DA:11,10
DA:14,7
DA:16,3
DA:17,2
LF:4
LH:4
BRDA:10,0,0,10
BRDA:11,1,0,3
BRDA:11,1,1,7
BRDA:14,2,0,4
BRDA:14,2,1,3
BRDA:14,3,0,7
BRDA:14,3,1,4
BRDA:16,4,0,1
BRDA:16,4,1,2
BRF:9
BRH:9
end_of_record
TN:
SF:src/domain/booking.ts
FN:161,statusPresentation
FN:166,isPayable
FN:170,isUpcoming
FN:174,isActive
FN:183,canRequestCancellation
FN:192,canReview
FN:196,guestSummary
FN:209,plural
FNF:8
FNH:0
FNDA:0,statusPresentation
FNDA:0,isPayable
FNDA:0,isUpcoming
FNDA:0,isActive
FNDA:0,canRequestCancellation
FNDA:0,canReview
FNDA:0,guestSummary
FNDA:0,plural
DA:5,0
DA:137,0
DA:162,0
DA:167,0
DA:171,0
DA:175,0
DA:184,0
DA:193,0
DA:202,0
DA:203,0
DA:204,0
DA:205,0
DA:206,0
DA:210,0
LF:14
LH:0
BRDA:162,0,0,0
BRDA:162,0,1,0
BRDA:171,1,0,0
BRDA:171,1,1,0
BRDA:175,2,0,0
BRDA:175,2,1,0
BRDA:175,2,2,0
BRDA:185,3,0,0
BRDA:185,3,1,0
BRDA:185,3,2,0
BRDA:203,4,0,0
BRDA:203,4,1,0
BRDA:204,5,0,0
BRDA:204,5,1,0
BRDA:205,6,0,0
BRDA:205,6,1,0
BRDA:210,7,0,0
BRDA:210,7,1,0
BRDA:210,8,0,0
BRDA:210,8,1,0
BRF:20
BRH:0
end_of_record
TN:
SF:src/domain/payment.ts
FN:82,methodLabel
FN:90,paymentStatusLabel
FNF:2
FNH:0
FNDA:0,methodLabel
FNDA:0,paymentStatusLabel
DA:84,0
DA:86,0
DA:87,0
DA:91,0
LF:4
LH:0
BRDA:84,0,0,0
BRDA:84,0,1,0
BRDA:86,1,0,0
BRDA:86,1,1,0
BRDA:87,2,0,0
BRDA:87,2,1,0
BRDA:92,3,0,0
BRDA:92,3,1,0
BRF:8
BRH:0
end_of_record
TN:
SF:src/domain/policies.ts
FN:54,cancellationPolicy
FNF:1
FNH:1
FNDA:5,cancellationPolicy
DA:16,1
DA:47,1
DA:55,5
DA:64,1
LF:4
LH:4
BRDA:55,0,0,5
BRDA:55,0,1,0
BRF:2
BRH:1
end_of_record
TN:
SF:src/domain/property.ts
FN:136,coverImage
FN:137,(anonymous_1)
FN:140,propertyTypeLabel
FN:141,(anonymous_3)
FNF:4
FNH:0
FNDA:0,coverImage
FNDA:0,(anonymous_1)
FNDA:0,propertyTypeLabel
FNDA:0,(anonymous_3)
DA:7,1
DA:137,0
DA:141,0
LF:3
LH:1
BRDA:137,0,0,0
BRDA:137,0,1,0
BRDA:141,1,0,0
BRDA:141,1,1,0
BRF:4
BRH:0
end_of_record
TN:
SF:src/domain/review.ts
FN:53,ratingLabel
FN:62,validateDraft
FN:72,summarise
FNF:3
FNH:0
FNDA:0,ratingLabel
FNDA:0,validateDraft
FNDA:0,summarise
DA:43,2
DA:51,2
DA:54,0
DA:55,0
DA:56,0
DA:57,0
DA:58,0
DA:59,0
DA:63,0
DA:64,0
DA:65,0
DA:66,0
DA:68,0
DA:73,0
DA:74,0
DA:76,0
DA:77,0
DA:78,0
DA:80,0
DA:81,0
DA:82,0
DA:83,0
DA:84,0
DA:85,0
DA:86,0
DA:90,0
DA:91,0
DA:93,0
LF:28
LH:2
BRDA:54,0,0,0
BRDA:54,0,1,0
BRDA:55,1,0,0
BRDA:55,1,1,0
BRDA:56,2,0,0
BRDA:56,2,1,0
BRDA:57,3,0,0
BRDA:57,3,1,0
BRDA:58,4,0,0
BRDA:58,4,1,0
BRDA:64,5,0,0
BRDA:64,5,1,0
BRDA:64,6,0,0
BRDA:64,6,1,0
BRDA:65,7,0,0
BRDA:65,7,1,0
BRDA:73,8,0,0
BRDA:73,8,1,0
BRDA:83,9,0,0
BRDA:83,9,1,0
BRDA:85,10,0,0
BRDA:85,10,1,0
BRF:22
BRH:0
end_of_record
TN:
SF:src/domain/user.ts
FN:48,displayName
FN:52,initials
FN:58,(anonymous_2)
FN:62,hasPermission
FN:66,isVendor
FNF:5
FNH:0
FNDA:0,displayName
FNDA:0,initials
FNDA:0,(anonymous_2)
FNDA:0,hasPermission
FNDA:0,isVendor
DA:49,0
DA:53,0
DA:54,0
DA:58,0
DA:63,0
DA:67,0
LF:6
LH:0
BRDA:49,0,0,0
BRDA:49,0,1,0
BRDA:49,0,2,0
BRDA:53,1,0,0
BRDA:53,1,1,0
BRDA:58,2,0,0
BRDA:58,2,1,0
BRDA:63,3,0,0
BRDA:63,3,1,0
BRDA:67,4,0,0
BRDA:67,4,1,0
BRF:11
BRH:0
end_of_record
TN:
SF:src/domain/wishlist.ts
FN:34,isSaved
FN:35,(anonymous_1)
FN:39,sortByRecent
FN:40,(anonymous_3)
FNF:4
FNH:3
FNDA:12,isSaved
FNDA:7,(anonymous_1)
FNDA:12,sortByRecent
FNDA:0,(anonymous_3)
DA:35,12
DA:40,12
LF:2
LH:2
BRF:0
BRH:0
end_of_record
TN:
SF:src/features/checkout/HoldCountdown.tsx
FN:15,HoldCountdown
FN:24,(anonymous_1)
FN:33,(anonymous_2)
FN:36,(anonymous_3)
FN:39,(anonymous_4)
FN:69,ClockIcon
FNF:6
FNH:0
FNDA:0,HoldCountdown
FNDA:0,(anonymous_1)
FNDA:0,(anonymous_2)
FNDA:0,(anonymous_3)
FNDA:0,(anonymous_4)
FNDA:0,ClockIcon
DA:22,0
DA:24,0
DA:28,0
DA:33,0
DA:34,0
DA:36,0
DA:39,0
DA:40,0
DA:43,0
DA:45,0
DA:70,0
LF:11
LH:0
BRDA:40,0,0,0
BRDA:40,0,1,0
BRDA:49,1,0,0
BRDA:49,1,1,0
BRDA:57,2,0,0
BRDA:57,2,1,0
BRF:6
BRH:0
end_of_record
TN:
SF:src/features/checkout/razorpay.ts
FN:59,loadRazorpay
FN:64,(anonymous_1)
FN:68,(anonymous_2)
FN:69,(anonymous_3)
FN:91,openCheckout
FN:116,(anonymous_5)
FNF:6
FNH:0
FNDA:0,loadRazorpay
FNDA:0,(anonymous_1)
FNDA:0,(anonymous_2)
FNDA:0,(anonymous_3)
FNDA:0,openCheckout
FNDA:0,(anonymous_5)
DA:57,0
DA:60,0
DA:64,0
DA:65,0
DA:66,0
DA:67,0
DA:68,0
DA:69,0
DA:70,0
DA:71,0
DA:73,0
DA:75,0
DA:92,0
DA:93,0
DA:95,0
DA:116,0
DA:117,0
LF:17
LH:0
BRDA:60,0,0,0
BRDA:60,0,1,0
BRDA:93,1,0,0
BRDA:93,1,1,0
BRF:4
BRH:0
end_of_record
TN:
SF:src/features/property/BookingWidget.tsx
FN:34,BookingWidget
FN:63,(anonymous_1)
FN:78,reserve
FN:120,(anonymous_3)
FN:120,(anonymous_4)
FN:123,(anonymous_5)
FN:137,(anonymous_6)
FN:138,(anonymous_7)
FN:149,(anonymous_8)
FN:149,(anonymous_9)
FN:159,(anonymous_10)
FN:159,(anonymous_11)
FN:166,(anonymous_12)
FN:166,(anonymous_13)
FN:173,(anonymous_14)
FN:173,(anonymous_15)
FN:236,Row
FN:245,DateInput
FN:263,(anonymous_18)
FN:270,NumberInput
FN:291,(anonymous_20)
FNF:21
FNH:0
FNDA:0,BookingWidget
FNDA:0,(anonymous_1)
FNDA:0,reserve
FNDA:0,(anonymous_3)
FNDA:0,(anonymous_4)
FNDA:0,(anonymous_5)
FNDA:0,(anonymous_6)
FNDA:0,(anonymous_7)
FNDA:0,(anonymous_8)
FNDA:0,(anonymous_9)
FNDA:0,(anonymous_10)
FNDA:0,(anonymous_11)
FNDA:0,(anonymous_12)
FNDA:0,(anonymous_13)
FNDA:0,(anonymous_14)
FNDA:0,(anonymous_15)
FNDA:0,Row
FNDA:0,DateInput
FNDA:0,(anonymous_18)
FNDA:0,NumberInput
FNDA:0,(anonymous_20)
DA:41,0
DA:42,0
DA:44,0
DA:59,0
DA:61,0
DA:62,0
DA:63,0
DA:65,0
DA:73,0
DA:75,0
DA:76,0
DA:79,0
DA:88,0
DA:91,0
DA:120,0
DA:124,0
DA:138,0
DA:149,0
DA:159,0
DA:166,0
DA:173,0
DA:237,0
DA:256,0
DA:263,0
DA:283,0
DA:291,0
LF:26
LH:0
BRDA:45,0,0,0
BRDA:45,0,1,0
BRDA:46,1,0,0
BRDA:46,1,1,0
BRDA:47,2,0,0
BRDA:47,2,1,0
BRDA:48,3,0,0
BRDA:48,3,1,0
BRDA:49,4,0,0
BRDA:49,4,1,0
BRDA:50,5,0,0
BRDA:50,5,1,0
BRDA:51,6,0,0
BRDA:51,6,1,0
BRDA:51,6,2,0
BRDA:59,7,0,0
BRDA:59,7,1,0
BRDA:59,7,2,0
BRDA:62,8,0,0
BRDA:62,8,1,0
BRDA:67,9,0,0
BRDA:67,9,1,0
BRDA:75,10,0,0
BRDA:75,10,1,0
BRDA:75,10,2,0
BRDA:76,11,0,0
BRDA:76,11,1,0
BRDA:76,11,2,0
BRDA:95,12,0,0
BRDA:95,12,1,0
BRDA:106,13,0,0
BRDA:106,13,1,0
BRDA:112,14,0,0
BRDA:112,14,1,0
BRDA:141,15,0,0
BRDA:141,15,1,0
BRDA:141,16,0,0
BRDA:141,16,1,0
BRDA:148,17,0,0
BRDA:148,17,1,0
BRDA:158,18,0,0
BRDA:158,18,1,0
BRDA:165,19,0,0
BRDA:165,19,1,0
BRDA:172,20,0,0
BRDA:172,20,1,0
BRDA:180,21,0,0
BRDA:180,21,1,0
BRDA:182,22,0,0
BRDA:182,22,1,0
BRDA:186,23,0,0
BRDA:186,23,1,0
BRDA:190,24,0,0
BRDA:190,24,1,0
BRDA:192,25,0,0
BRDA:192,25,1,0
BRDA:192,26,0,0
BRDA:192,26,1,0
BRDA:195,27,0,0
BRDA:195,27,1,0
BRDA:198,28,0,0
BRDA:198,28,1,0
BRDA:202,29,0,0
BRDA:202,29,1,0
BRDA:205,30,0,0
BRDA:205,30,1,0
BRDA:208,31,0,0
BRDA:208,31,1,0
BRDA:211,32,0,0
BRDA:211,32,1,0
BRDA:224,33,0,0
BRDA:224,33,1,0
BRDA:291,34,0,0
BRDA:291,34,1,0
BRF:74
BRH:0
end_of_record
TN:
SF:src/features/property/Gallery.tsx
FN:13,Gallery
FN:32,(anonymous_1)
FN:43,(anonymous_2)
FN:47,(anonymous_3)
FN:67,(anonymous_4)
FN:81,(anonymous_5)
FN:85,(anonymous_6)
FNF:7
FNH:0
FNDA:0,Gallery
FNDA:0,(anonymous_1)
FNDA:0,(anonymous_2)
FNDA:0,(anonymous_3)
FNDA:0,(anonymous_4)
FNDA:0,(anonymous_5)
FNDA:0,(anonymous_6)
DA:14,0
DA:16,0
DA:17,0
DA:24,0
DA:25,0
DA:27,0
DA:32,0
DA:44,0
DA:47,0
DA:67,0
DA:82,0
DA:85,0
LF:12
LH:0
BRDA:16,0,0,0
BRDA:16,0,1,0
BRDA:37,1,0,0
BRDA:37,1,1,0
BRDA:52,2,0,0
BRDA:52,2,1,0
BRDA:56,3,0,0
BRDA:56,3,1,0
BRDA:56,3,2,0
BRDA:73,4,0,0
BRDA:73,4,1,0
BRDA:74,5,0,0
BRDA:74,5,1,0
BRDA:74,6,0,0
BRDA:74,6,1,0
BRDA:77,7,0,0
BRDA:77,7,1,0
BRDA:77,8,0,0
BRDA:77,8,1,0
BRDA:78,9,0,0
BRDA:78,9,1,0
BRDA:90,10,0,0
BRDA:90,10,1,0
BRF:23
BRH:0
end_of_record
TN:
SF:src/features/property/PropertyCard.tsx
FN:19,PropertyCard
FN:120,PropertyCardSkeleton
FNF:2
FNH:2
FNDA:5,PropertyCard
FNDA:36,PropertyCardSkeleton
DA:28,5
DA:29,5
DA:31,5
DA:121,36
LF:4
LH:4
BRDA:29,0,0,2
BRDA:29,0,1,3
BRDA:35,1,0,5
BRDA:35,1,1,1
BRDA:39,2,0,0
BRDA:39,2,1,5
BRDA:57,3,0,5
BRDA:57,3,1,5
BRDA:62,4,0,5
BRDA:62,4,1,1
BRDA:81,5,0,5
BRDA:81,5,1,0
BRDA:91,6,0,1
BRDA:91,6,1,4
BRDA:97,7,0,1
BRDA:97,7,1,0
BRDA:97,8,0,0
BRDA:97,8,1,1
BRDA:100,9,0,4
BRDA:100,9,1,0
BRF:20
BRH:15
end_of_record
TN:
SF:src/features/reviews/ReviewList.tsx
FN:15,ReviewSummaryPanel
FN:52,(anonymous_1)
FN:71,(anonymous_2)
FN:89,ReviewList
FN:105,(anonymous_4)
FNF:5
FNH:0
FNDA:0,ReviewSummaryPanel
FNDA:0,(anonymous_1)
FNDA:0,(anonymous_2)
FNDA:0,ReviewList
FNDA:0,(anonymous_4)
DA:24,0
DA:25,0
DA:32,0
DA:33,0
DA:35,0
DA:53,0
DA:54,0
DA:55,0
DA:72,0
DA:73,0
DA:74,0
DA:90,0
DA:92,0
DA:93,0
DA:103,0
DA:106,0
LF:16
LH:0
BRDA:24,0,0,0
BRDA:24,0,1,0
BRDA:32,1,0,0
BRDA:32,1,1,0
BRDA:46,2,0,0
BRDA:46,2,1,0
BRDA:50,3,0,0
BRDA:50,3,1,0
BRDA:53,4,0,0
BRDA:53,4,1,0
BRDA:54,5,0,0
BRDA:54,5,1,0
BRDA:69,6,0,0
BRDA:69,6,1,0
BRDA:69,6,2,0
BRDA:73,7,0,0
BRDA:73,7,1,0
BRDA:90,8,0,0
BRDA:90,8,1,0
BRDA:92,9,0,0
BRDA:92,9,1,0
BRDA:117,10,0,0
BRDA:117,10,1,0
BRDA:120,11,0,0
BRDA:120,11,1,0
BRF:25
BRH:0
end_of_record
TN:
SF:src/features/search/Filters.tsx
FN:34,Filters
FN:37,(anonymous_1)
FN:56,(anonymous_2)
FN:63,(anonymous_3)
FN:80,(anonymous_4)
FN:88,(anonymous_5)
FN:100,(anonymous_6)
FN:111,(anonymous_7)
FN:118,(anonymous_8)
FN:139,(anonymous_9)
FN:145,(anonymous_10)
FN:153,(anonymous_11)
FN:158,(anonymous_12)
FN:174,FilterGroup
FNF:14
FNH:5
FNDA:32,Filters
FNDA:0,(anonymous_1)
FNDA:160,(anonymous_2)
FNDA:0,(anonymous_3)
FNDA:128,(anonymous_4)
FNDA:0,(anonymous_5)
FNDA:0,(anonymous_6)
FNDA:96,(anonymous_7)
FNDA:0,(anonymous_8)
FNDA:0,(anonymous_9)
FNDA:0,(anonymous_10)
FNDA:0,(anonymous_11)
FNDA:0,(anonymous_12)
FNDA:128,FilterGroup
DA:27,1
DA:35,32
DA:36,32
DA:37,32
DA:39,32
DA:57,160
DA:58,160
DA:63,0
DA:81,128
DA:82,128
DA:89,0
DA:100,0
DA:112,96
DA:113,96
DA:118,0
DA:139,0
DA:145,0
DA:154,0
DA:158,0
DA:175,128
LF:20
LH:12
BRDA:36,0,0,32
BRDA:43,1,0,32
BRDA:43,1,1,2
BRDA:57,2,0,160
BRDA:57,2,1,150
BRDA:66,3,0,2
BRDA:66,3,1,158
BRDA:81,4,0,128
BRDA:81,4,1,32
BRDA:96,5,0,32
BRDA:96,5,1,32
BRDA:96,5,2,0
BRDA:118,6,0,0
BRDA:118,6,1,0
BRDA:121,7,0,2
BRDA:121,7,1,94
BRDA:138,8,0,32
BRDA:138,8,1,32
BRDA:139,9,0,0
BRDA:139,9,1,0
BRDA:145,10,0,0
BRDA:145,10,1,0
BRDA:150,11,0,32
BRDA:150,11,1,0
BRDA:157,12,0,0
BRDA:157,12,1,0
BRDA:165,13,0,32
BRDA:165,13,1,16
BRF:28
BRH:18
end_of_record
TN:
SF:src/features/search/SearchBar.tsx
FN:24,SearchBar
FN:39,(anonymous_1)
FN:40,onPointerDown
FN:44,(anonymous_3)
FN:47,submit
FN:85,(anonymous_5)
FN:92,(anonymous_6)
FN:106,(anonymous_7)
FN:112,(anonymous_8)
FN:143,(anonymous_9)
FN:162,(anonymous_10)
FN:181,GuestStepper
FN:200,(anonymous_12)
FN:213,(anonymous_13)
FNF:14
FNH:4
FNDA:11,SearchBar
FNDA:6,(anonymous_1)
FNDA:0,onPointerDown
FNDA:6,(anonymous_3)
FNDA:0,submit
FNDA:0,(anonymous_5)
FNDA:0,(anonymous_6)
FNDA:0,(anonymous_7)
FNDA:0,(anonymous_8)
FNDA:0,(anonymous_9)
FNDA:0,(anonymous_10)
FNDA:33,GuestStepper
FNDA:0,(anonymous_12)
FNDA:0,(anonymous_13)
DA:25,11
DA:26,11
DA:27,11
DA:29,11
DA:30,11
DA:31,11
DA:32,11
DA:33,11
DA:34,11
DA:36,11
DA:37,11
DA:39,11
DA:41,0
DA:43,6
DA:44,6
DA:48,0
DA:49,0
DA:58,0
DA:59,0
DA:62,11
DA:63,11
DA:65,11
DA:86,0
DA:89,0
DA:90,0
DA:92,0
DA:107,0
DA:113,0
DA:114,0
DA:115,0
DA:118,0
DA:144,0
DA:145,0
DA:147,0
DA:162,0
DA:194,33
DA:200,0
DA:213,0
LF:38
LH:18
BRDA:24,0,0,11
BRDA:24,1,0,11
BRDA:26,2,0,11
BRDA:26,2,1,10
BRDA:29,3,0,11
BRDA:29,3,1,6
BRDA:30,4,0,11
BRDA:30,4,1,6
BRDA:31,5,0,11
BRDA:31,5,1,10
BRDA:32,6,0,11
BRDA:32,6,1,11
BRDA:33,7,0,11
BRDA:33,7,1,11
BRDA:36,8,0,11
BRDA:41,9,0,0
BRDA:41,9,1,0
BRDA:50,10,0,0
BRDA:50,10,1,0
BRDA:51,11,0,0
BRDA:51,11,1,0
BRDA:52,12,0,0
BRDA:52,12,1,0
BRDA:53,13,0,0
BRDA:53,13,1,0
BRDA:55,14,0,0
BRDA:55,14,1,0
BRDA:58,15,0,0
BRDA:58,15,1,0
BRDA:63,16,0,5
BRDA:63,16,1,6
BRDA:73,17,0,0
BRDA:73,17,1,11
BRDA:76,18,0,0
BRDA:76,18,1,11
BRDA:97,19,0,11
BRDA:97,19,1,0
BRDA:100,20,0,11
BRDA:100,20,1,0
BRDA:100,20,2,0
BRDA:114,21,0,0
BRDA:114,21,1,0
BRDA:118,22,0,0
BRDA:118,22,1,0
BRDA:122,23,0,0
BRDA:122,23,1,0
BRDA:125,24,0,0
BRDA:125,24,1,0
BRDA:147,25,0,0
BRDA:147,25,1,0
BRDA:147,26,0,0
BRDA:147,26,1,0
BRF:52
BRH:21
end_of_record
TN:
SF:src/features/wishlist/WishlistButton.tsx
FN:15,WishlistButton
FN:36,(anonymous_1)
FN:47,(anonymous_2)
FNF:3
FNH:1
FNDA:12,WishlistButton
FNDA:0,(anonymous_1)
FNDA:0,(anonymous_2)
DA:22,12
DA:23,12
DA:24,12
DA:26,12
DA:36,0
DA:44,12
DA:49,0
DA:50,0
DA:51,0
LF:9
LH:5
BRDA:17,0,0,12
BRDA:22,1,0,12
BRDA:32,2,0,12
BRDA:32,2,1,0
BRDA:32,3,0,0
BRDA:32,3,1,0
BRDA:34,4,0,12
BRDA:34,4,1,0
BRDA:36,5,0,0
BRDA:36,5,1,0
BRDA:54,6,0,7
BRDA:54,6,1,5
BRDA:57,7,0,7
BRDA:57,7,1,5
BRDA:62,8,0,7
BRDA:62,8,1,5
BRDA:62,9,0,7
BRDA:62,9,1,5
BRDA:63,10,0,7
BRDA:63,10,1,5
BRF:20
BRH:14
end_of_record
TN:
SF:src/infrastructure/api/auth.ts
FN:15,deviceLabel
FN:34,adopt
FN:45,register
FN:58,login
FN:72,loginWithGoogle
FN:82,requestOtp
FN:94,verifyOtp
FN:104,logout
FN:114,me
FN:118,forgotPassword
FN:124,resetPassword
FN:132,changePassword
FN:139,verifyEmail
FN:143,resendVerification
FN:147,sessions
FN:152,revokeSession
FN:163,restoreSession
FNF:17
FNH:0
FNDA:0,deviceLabel
FNDA:0,adopt
FNDA:0,register
FNDA:0,login
FNDA:0,loginWithGoogle
FNDA:0,requestOtp
FNDA:0,verifyOtp
FNDA:0,logout
FNDA:0,me
FNDA:0,forgotPassword
FNDA:0,resetPassword
FNDA:0,changePassword
FNDA:0,verifyEmail
FNDA:0,resendVerification
FNDA:0,sessions
FNDA:0,revokeSession
FNDA:0,restoreSession
DA:18,0
DA:20,0
DA:26,0
DA:31,0
DA:35,0
DA:36,0
DA:44,0
DA:50,0
DA:55,0
DA:59,0
DA:73,0
DA:83,0
DA:95,0
DA:105,0
DA:106,0
DA:110,0
DA:115,0
DA:121,0
DA:125,0
DA:133,0
DA:140,0
DA:144,0
DA:148,0
DA:149,0
DA:153,0
DA:164,0
DA:167,0
DA:168,0
DA:170,0
DA:171,0
LF:30
LH:0
BRDA:20,0,0,0
BRDA:20,0,1,0
BRDA:21,1,0,0
BRDA:21,1,1,0
BRDA:22,2,0,0
BRDA:22,2,1,0
BRDA:23,3,0,0
BRDA:23,3,1,0
BRDA:26,4,0,0
BRDA:26,4,1,0
BRDA:27,5,0,0
BRDA:27,5,1,0
BRDA:28,6,0,0
BRDA:28,6,1,0
BRDA:29,7,0,0
BRDA:29,7,1,0
BRDA:40,8,0,0
BRDA:40,8,1,0
BRDA:52,9,0,0
BRDA:52,9,1,0
BRDA:55,10,0,0
BRDA:55,10,1,0
BRDA:65,11,0,0
BRDA:65,11,1,0
BRDA:76,12,0,0
BRDA:76,12,1,0
BRDA:86,13,0,0
BRDA:86,13,1,0
BRDA:89,14,0,0
BRDA:89,14,1,0
BRDA:104,15,0,0
BRF:31
BRH:0
end_of_record
TN:
SF:src/infrastructure/api/bookings.ts
FN:10,create
FN:37,get
FN:43,list
FN:60,refundPreview
FN:69,cancel
FN:77,invoice
FNF:6
FNH:0
FNDA:0,create
FNDA:0,get
FNDA:0,list
FNDA:0,refundPreview
FNDA:0,cancel
FNDA:0,invoice
DA:9,0
DA:11,0
DA:38,0
DA:44,0
DA:53,0
DA:61,0
DA:70,0
DA:78,0
LF:8
LH:0
BRDA:26,0,0,0
BRDA:26,0,1,0
BRDA:55,1,0,0
BRDA:55,1,1,0
BRDA:56,2,0,0
BRDA:56,2,1,0
BRDA:72,3,0,0
BRDA:72,3,1,0
BRF:8
BRH:0
end_of_record
TN:
SF:src/infrastructure/api/catalog.ts
FN:9,search
FN:44,suggest
FN:52,property
FN:58,availability
FN:63,(anonymous_4)
FN:74,quote
FN:92,amenities
FNF:7
FNH:0
FNDA:0,search
FNDA:0,suggest
FNDA:0,property
FNDA:0,availability
FNDA:0,(anonymous_4)
FNDA:0,quote
FNDA:0,amenities
DA:8,0
DA:10,0
DA:36,0
DA:45,0
DA:49,0
DA:53,0
DA:59,0
DA:63,0
DA:75,0
DA:93,0
DA:94,0
LF:11
LH:0
BRDA:38,0,0,0
BRDA:38,0,1,0
BRDA:39,1,0,0
BRDA:39,1,1,0
BRDA:40,2,0,0
BRDA:40,2,1,0
BRDA:69,3,0,0
BRDA:69,3,1,0
BRDA:69,3,2,0
BRDA:70,4,0,0
BRDA:70,4,1,0
BRDA:83,5,0,0
BRDA:83,5,1,0
BRDA:84,6,0,0
BRDA:84,6,1,0
BRDA:85,7,0,0
BRDA:85,7,1,0
BRF:17
BRH:0
end_of_record
TN:
SF:src/infrastructure/api/dto.ts
FNF:0
FNH:0
LF:0
LH:0
BRF:0
BRH:0
end_of_record
TN:
SF:src/infrastructure/api/mappers.ts
FN:29,toImage
FN:40,toRoomType
FN:59,toProperty
FN:74,(anonymous_3)
FN:88,toSearchItem
FN:113,toSuggestion
FN:117,toAmenity
FN:127,toQuote
FN:130,(anonymous_8)
FN:147,toBooking
FN:183,(anonymous_10)
FN:200,toRefundPreview
FN:218,toInvoice
FN:234,(anonymous_13)
FN:254,toCheckoutSession
FN:271,toPaymentResult
FN:285,toPayment
FN:301,(anonymous_17)
FN:310,(anonymous_18)
FN:321,toUser
FN:341,toSession
FN:353,toOtpChallenge
FNF:22
FNH:0
FNDA:0,toImage
FNDA:0,toRoomType
FNDA:0,toProperty
FNDA:0,(anonymous_3)
FNDA:0,toSearchItem
FNDA:0,toSuggestion
FNDA:0,toAmenity
FNDA:0,toQuote
FNDA:0,(anonymous_8)
FNDA:0,toBooking
FNDA:0,(anonymous_10)
FNDA:0,toRefundPreview
FNDA:0,toInvoice
FNDA:0,(anonymous_13)
FNDA:0,toCheckoutSession
FNDA:0,toPaymentResult
FNDA:0,toPayment
FNDA:0,(anonymous_17)
FNDA:0,(anonymous_18)
FNDA:0,toUser
FNDA:0,toSession
FNDA:0,toOtpChallenge
DA:30,0
DA:41,0
DA:60,0
DA:74,0
DA:89,0
DA:114,0
DA:118,0
DA:128,0
DA:130,0
DA:148,0
DA:183,0
DA:201,0
DA:219,0
DA:234,0
DA:255,0
DA:272,0
DA:286,0
DA:301,0
DA:310,0
DA:322,0
DA:342,0
DA:354,0
LF:22
LH:0
BRDA:35,0,0,0
BRDA:35,0,1,0
BRDA:36,1,0,0
BRDA:36,1,1,0
BRDA:54,2,0,0
BRDA:54,2,1,0
BRDA:55,3,0,0
BRDA:55,3,1,0
BRDA:114,4,0,0
BRDA:114,4,1,0
BRDA:122,5,0,0
BRDA:122,5,1,0
BRDA:123,6,0,0
BRDA:123,6,1,0
BRDA:143,7,0,0
BRDA:143,7,1,0
BRDA:154,8,0,0
BRDA:154,8,1,0
BRDA:182,9,0,0
BRDA:182,9,1,0
BRDA:183,10,0,0
BRDA:183,10,1,0
BRDA:187,11,0,0
BRDA:187,11,1,0
BRDA:192,12,0,0
BRDA:192,12,1,0
BRDA:193,13,0,0
BRDA:193,13,1,0
BRDA:194,14,0,0
BRDA:194,14,1,0
BRDA:236,15,0,0
BRDA:236,15,1,0
BRDA:266,16,0,0
BRDA:266,16,1,0
BRDA:267,17,0,0
BRDA:267,17,1,0
BRDA:280,18,0,0
BRDA:280,18,1,0
BRDA:281,19,0,0
BRDA:281,19,1,0
BRDA:294,20,0,0
BRDA:294,20,1,0
BRDA:295,21,0,0
BRDA:295,21,1,0
BRDA:296,22,0,0
BRDA:296,22,1,0
BRDA:297,23,0,0
BRDA:297,23,1,0
BRDA:308,24,0,0
BRDA:308,24,1,0
BRDA:316,25,0,0
BRDA:316,25,1,0
BRDA:357,26,0,0
BRDA:357,26,1,0
BRF:54
BRH:0
end_of_record
TN:
SF:src/infrastructure/api/payments.ts
FN:10,createOrder
FN:16,verify
FN:26,retry
FN:32,list
FN:40,get
FNF:5
FNH:0
FNDA:0,createOrder
FNDA:0,verify
FNDA:0,retry
FNDA:0,list
FNDA:0,get
DA:9,0
DA:11,0
DA:17,0
DA:27,0
DA:33,0
DA:37,0
DA:41,0
LF:7
LH:0
BRDA:37,0,0,0
BRDA:37,0,1,0
BRF:2
BRH:0
end_of_record
TN:
SF:src/infrastructure/api/reviews.ts
FN:53,toReview
FN:85,categoryAverages
FN:95,(anonymous_2)
FN:99,toSummary
FN:113,forProperty
FN:130,mine
FN:135,submit
FN:150,edit
FNF:8
FNH:7
FNDA:20,toReview
FNDA:9,categoryAverages
FNDA:40,(anonymous_2)
FNDA:9,toSummary
FNDA:9,forProperty
FNDA:1,mine
FNDA:2,submit
FNDA:0,edit
DA:51,1
DA:54,20
DA:86,9
DA:87,9
DA:88,17
DA:89,40
DA:90,40
DA:91,40
DA:94,9
DA:95,40
DA:100,9
DA:101,9
DA:102,45
DA:104,9
DA:112,1
DA:114,9
DA:117,9
DA:118,9
DA:122,9
DA:123,9
DA:131,1
DA:132,1
DA:136,2
DA:151,0
LF:24
LH:23
BRDA:68,0,0,20
BRDA:68,0,1,0
BRDA:70,1,0,9
BRDA:70,1,1,11
BRDA:70,2,0,20
BRDA:70,2,1,9
BRDA:101,3,0,9
BRDA:101,3,1,0
BRDA:114,4,0,9
BRDA:114,4,1,9
BRDA:117,5,0,1
BRDA:117,5,1,8
BRDA:119,6,0,9
BRDA:119,6,1,8
BRDA:120,7,0,0
BRDA:120,7,1,9
BRDA:125,8,0,3
BRDA:125,8,1,6
BRDA:131,9,0,0
BRDA:131,9,1,1
BRDA:143,10,0,2
BRDA:143,10,1,1
BRDA:154,11,0,0
BRDA:154,11,1,0
BRF:24
BRH:18
end_of_record
TN:
SF:src/infrastructure/api/wishlist.ts
FN:46,toEntry
FN:64,list
FN:69,add
FN:76,remove
FN:80,clear
FN:91,stored
FN:104,list_2
FN:108,add_2
FN:109,(anonymous_8)
FN:113,remove_2
FN:116,(anonymous_10)
FN:120,clear_2
FN:135,mergeLocalInto
FN:140,(anonymous_13)
FNF:14
FNH:0
FNDA:0,toEntry
FNDA:0,list
FNDA:0,add
FNDA:0,remove
FNDA:0,clear
FNDA:0,stored
FNDA:0,list_2
FNDA:0,add_2
FNDA:0,(anonymous_8)
FNDA:0,remove_2
FNDA:0,(anonymous_10)
FNDA:0,clear_2
FNDA:0,mergeLocalInto
FNDA:0,(anonymous_13)
DA:28,0
DA:47,0
DA:63,0
DA:65,0
DA:66,0
DA:73,0
DA:77,0
DA:81,0
DA:92,0
DA:103,0
DA:105,0
DA:109,0
DA:110,0
DA:114,0
DA:116,0
DA:121,0
DA:136,0
DA:137,0
DA:139,0
DA:140,0
DA:142,0
DA:143,0
LF:22
LH:0
BRDA:73,0,0,0
BRDA:73,0,1,0
BRDA:137,1,0,0
BRDA:137,1,1,0
BRF:4
BRH:0
end_of_record
TN:
SF:src/infrastructure/http/client.ts
FN:38,(anonymous_0)
FN:39,setSessionLostHandler
FN:51,queryValue
FN:57,buildUrl
FN:79,toApiError
FN:116,refreshAccessToken
FN:117,(anonymous_6)
FN:141,(anonymous_7)
FN:149,send
FN:195,request
FN:205,(anonymous_10)
FN:207,(anonymous_11)
FN:209,(anonymous_12)
FN:211,(anonymous_13)
FN:213,(anonymous_14)
FN:218,__resetRefreshState
FNF:16
FNH:12
FNDA:0,(anonymous_0)
FNDA:16,setSessionLostHandler
FNDA:30,queryValue
FNDA:41,buildUrl
FNDA:5,toApiError
FNDA:9,refreshAccessToken
FNDA:6,(anonymous_6)
FNDA:6,(anonymous_7)
FNDA:35,send
FNDA:29,request
FNDA:25,(anonymous_10)
FNDA:4,(anonymous_11)
FNDA:0,(anonymous_12)
FNDA:0,(anonymous_13)
FNDA:0,(anonymous_14)
FNDA:14,__resetRefreshState
DA:38,2
DA:40,16
DA:43,2
DA:52,30
DA:53,18
DA:54,0
DA:58,41
DA:59,41
DA:60,10
DA:61,10
DA:62,30
DA:65,29
DA:66,1
DA:67,2
DA:68,2
DA:71,28
DA:72,28
DA:75,10
DA:76,10
DA:80,5
DA:81,5
DA:82,5
DA:83,5
DA:85,5
DA:86,5
DA:89,5
DA:90,5
DA:91,5
DA:92,5
DA:93,5
DA:99,5
DA:100,5
DA:117,9
DA:118,6
DA:119,6
DA:125,6
DA:130,5
DA:133,5
DA:134,4
DA:135,4
DA:137,0
DA:141,6
DA:142,6
DA:146,9
DA:150,35
DA:152,35
DA:153,4
DA:155,35
DA:157,35
DA:160,34
DA:161,34
DA:162,34
DA:165,35
DA:170,35
DA:171,35
DA:172,4
DA:176,35
DA:177,35
DA:181,2
DA:182,1
DA:185,33
DA:186,8
DA:187,8
DA:188,2
DA:189,2
DA:192,27
DA:196,29
DA:197,27
DA:198,22
DA:199,0
DA:201,22
DA:204,2
DA:206,25
DA:208,4
DA:210,0
DA:212,0
DA:214,0
DA:219,14
LF:78
LH:72
BRDA:52,0,0,12
BRDA:52,0,1,18
BRDA:53,1,0,18
BRDA:53,1,1,0
BRDA:53,2,0,18
BRDA:53,2,1,0
BRDA:59,3,0,31
BRDA:59,3,1,10
BRDA:62,4,0,1
BRDA:62,4,1,29
BRDA:62,5,0,30
BRDA:62,5,1,29
BRDA:62,5,2,29
BRDA:65,6,0,1
BRDA:65,6,1,28
BRDA:68,7,0,2
BRDA:68,7,1,0
BRDA:72,8,0,28
BRDA:72,8,1,0
BRDA:76,9,0,10
BRDA:76,9,1,0
BRDA:81,10,0,5
BRDA:81,10,1,5
BRDA:89,11,0,5
BRDA:89,11,1,0
BRDA:90,12,0,5
BRDA:90,12,1,0
BRDA:91,13,0,5
BRDA:91,13,1,0
BRDA:92,14,0,5
BRDA:92,14,1,5
BRDA:93,15,0,5
BRDA:93,15,1,0
BRDA:106,16,0,0
BRDA:106,16,1,5
BRDA:125,17,0,1
BRDA:125,17,1,5
BRDA:133,18,0,1
BRDA:133,18,1,4
BRDA:149,19,0,35
BRDA:152,20,0,4
BRDA:152,20,1,31
BRDA:152,21,0,35
BRDA:152,21,1,4
BRDA:155,22,0,1
BRDA:155,22,1,34
BRDA:157,23,0,34
BRDA:157,23,1,1
BRDA:160,24,0,1
BRDA:160,24,1,33
BRDA:160,25,0,34
BRDA:160,25,1,1
BRDA:162,26,0,16
BRDA:162,26,1,18
BRDA:166,27,0,35
BRDA:166,27,1,0
BRDA:170,28,0,0
BRDA:170,28,1,35
BRDA:171,29,0,4
BRDA:171,29,1,31
BRDA:172,30,0,0
BRDA:172,30,1,4
BRDA:181,31,0,1
BRDA:181,31,1,1
BRDA:181,32,0,2
BRDA:181,32,1,1
BRDA:185,33,0,8
BRDA:185,33,1,25
BRDA:185,34,0,33
BRDA:185,34,1,10
BRDA:185,34,2,9
BRDA:187,35,0,6
BRDA:187,35,1,2
BRDA:195,36,0,29
BRDA:197,37,0,5
BRDA:197,37,1,22
BRDA:198,38,0,0
BRDA:198,38,1,22
BRDA:198,39,0,22
BRDA:198,39,1,22
BRF:80
BRH:66
end_of_record
TN:
SF:src/infrastructure/http/tokenStore.ts
FN:29,get
FN:34,isExpiring
FN:38,set
FN:41,(anonymous_3)
FN:44,clear
FN:47,(anonymous_5)
FN:50,subscribe
FN:52,(anonymous_7)
FNF:8
FNH:4
FNDA:46,get
FNDA:34,isExpiring
FNDA:11,set
FNDA:0,(anonymous_3)
FNDA:16,clear
FNDA:0,(anonymous_5)
FNDA:0,subscribe
FNDA:0,(anonymous_7)
DA:24,2
DA:25,2
DA:26,2
DA:28,2
DA:30,46
DA:35,34
DA:39,11
DA:40,11
DA:41,11
DA:45,16
DA:46,16
DA:47,16
DA:51,0
DA:52,0
LF:14
LH:12
BRDA:34,0,0,34
BRDA:35,1,0,34
BRDA:35,1,1,16
BRF:3
BRH:3
end_of_record
TN:
SF:src/infrastructure/storage/localStore.ts
FN:15,key
FN:19,readJson
FN:29,writeJson
FN:38,removeItem
FNF:4
FNH:0
FNDA:0,key
FNDA:0,readJson
FNDA:0,writeJson
FNDA:0,removeItem
DA:13,0
DA:16,0
DA:20,0
DA:21,0
DA:22,0
DA:23,0
DA:25,0
DA:30,0
DA:31,0
DA:39,0
DA:40,0
LF:11
LH:0
BRDA:22,0,0,0
BRDA:22,0,1,0
BRF:2
BRH:0
end_of_record
TN:
SF:src/pages/BookingConfirmationPage.tsx
FN:18,BookingConfirmationPage
FN:26,(anonymous_1)
FN:96,(anonymous_2)
FN:112,Detail
FN:121,CheckIcon
FNF:5
FNH:0
FNDA:0,BookingConfirmationPage
FNDA:0,(anonymous_1)
FNDA:0,(anonymous_2)
FNDA:0,Detail
FNDA:0,CheckIcon
DA:19,0
DA:20,0
DA:22,0
DA:23,0
DA:24,0
DA:26,0
DA:31,0
DA:32,0
DA:33,0
DA:35,0
DA:96,0
DA:113,0
DA:122,0
LF:13
LH:0
BRDA:22,0,0,0
BRDA:22,0,1,0
BRDA:23,1,0,0
BRDA:23,1,1,0
BRDA:23,2,0,0
BRDA:23,2,1,0
BRDA:33,3,0,0
BRDA:33,3,1,0
BRDA:38,4,0,0
BRDA:38,4,1,0
BRDA:47,5,0,0
BRDA:47,5,1,0
BRDA:48,6,0,0
BRDA:48,6,1,0
BRDA:54,7,0,0
BRDA:54,7,1,0
BRDA:74,8,0,0
BRDA:74,8,1,0
BRDA:77,9,0,0
BRDA:77,9,1,0
BRDA:78,10,0,0
BRDA:78,10,1,0
BRDA:95,11,0,0
BRDA:95,11,1,0
BRDA:116,12,0,0
BRDA:116,12,1,0
BRF:26
BRH:0
end_of_record
TN:
SF:src/pages/BookingPage.tsx
FN:29,BookingPage
FN:57,(anonymous_1)
FN:80,(anonymous_2)
FN:87,(anonymous_3)
FN:95,submit
FN:121,(anonymous_5)
FN:167,(anonymous_6)
FN:175,(anonymous_7)
FN:184,(anonymous_8)
FN:193,(anonymous_9)
FN:220,(anonymous_10)
FN:224,(anonymous_11)
FN:288,Row
FNF:13
FNH:0
FNDA:0,BookingPage
FNDA:0,(anonymous_1)
FNDA:0,(anonymous_2)
FNDA:0,(anonymous_3)
FNDA:0,submit
FNDA:0,(anonymous_5)
FNDA:0,(anonymous_6)
FNDA:0,(anonymous_7)
FNDA:0,(anonymous_8)
FNDA:0,(anonymous_9)
FNDA:0,(anonymous_10)
FNDA:0,(anonymous_11)
FNDA:0,Row
DA:30,0
DA:31,0
DA:32,0
DA:33,0
DA:35,0
DA:36,0
DA:37,0
DA:38,0
DA:39,0
DA:40,0
DA:41,0
DA:42,0
DA:44,0
DA:45,0
DA:54,0
DA:57,0
DA:59,0
DA:60,0
DA:61,0
DA:62,0
DA:64,0
DA:65,0
DA:66,0
DA:73,0
DA:74,0
DA:80,0
DA:87,0
DA:88,0
DA:89,0
DA:90,0
DA:92,0
DA:93,0
DA:96,0
DA:97,0
DA:99,0
DA:121,0
DA:126,0
DA:167,0
DA:175,0
DA:184,0
DA:193,0
DA:220,0
DA:224,0
DA:289,0
LF:44
LH:0
BRDA:36,0,0,0
BRDA:36,0,1,0
BRDA:39,1,0,0
BRDA:39,1,1,0
BRDA:40,2,0,0
BRDA:40,2,1,0
BRDA:41,3,0,0
BRDA:41,3,1,0
BRDA:42,4,0,0
BRDA:42,4,1,0
BRDA:47,5,0,0
BRDA:47,5,1,0
BRDA:48,6,0,0
BRDA:48,6,1,0
BRDA:59,7,0,0
BRDA:59,7,1,0
BRDA:60,8,0,0
BRDA:60,8,1,0
BRDA:61,9,0,0
BRDA:61,9,1,0
BRDA:64,10,0,0
BRDA:64,10,1,0
BRDA:65,11,0,0
BRDA:65,11,1,0
BRDA:65,12,0,0
BRDA:65,12,1,0
BRDA:73,13,0,0
BRDA:73,13,1,0
BRDA:73,14,0,0
BRDA:73,14,1,0
BRDA:73,14,2,0
BRDA:97,15,0,0
BRDA:97,15,1,0
BRDA:97,16,0,0
BRDA:97,16,1,0
BRDA:114,17,0,0
BRDA:114,17,1,0
BRDA:139,18,0,0
BRDA:139,18,1,0
BRDA:144,19,0,0
BRDA:144,19,1,0
BRDA:149,20,0,0
BRDA:149,20,1,0
BRDA:150,21,0,0
BRDA:150,21,1,0
BRDA:150,22,0,0
BRDA:150,22,1,0
BRDA:151,23,0,0
BRDA:151,23,1,0
BRDA:151,24,0,0
BRDA:151,24,1,0
BRDA:152,25,0,0
BRDA:152,25,1,0
BRDA:202,26,0,0
BRDA:202,26,1,0
BRDA:205,27,0,0
BRDA:205,27,1,0
BRDA:207,28,0,0
BRDA:207,28,1,0
BRDA:212,29,0,0
BRDA:212,29,1,0
BRDA:214,30,0,0
BRDA:214,30,1,0
BRDA:218,31,0,0
BRDA:218,31,1,0
BRDA:218,31,2,0
BRDA:250,32,0,0
BRDA:250,32,1,0
BRDA:256,33,0,0
BRDA:256,33,1,0
BRDA:259,34,0,0
BRDA:259,34,1,0
BRDA:262,35,0,0
BRDA:262,35,1,0
BRDA:265,36,0,0
BRDA:265,36,1,0
BRF:76
BRH:0
end_of_record
TN:
SF:src/pages/CheckoutPage.tsx
FN:37,CheckoutPage
FN:53,(anonymous_1)
FN:73,pay
FN:94,(anonymous_3)
FN:103,(anonymous_4)
FN:107,(anonymous_5)
FN:117,(anonymous_6)
FN:121,(anonymous_7)
FN:144,(anonymous_8)
FN:160,(anonymous_9)
FN:230,(anonymous_10)
FN:244,Row
FNF:12
FNH:0
FNDA:0,CheckoutPage
FNDA:0,(anonymous_1)
FNDA:0,pay
FNDA:0,(anonymous_3)
FNDA:0,(anonymous_4)
FNDA:0,(anonymous_5)
FNDA:0,(anonymous_6)
FNDA:0,(anonymous_7)
FNDA:0,(anonymous_8)
FNDA:0,(anonymous_9)
FNDA:0,(anonymous_10)
FNDA:0,Row
DA:38,0
DA:39,0
DA:41,0
DA:42,0
DA:43,0
DA:45,0
DA:46,0
DA:48,0
DA:53,0
DA:54,0
DA:55,0
DA:56,0
DA:61,0
DA:62,0
DA:63,0
DA:70,0
DA:71,0
DA:74,0
DA:75,0
DA:76,0
DA:78,0
DA:79,0
DA:80,0
DA:82,0
DA:95,0
DA:96,0
DA:104,0
DA:105,0
DA:111,0
DA:112,0
DA:118,0
DA:119,0
DA:123,0
DA:127,0
DA:128,0
DA:132,0
DA:133,0
DA:135,0
DA:144,0
DA:160,0
DA:230,0
DA:245,0
LF:42
LH:0
BRDA:54,0,0,0
BRDA:54,0,1,0
BRDA:54,1,0,0
BRDA:54,1,1,0
BRDA:54,1,2,0
BRDA:55,2,0,0
BRDA:55,2,1,0
BRDA:55,3,0,0
BRDA:55,3,1,0
BRDA:61,4,0,0
BRDA:61,4,1,0
BRDA:62,5,0,0
BRDA:62,5,1,0
BRDA:62,6,0,0
BRDA:62,6,1,0
BRDA:70,7,0,0
BRDA:70,7,1,0
BRDA:70,8,0,0
BRDA:70,8,1,0
BRDA:74,9,0,0
BRDA:74,9,1,0
BRDA:119,10,0,0
BRDA:119,10,1,0
BRDA:133,11,0,0
BRDA:133,11,1,0
BRDA:133,11,2,0
BRDA:140,12,0,0
BRDA:140,12,1,0
BRDA:140,12,2,0
BRDA:149,13,0,0
BRDA:149,13,1,0
BRDA:175,14,0,0
BRDA:175,14,1,0
BRDA:182,15,0,0
BRDA:182,15,1,0
BRDA:196,16,0,0
BRDA:196,16,1,0
BRDA:199,17,0,0
BRDA:199,17,1,0
BRDA:213,18,0,0
BRDA:213,18,1,0
BRDA:213,18,2,0
BRDA:216,19,0,0
BRDA:216,19,1,0
BRDA:219,20,0,0
BRDA:219,20,1,0
BRDA:221,21,0,0
BRDA:221,21,1,0
BRDA:231,22,0,0
BRDA:231,22,1,0
BRF:50
BRH:0
end_of_record
TN:
SF:src/pages/ForgotPasswordPage.tsx
FN:16,ForgotPasswordPage
FN:22,submit
FN:25,(anonymous_2)
FN:54,(anonymous_3)
FN:79,(anonymous_4)
FNF:5
FNH:0
FNDA:0,ForgotPasswordPage
FNDA:0,submit
FNDA:0,(anonymous_2)
FNDA:0,(anonymous_3)
FNDA:0,(anonymous_4)
DA:17,0
DA:18,0
DA:19,0
DA:20,0
DA:23,0
DA:24,0
DA:25,0
DA:26,0
DA:27,0
DA:33,0
DA:34,0
DA:39,0
DA:40,0
DA:54,0
DA:68,0
DA:79,0
LF:16
LH:0
BRDA:39,0,0,0
BRDA:39,0,1,0
BRF:2
BRH:0
end_of_record
TN:
SF:src/pages/HomePage.tsx
FN:15,HomePage
FN:43,(anonymous_1)
FN:69,(anonymous_2)
FN:70,(anonymous_3)
FN:100,Promise
FNF:5
FNH:0
FNDA:0,HomePage
FNDA:0,(anonymous_1)
FNDA:0,(anonymous_2)
FNDA:0,(anonymous_3)
FNDA:0,Promise
DA:16,0
DA:17,0
DA:19,0
DA:44,0
DA:69,0
DA:70,0
DA:101,0
LF:7
LH:0
BRDA:17,0,0,0
BRDA:17,0,1,0
BRDA:68,1,0,0
BRDA:68,1,1,0
BRDA:73,2,0,0
BRDA:73,2,1,0
BRDA:73,2,2,0
BRF:7
BRH:0
end_of_record
TN:
SF:src/pages/LoginPage.tsx
FN:21,LoginPage
FN:38,run
FN:50,(anonymous_2)
FN:52,(anonymous_3)
FN:59,(anonymous_4)
FN:61,(anonymous_5)
FN:67,(anonymous_6)
FN:69,(anonymous_7)
FN:84,(anonymous_8)
FN:88,(anonymous_9)
FN:117,(anonymous_10)
FN:126,(anonymous_11)
FN:145,(anonymous_12)
FN:164,(anonymous_13)
FN:175,(anonymous_14)
FNF:15
FNH:0
FNDA:0,LoginPage
FNDA:0,run
FNDA:0,(anonymous_2)
FNDA:0,(anonymous_3)
FNDA:0,(anonymous_4)
FNDA:0,(anonymous_5)
FNDA:0,(anonymous_6)
FNDA:0,(anonymous_7)
FNDA:0,(anonymous_8)
FNDA:0,(anonymous_9)
FNDA:0,(anonymous_10)
FNDA:0,(anonymous_11)
FNDA:0,(anonymous_12)
FNDA:0,(anonymous_13)
FNDA:0,(anonymous_14)
DA:22,0
DA:23,0
DA:24,0
DA:25,0
DA:27,0
DA:28,0
DA:29,0
DA:30,0
DA:31,0
DA:32,0
DA:33,0
DA:34,0
DA:36,0
DA:39,0
DA:40,0
DA:41,0
DA:42,0
DA:44,0
DA:46,0
DA:50,0
DA:51,0
DA:52,0
DA:53,0
DA:54,0
DA:55,0
DA:59,0
DA:60,0
DA:61,0
DA:62,0
DA:63,0
DA:67,0
DA:68,0
DA:69,0
DA:70,0
DA:71,0
DA:72,0
DA:76,0
DA:78,0
DA:85,0
DA:89,0
DA:90,0
DA:117,0
DA:126,0
DA:145,0
DA:164,0
DA:176,0
DA:177,0
LF:47
LH:0
BRDA:95,0,0,0
BRDA:95,0,1,0
BRDA:98,1,0,0
BRDA:98,1,1,0
BRDA:103,2,0,0
BRDA:103,2,1,0
BRDA:105,3,0,0
BRDA:105,3,1,0
BRDA:111,4,0,0
BRDA:111,4,1,0
BRDA:139,5,0,0
BRDA:139,5,1,0
BRDA:189,6,0,0
BRDA:189,6,1,0
BRF:14
BRH:0
end_of_record
TN:
SF:src/pages/NotFoundPage.tsx
FN:3,NotFoundPage
FNF:1
FNH:0
FNDA:0,NotFoundPage
DA:4,0
LF:1
LH:0
BRF:0
BRH:0
end_of_record
TN:
SF:src/pages/ProfilePage.tsx
FN:24,ProfilePage
FN:44,resendVerification
FN:57,startPhoneLink
FN:71,confirmPhoneLink
FN:131,(anonymous_4)
FN:142,(anonymous_5)
FN:172,(anonymous_6)
FN:179,(anonymous_7)
FN:190,(anonymous_8)
FN:205,(anonymous_9)
FN:219,StatCard
FN:235,Row
FNF:12
FNH:0
FNDA:0,ProfilePage
FNDA:0,resendVerification
FNDA:0,startPhoneLink
FNDA:0,confirmPhoneLink
FNDA:0,(anonymous_4)
FNDA:0,(anonymous_5)
FNDA:0,(anonymous_6)
FNDA:0,(anonymous_7)
FNDA:0,(anonymous_8)
FNDA:0,(anonymous_9)
FNDA:0,StatCard
FNDA:0,Row
DA:25,0
DA:26,0
DA:27,0
DA:28,0
DA:30,0
DA:31,0
DA:32,0
DA:33,0
DA:34,0
DA:35,0
DA:36,0
DA:38,0
DA:39,0
DA:41,0
DA:42,0
DA:45,0
DA:46,0
DA:47,0
DA:48,0
DA:49,0
DA:51,0
DA:53,0
DA:58,0
DA:59,0
DA:60,0
DA:61,0
DA:62,0
DA:63,0
DA:65,0
DA:67,0
DA:72,0
DA:73,0
DA:74,0
DA:75,0
DA:76,0
DA:77,0
DA:78,0
DA:79,0
DA:80,0
DA:82,0
DA:84,0
DA:88,0
DA:131,0
DA:142,0
DA:173,0
DA:174,0
DA:179,0
DA:190,0
DA:205,0
DA:221,0
DA:226,0
DA:244,0
LF:52
LH:0
BRDA:38,0,0,0
BRDA:38,0,1,0
BRDA:39,1,0,0
BRDA:39,1,1,0
BRDA:41,2,0,0
BRDA:41,2,1,0
BRDA:42,3,0,0
BRDA:42,3,1,0
BRDA:100,4,0,0
BRDA:100,4,1,0
BRDA:105,5,0,0
BRDA:105,5,1,0
BRDA:116,6,0,0
BRDA:116,6,1,0
BRDA:116,7,0,0
BRDA:116,7,1,0
BRDA:126,8,0,0
BRDA:126,8,1,0
BRDA:138,9,0,0
BRDA:138,9,1,0
BRDA:139,10,0,0
BRDA:139,10,1,0
BRDA:139,11,0,0
BRDA:139,11,1,0
BRDA:143,12,0,0
BRDA:143,12,1,0
BRDA:148,13,0,0
BRDA:148,13,1,0
BRDA:150,14,0,0
BRDA:150,14,1,0
BRDA:156,15,0,0
BRDA:156,15,1,0
BRDA:184,16,0,0
BRDA:184,16,1,0
BRDA:226,17,0,0
BRDA:226,17,1,0
BRF:36
BRH:0
end_of_record
TN:
SF:src/pages/PropertyPage.tsx
FN:23,PropertyPage
FN:35,(anonymous_1)
FN:41,(anonymous_2)
FN:98,(anonymous_3)
FN:136,(anonymous_4)
FN:185,(anonymous_5)
FN:253,(anonymous_6)
FNF:7
FNH:0
FNDA:0,PropertyPage
FNDA:0,(anonymous_1)
FNDA:0,(anonymous_2)
FNDA:0,(anonymous_3)
FNDA:0,(anonymous_4)
FNDA:0,(anonymous_5)
FNDA:0,(anonymous_6)
DA:24,0
DA:25,0
DA:26,0
DA:28,0
DA:29,0
DA:31,0
DA:32,0
DA:33,0
DA:35,0
DA:40,0
DA:41,0
DA:42,0
DA:46,0
DA:99,0
DA:137,0
DA:186,0
DA:254,0
DA:255,0
LF:18
LH:0
BRDA:31,0,0,0
BRDA:31,0,1,0
BRDA:32,1,0,0
BRDA:32,1,1,0
BRDA:42,2,0,0
BRDA:42,2,1,0
BRDA:42,3,0,0
BRDA:42,3,1,0
BRDA:72,4,0,0
BRDA:72,4,1,0
BRDA:92,5,0,0
BRDA:92,5,1,0
BRDA:104,6,0,0
BRDA:104,6,1,0
BRDA:105,7,0,0
BRDA:105,7,1,0
BRDA:107,8,0,0
BRDA:107,8,1,0
BRDA:116,9,0,0
BRDA:116,9,1,0
BRDA:116,9,2,0
BRDA:118,10,0,0
BRDA:118,10,1,0
BRDA:130,11,0,0
BRDA:130,11,1,0
BRDA:153,12,0,0
BRDA:153,12,1,0
BRDA:180,13,0,0
BRDA:180,13,1,0
BRDA:200,14,0,0
BRDA:200,14,1,0
BRDA:215,15,0,0
BRDA:215,15,1,0
BRDA:226,16,0,0
BRDA:226,16,1,0
BRDA:227,17,0,0
BRDA:227,17,1,0
BRDA:228,18,0,0
BRDA:228,18,1,0
BRDA:229,19,0,0
BRDA:229,19,1,0
BRDA:230,20,0,0
BRDA:230,20,1,0
BRDA:241,21,0,0
BRDA:241,21,1,0
BRDA:266,22,0,0
BRDA:266,22,1,0
BRDA:267,23,0,0
BRDA:267,23,1,0
BRDA:268,24,0,0
BRDA:268,24,1,0
BRDA:269,25,0,0
BRDA:269,25,1,0
BRDA:270,26,0,0
BRDA:270,26,1,0
BRF:55
BRH:0
end_of_record
TN:
SF:src/pages/RegisterPage.tsx
FN:13,RegisterPage
FN:30,(anonymous_1)
FN:31,(anonymous_2)
FN:33,submit
FN:37,(anonymous_4)
FN:99,(anonymous_5)
FN:108,(anonymous_6)
FN:117,(anonymous_7)
FN:132,(anonymous_8)
FNF:9
FNH:0
FNDA:0,RegisterPage
FNDA:0,(anonymous_1)
FNDA:0,(anonymous_2)
FNDA:0,submit
FNDA:0,(anonymous_4)
FNDA:0,(anonymous_5)
FNDA:0,(anonymous_6)
FNDA:0,(anonymous_7)
FNDA:0,(anonymous_8)
DA:11,0
DA:14,0
DA:15,0
DA:17,0
DA:18,0
DA:19,0
DA:20,0
DA:21,0
DA:22,0
DA:23,0
DA:25,0
DA:26,0
DA:30,0
DA:31,0
DA:34,0
DA:35,0
DA:36,0
DA:37,0
DA:38,0
DA:39,0
DA:43,0
DA:45,0
DA:47,0
DA:52,0
DA:53,0
DA:77,0
DA:99,0
DA:108,0
DA:117,0
DA:132,0
LF:30
LH:0
BRDA:26,0,0,0
BRDA:26,0,1,0
BRDA:31,1,0,0
BRDA:31,1,1,0
BRDA:52,2,0,0
BRDA:52,2,1,0
BRDA:68,3,0,0
BRDA:68,3,1,0
BRDA:84,4,0,0
BRDA:84,4,1,0
BRDA:84,4,2,0
BRDA:89,5,0,0
BRDA:89,5,1,0
BRDA:89,5,2,0
BRDA:120,6,0,0
BRDA:120,6,1,0
BRDA:120,7,0,0
BRDA:120,7,1,0
BRDA:141,8,0,0
BRDA:141,8,1,0
BRDA:150,9,0,0
BRDA:150,9,1,0
BRF:22
BRH:0
end_of_record
TN:
SF:src/pages/ResetPasswordPage.tsx
FN:10,ResetPasswordPage
FN:37,submit
FN:41,(anonymous_2)
FN:74,(anonymous_3)
FN:85,(anonymous_4)
FNF:5
FNH:0
FNDA:0,ResetPasswordPage
FNDA:0,submit
FNDA:0,(anonymous_2)
FNDA:0,(anonymous_3)
FNDA:0,(anonymous_4)
DA:8,0
DA:11,0
DA:12,0
DA:13,0
DA:15,0
DA:16,0
DA:17,0
DA:18,0
DA:19,0
DA:21,0
DA:23,0
DA:24,0
DA:38,0
DA:39,0
DA:40,0
DA:41,0
DA:42,0
DA:43,0
DA:47,0
DA:49,0
DA:51,0
DA:56,0
DA:74,0
DA:85,0
LF:24
LH:0
BRDA:15,0,0,0
BRDA:15,0,1,0
BRDA:21,1,0,0
BRDA:21,1,1,0
BRDA:23,2,0,0
BRDA:23,2,1,0
BRDA:63,3,0,0
BRDA:63,3,1,0
BRDA:87,4,0,0
BRDA:87,4,1,0
BRDA:95,5,0,0
BRDA:95,5,1,0
BRF:12
BRH:0
end_of_record
TN:
SF:src/pages/ReviewsPage.tsx
FN:9,ReviewsPage
FN:47,(anonymous_1)
FNF:2
FNH:0
FNDA:0,ReviewsPage
FNDA:0,(anonymous_1)
DA:10,0
DA:11,0
DA:13,0
DA:14,0
DA:16,0
DA:17,0
DA:18,0
DA:25,0
DA:47,0
LF:9
LH:0
BRDA:16,0,0,0
BRDA:16,0,1,0
BRDA:17,1,0,0
BRDA:17,1,1,0
BRDA:17,2,0,0
BRDA:17,2,1,0
BRDA:39,3,0,0
BRDA:39,3,1,0
BRDA:39,4,0,0
BRDA:39,4,1,0
BRDA:64,5,0,0
BRDA:64,5,1,0
BRF:12
BRH:0
end_of_record
TN:
SF:src/pages/SearchPage.tsx
FN:31,SearchPage
FN:37,(anonymous_1)
FN:65,(anonymous_2)
FN:74,(anonymous_3)
FN:77,(anonymous_4)
FN:95,(anonymous_5)
FN:98,(anonymous_6)
FN:107,(anonymous_7)
FN:115,(anonymous_8)
FN:130,(anonymous_9)
FN:141,(anonymous_10)
FN:142,(anonymous_11)
FNF:12
FNH:5
FNDA:11,SearchPage
FNDA:5,(anonymous_1)
FNDA:0,(anonymous_2)
FNDA:0,(anonymous_3)
FNDA:66,(anonymous_4)
FNDA:0,(anonymous_5)
FNDA:36,(anonymous_6)
FNDA:0,(anonymous_7)
FNDA:5,(anonymous_8)
FNDA:0,(anonymous_9)
FNDA:0,(anonymous_10)
FNDA:0,(anonymous_11)
DA:14,1
DA:32,11
DA:33,11
DA:34,11
DA:36,11
DA:37,11
DA:38,11
DA:40,11
DA:44,11
DA:65,0
DA:74,0
DA:78,66
DA:95,0
DA:99,36
DA:107,0
DA:116,5
DA:130,0
DA:141,0
DA:142,0
LF:19
LH:12
BRDA:37,0,0,11
BRDA:37,0,1,6
BRDA:38,1,0,11
BRDA:38,1,1,6
BRDA:40,2,0,5
BRDA:40,2,1,6
BRDA:40,3,0,11
BRDA:40,3,1,5
BRDA:50,4,0,6
BRDA:50,4,1,5
BRDA:55,5,0,5
BRDA:55,5,1,0
BRDA:57,6,0,3
BRDA:57,6,1,2
BRDA:58,7,0,0
BRDA:58,7,1,5
BRDA:59,8,0,2
BRDA:59,8,1,3
BRDA:59,9,0,0
BRDA:59,9,1,2
BRDA:73,10,0,11
BRDA:73,10,1,11
BRDA:94,11,0,0
BRDA:94,11,1,11
BRDA:96,12,0,6
BRDA:96,12,1,5
BRDA:102,13,0,1
BRDA:102,13,1,4
BRDA:120,14,0,3
BRDA:120,14,1,2
BRDA:125,15,0,4
BRDA:125,15,1,0
BRF:32
BRH:27
end_of_record
TN:
SF:src/pages/SettingsPage.tsx
FN:41,SettingsPage
FN:49,(anonymous_1)
FN:59,(anonymous_2)
FN:63,updatePreference
FN:69,changePassword
FN:89,revoke
FN:128,(anonymous_6)
FN:137,(anonymous_7)
FN:158,(anonymous_8)
FN:163,(anonymous_9)
FN:166,(anonymous_10)
FN:179,(anonymous_11)
FN:189,(anonymous_12)
FN:211,(anonymous_13)
FN:217,(anonymous_14)
FN:230,(anonymous_15)
FN:231,(anonymous_16)
FN:240,(anonymous_17)
FN:245,(anonymous_18)
FN:250,(anonymous_19)
FN:251,(anonymous_20)
FNF:21
FNH:0
FNDA:0,SettingsPage
FNDA:0,(anonymous_1)
FNDA:0,(anonymous_2)
FNDA:0,updatePreference
FNDA:0,changePassword
FNDA:0,revoke
FNDA:0,(anonymous_6)
FNDA:0,(anonymous_7)
FNDA:0,(anonymous_8)
FNDA:0,(anonymous_9)
FNDA:0,(anonymous_10)
FNDA:0,(anonymous_11)
FNDA:0,(anonymous_12)
FNDA:0,(anonymous_13)
FNDA:0,(anonymous_14)
FNDA:0,(anonymous_15)
FNDA:0,(anonymous_16)
FNDA:0,(anonymous_17)
FNDA:0,(anonymous_18)
FNDA:0,(anonymous_19)
FNDA:0,(anonymous_20)
DA:15,0
DA:23,0
DA:42,0
DA:43,0
DA:44,0
DA:45,0
DA:47,0
DA:49,0
DA:52,0
DA:53,0
DA:54,0
DA:55,0
DA:56,0
DA:57,0
DA:59,0
DA:60,0
DA:64,0
DA:65,0
DA:66,0
DA:70,0
DA:71,0
DA:72,0
DA:73,0
DA:74,0
DA:75,0
DA:76,0
DA:77,0
DA:80,0
DA:81,0
DA:83,0
DA:85,0
DA:90,0
DA:91,0
DA:92,0
DA:94,0
DA:98,0
DA:128,0
DA:137,0
DA:159,0
DA:163,0
DA:167,0
DA:179,0
DA:189,0
DA:211,0
DA:217,0
DA:231,0
DA:240,0
DA:245,0
DA:251,0
LF:49
LH:0
BRDA:102,0,0,0
BRDA:102,0,1,0
BRDA:107,1,0,0
BRDA:107,1,1,0
BRDA:115,2,0,0
BRDA:115,2,1,0
BRDA:118,3,0,0
BRDA:118,3,1,0
BRDA:123,4,0,0
BRDA:123,4,1,0
BRDA:156,5,0,0
BRDA:156,5,1,0
BRDA:162,6,0,0
BRDA:162,6,1,0
BRDA:170,7,0,0
BRDA:170,7,1,0
BRDA:171,8,0,0
BRDA:171,8,1,0
BRDA:174,9,0,0
BRDA:174,9,1,0
BRDA:178,10,0,0
BRDA:178,10,1,0
BRF:22
BRH:0
end_of_record
TN:
SF:src/pages/TripDetailPage.tsx
FN:22,TripDetailPage
FN:38,(anonymous_1)
FN:125,(anonymous_2)
FN:138,(anonymous_3)
FN:167,(anonymous_4)
FN:180,(anonymous_5)
FN:185,(anonymous_6)
FN:192,(anonymous_7)
FN:195,(anonymous_8)
FN:233,(anonymous_9)
FN:251,(anonymous_10)
FN:256,(anonymous_11)
FN:259,(anonymous_12)
FN:298,(anonymous_13)
FN:346,Detail
FN:355,Row
FNF:16
FNH:0
FNDA:0,TripDetailPage
FNDA:0,(anonymous_1)
FNDA:0,(anonymous_2)
FNDA:0,(anonymous_3)
FNDA:0,(anonymous_4)
FNDA:0,(anonymous_5)
FNDA:0,(anonymous_6)
FNDA:0,(anonymous_7)
FNDA:0,(anonymous_8)
FNDA:0,(anonymous_9)
FNDA:0,(anonymous_10)
FNDA:0,(anonymous_11)
FNDA:0,(anonymous_12)
FNDA:0,(anonymous_13)
FNDA:0,Detail
FNDA:0,Row
DA:23,0
DA:24,0
DA:26,0
DA:27,0
DA:28,0
DA:30,0
DA:31,0
DA:32,0
DA:34,0
DA:35,0
DA:36,0
DA:38,0
DA:43,0
DA:44,0
DA:46,0
DA:126,0
DA:138,0
DA:167,0
DA:180,0
DA:185,0
DA:193,0
DA:195,0
DA:233,0
DA:251,0
DA:256,0
DA:259,0
DA:299,0
DA:347,0
DA:356,0
LF:29
LH:0
BRDA:34,0,0,0
BRDA:34,0,1,0
BRDA:35,1,0,0
BRDA:35,1,1,0
BRDA:35,2,0,0
BRDA:35,2,1,0
BRDA:61,3,0,0
BRDA:61,3,1,0
BRDA:69,4,0,0
BRDA:69,4,1,0
BRDA:88,5,0,0
BRDA:88,5,1,0
BRDA:91,6,0,0
BRDA:91,6,1,0
BRDA:96,7,0,0
BRDA:96,7,1,0
BRDA:108,8,0,0
BRDA:108,8,1,0
BRDA:111,9,0,0
BRDA:111,9,1,0
BRDA:121,10,0,0
BRDA:121,10,1,0
BRDA:137,11,0,0
BRDA:137,11,1,0
BRDA:144,12,0,0
BRDA:144,12,1,0
BRDA:149,13,0,0
BRDA:149,13,1,0
BRDA:153,14,0,0
BRDA:153,14,1,0
BRDA:160,15,0,0
BRDA:160,15,1,0
BRDA:166,16,0,0
BRDA:166,16,1,0
BRDA:194,17,0,0
BRDA:194,17,1,0
BRDA:204,18,0,0
BRDA:204,18,1,0
BRDA:206,19,0,0
BRDA:206,19,1,0
BRDA:208,20,0,0
BRDA:208,20,1,0
BRDA:212,21,0,0
BRDA:212,21,1,0
BRDA:239,22,0,0
BRDA:239,22,1,0
BRDA:263,23,0,0
BRDA:263,23,1,0
BRDA:265,24,0,0
BRDA:265,24,1,0
BRDA:267,25,0,0
BRDA:267,25,1,0
BRDA:275,26,0,0
BRDA:275,26,1,0
BRDA:302,27,0,0
BRDA:302,27,1,0
BRDA:320,28,0,0
BRDA:320,28,1,0
BRDA:323,29,0,0
BRDA:323,29,1,0
BRDA:326,30,0,0
BRDA:326,30,1,0
BRDA:350,31,0,0
BRDA:350,31,1,0
BRF:64
BRH:0
end_of_record
TN:
SF:src/pages/TripsPage.tsx
FN:20,TripsPage
FN:25,(anonymous_1)
FN:26,(anonymous_2)
FN:40,(anonymous_3)
FN:45,(anonymous_4)
FN:60,(anonymous_5)
FN:63,(anonymous_6)
FN:79,(anonymous_7)
FN:91,TripCard
FNF:9
FNH:0
FNDA:0,TripsPage
FNDA:0,(anonymous_1)
FNDA:0,(anonymous_2)
FNDA:0,(anonymous_3)
FNDA:0,(anonymous_4)
FNDA:0,(anonymous_5)
FNDA:0,(anonymous_6)
FNDA:0,(anonymous_7)
FNDA:0,TripCard
DA:21,0
DA:22,0
DA:24,0
DA:25,0
DA:26,0
DA:27,0
DA:29,0
DA:41,0
DA:45,0
DA:60,0
DA:64,0
DA:80,0
DA:92,0
DA:93,0
DA:95,0
LF:15
LH:0
BRDA:24,0,0,0
BRDA:24,0,1,0
BRDA:25,1,0,0
BRDA:25,1,1,0
BRDA:26,2,0,0
BRDA:26,2,1,0
BRDA:27,3,0,0
BRDA:27,3,1,0
BRDA:27,4,0,0
BRDA:27,4,1,0
BRDA:36,5,0,0
BRDA:36,5,1,0
BRDA:37,6,0,0
BRDA:37,6,1,0
BRDA:48,7,0,0
BRDA:48,7,1,0
BRDA:59,8,0,0
BRDA:59,8,1,0
BRDA:61,9,0,0
BRDA:61,9,1,0
BRDA:67,10,0,0
BRDA:67,10,1,0
BRDA:69,11,0,0
BRDA:69,11,1,0
BRDA:71,12,0,0
BRDA:71,12,1,0
BRDA:106,13,0,0
BRDA:106,13,1,0
BRDA:119,14,0,0
BRDA:119,14,1,0
BRDA:130,15,0,0
BRDA:130,15,1,0
BRDA:133,16,0,0
BRDA:133,16,1,0
BRF:34
BRH:0
end_of_record
TN:
SF:src/pages/VerifyEmailPage.tsx
FN:10,VerifyEmailPage
FN:23,(anonymous_1)
FN:26,(anonymous_2)
FNF:3
FNH:0
FNDA:0,VerifyEmailPage
FNDA:0,(anonymous_1)
FNDA:0,(anonymous_2)
DA:11,0
DA:12,0
DA:13,0
DA:14,0
DA:16,0
DA:17,0
DA:21,0
DA:23,0
DA:24,0
DA:25,0
DA:26,0
DA:27,0
DA:28,0
DA:29,0
DA:30,0
DA:32,0
DA:33,0
DA:38,0
DA:39,0
DA:47,0
DA:49,0
LF:21
LH:0
BRDA:14,0,0,0
BRDA:14,0,1,0
BRDA:24,1,0,0
BRDA:24,1,1,0
BRDA:24,2,0,0
BRDA:24,2,1,0
BRDA:29,3,0,0
BRDA:29,3,1,0
BRDA:38,4,0,0
BRDA:38,4,1,0
BRDA:47,5,0,0
BRDA:47,5,1,0
BRDA:53,6,0,0
BRDA:53,6,1,0
BRDA:56,7,0,0
BRDA:56,7,1,0
BRDA:59,8,0,0
BRDA:59,8,1,0
BRDA:62,9,0,0
BRDA:62,9,1,0
BRDA:68,10,0,0
BRDA:68,10,1,0
BRF:22
BRH:0
end_of_record
TN:
SF:src/pages/WishlistPage.tsx
FN:19,WishlistPage
FN:37,(anonymous_1)
FN:46,(anonymous_2)
FN:58,(anonymous_3)
FN:143,asSearchItem
FNF:5
FNH:4
FNDA:15,WishlistPage
FNDA:0,(anonymous_1)
FNDA:24,(anonymous_2)
FNDA:7,(anonymous_3)
FNDA:7,asSearchItem
DA:20,15
DA:21,15
DA:23,15
DA:37,0
DA:47,24
DA:61,7
DA:62,7
DA:154,7
LF:8
LH:7
BRDA:36,0,0,15
BRDA:36,0,1,7
BRDA:36,1,0,15
BRDA:36,1,1,8
BRDA:44,2,0,8
BRDA:44,2,1,7
BRDA:50,3,0,0
BRDA:50,3,1,7
BRDA:50,4,0,7
BRDA:50,4,1,0
BRDA:66,5,0,3
BRDA:66,5,1,4
BRDA:71,6,0,3
BRDA:71,6,1,4
BRDA:72,7,0,0
BRDA:72,7,1,7
BRDA:90,8,0,3
BRDA:90,8,1,4
BRDA:101,9,0,3
BRDA:101,9,1,4
BRDA:111,10,0,4
BRDA:111,10,1,0
BRDA:126,11,0,7
BRDA:126,11,1,1
BRF:24
BRH:20
end_of_record
TN:
SF:src/pages/WriteReviewPage.tsx
FN:22,WriteReviewPage
FN:50,(anonymous_1)
FN:57,handleSubmit
FN:72,(anonymous_3)
FN:101,(anonymous_4)
FN:106,(anonymous_5)
FN:106,(anonymous_6)
FN:117,(anonymous_7)
FN:125,(anonymous_8)
FN:134,(anonymous_9)
FN:150,(anonymous_10)
FNF:11
FNH:0
FNDA:0,WriteReviewPage
FNDA:0,(anonymous_1)
FNDA:0,handleSubmit
FNDA:0,(anonymous_3)
FNDA:0,(anonymous_4)
FNDA:0,(anonymous_5)
FNDA:0,(anonymous_6)
FNDA:0,(anonymous_7)
FNDA:0,(anonymous_8)
FNDA:0,(anonymous_9)
FNDA:0,(anonymous_10)
DA:23,0
DA:24,0
DA:25,0
DA:26,0
DA:28,0
DA:29,0
DA:30,0
DA:31,0
DA:32,0
DA:34,0
DA:35,0
DA:36,0
DA:43,0
DA:44,0
DA:50,0
DA:58,0
DA:59,0
DA:60,0
DA:68,0
DA:69,0
DA:70,0
DA:72,0
DA:75,0
DA:102,0
DA:106,0
DA:117,0
DA:125,0
DA:135,0
DA:150,0
LF:29
LH:0
BRDA:34,0,0,0
BRDA:34,0,1,0
BRDA:35,1,0,0
BRDA:35,1,1,0
BRDA:35,2,0,0
BRDA:35,2,1,0
BRDA:43,3,0,0
BRDA:43,3,1,0
BRDA:59,4,0,0
BRDA:59,4,1,0
BRDA:70,5,0,0
BRDA:70,5,1,0
BRDA:105,6,0,0
BRDA:105,6,1,0
BRDA:132,7,0,0
BRDA:132,7,1,0
BRDA:140,8,0,0
BRDA:140,8,1,0
BRF:18
BRH:0
end_of_record
TN:
SF:src/ui/Button.tsx
FN:36,Button
FN:56,ButtonLink
FN:76,Spinner
FNF:3
FNH:1
FNDA:46,Button
FNDA:0,ButtonLink
FNDA:0,Spinner
DA:8,2
DA:15,2
DA:22,2
DA:36,2
DA:40,46
DA:65,0
DA:77,0
LF:7
LH:5
BRDA:37,0,0,46
BRDA:37,1,0,46
BRDA:37,2,0,46
BRDA:45,3,0,46
BRDA:45,3,1,46
BRDA:46,4,0,46
BRDA:46,4,1,46
BRDA:47,5,0,46
BRDA:47,5,1,16
BRDA:50,6,0,46
BRDA:50,6,1,0
BRDA:58,7,0,0
BRDA:59,8,0,0
BRDA:68,9,0,0
BRDA:68,9,1,0
BRF:15
BRH:10
end_of_record
TN:
SF:src/ui/Field.tsx
FN:26,Field
FN:65,Input
FN:77,(anonymous_2)
FN:98,Textarea
FN:109,(anonymous_4)
FN:130,Select
FN:141,(anonymous_6)
FN:158,Checkbox
FNF:8
FNH:1
FNDA:0,Field
FNDA:0,Input
FNDA:0,(anonymous_2)
FNDA:0,Textarea
FNDA:0,(anonymous_4)
FNDA:0,Select
FNDA:0,(anonymous_6)
FNDA:64,Checkbox
DA:14,1
DA:27,0
DA:28,0
DA:29,0
DA:30,0
DA:32,0
DA:65,1
DA:69,0
DA:78,0
DA:98,1
DA:102,0
DA:110,0
DA:130,1
DA:134,0
DA:142,0
DA:163,64
DA:164,64
LF:17
LH:6
BRDA:30,0,0,0
BRDA:30,0,1,0
BRDA:30,1,0,0
BRDA:30,1,1,0
BRDA:30,2,0,0
BRDA:30,2,1,0
BRDA:36,3,0,0
BRDA:36,3,1,0
BRDA:44,4,0,0
BRDA:44,4,1,0
BRDA:44,4,2,0
BRDA:49,5,0,0
BRDA:49,5,1,0
BRDA:72,6,0,0
BRDA:72,6,1,0
BRDA:73,7,0,0
BRDA:73,7,1,0
BRDA:74,8,0,0
BRDA:74,8,1,0
BRDA:75,9,0,0
BRDA:75,9,1,0
BRDA:81,10,0,0
BRDA:81,10,1,0
BRDA:84,11,0,0
BRDA:84,11,1,0
BRDA:105,12,0,0
BRDA:105,12,1,0
BRDA:106,13,0,0
BRDA:106,13,1,0
BRDA:107,14,0,0
BRDA:107,14,1,0
BRDA:113,15,0,0
BRDA:113,15,1,0
BRDA:116,16,0,0
BRDA:116,16,1,0
BRDA:137,17,0,0
BRDA:137,17,1,0
BRDA:138,18,0,0
BRDA:138,18,1,0
BRDA:139,19,0,0
BRDA:139,19,1,0
BRDA:145,20,0,0
BRDA:145,20,1,0
BRDA:148,21,0,0
BRDA:148,21,1,0
BRDA:174,22,0,64
BRDA:174,22,1,64
BRF:47
BRH:2
end_of_record
TN:
SF:src/ui/Modal.tsx
FN:13,Modal
FN:32,(anonymous_1)
FN:39,(anonymous_2)
FN:45,(anonymous_3)
FN:47,(anonymous_4)
FN:61,(anonymous_5)
FNF:6
FNH:4
FNDA:11,Modal
FNDA:6,(anonymous_1)
FNDA:11,(anonymous_2)
FNDA:0,(anonymous_3)
FNDA:11,(anonymous_4)
FNDA:0,(anonymous_5)
DA:30,11
DA:32,11
DA:33,6
DA:34,6
DA:35,6
DA:36,6
DA:39,11
DA:40,11
DA:41,11
DA:45,11
DA:46,11
DA:47,11
DA:50,11
DA:52,11
DA:64,0
LF:15
LH:14
BRDA:20,0,0,11
BRDA:34,1,0,0
BRDA:34,1,1,6
BRDA:35,2,0,0
BRDA:35,2,1,6
BRDA:35,3,0,6
BRDA:35,3,1,0
BRDA:36,4,0,0
BRDA:36,4,1,6
BRDA:36,5,0,6
BRDA:36,5,1,6
BRDA:41,6,0,0
BRDA:41,6,1,11
BRDA:64,7,0,0
BRDA:64,7,1,0
BRDA:71,8,0,11
BRDA:71,8,1,0
BRDA:72,9,0,11
BRDA:72,9,1,11
BRDA:74,10,0,11
BRDA:74,10,1,0
BRF:21
BRH:12
end_of_record
TN:
SF:src/ui/Rating.tsx
FN:11,Rating
FN:50,StarIcon
FN:66,StarInput
FN:77,(anonymous_3)
FN:84,(anonymous_4)
FNF:5
FNH:2
FNDA:9,Rating
FNDA:9,StarIcon
FNDA:0,StarInput
FNDA:0,(anonymous_3)
FNDA:0,(anonymous_4)
DA:24,9
DA:26,9
DA:51,9
DA:75,0
DA:78,0
DA:84,0
LF:6
LH:3
BRDA:14,0,0,9
BRDA:15,1,0,9
BRDA:24,2,0,9
BRDA:24,2,1,9
BRDA:28,3,0,9
BRDA:28,3,1,0
BRDA:30,4,0,0
BRDA:30,4,1,9
BRDA:32,5,0,9
BRDA:32,5,1,0
BRDA:32,6,0,0
BRDA:32,6,1,9
BRDA:33,7,0,0
BRDA:33,7,1,9
BRDA:38,8,0,9
BRDA:38,8,1,0
BRDA:39,9,0,9
BRDA:39,9,1,9
BRDA:50,10,0,9
BRDA:55,11,0,9
BRDA:55,11,1,0
BRDA:57,12,0,9
BRDA:57,12,1,0
BRDA:69,13,0,0
BRDA:83,14,0,0
BRDA:83,14,1,0
BRDA:88,15,0,0
BRDA:88,15,1,0
BRF:28
BRH:15
end_of_record
TN:
SF:src/ui/cn.ts
FN:2,cn
FNF:1
FNH:1
FNDA:412,cn
DA:3,412
LF:1
LH:1
BRF:0
BRH:0
end_of_record
TN:
SF:src/ui/feedback.tsx
FN:14,Skeleton
FN:19,LoadingBlock
FN:28,EmptyState
FN:49,ErrorState
FN:81,InlineError
FN:90,Badge
FNF:6
FNH:3
FNDA:24,Skeleton
FNDA:0,LoadingBlock
FNDA:1,EmptyState
FNDA:0,ErrorState
FNDA:0,InlineError
FNDA:6,Badge
DA:15,24
DA:20,0
DA:39,1
DA:58,0
DA:59,0
DA:61,0
DA:82,0
DA:83,0
DA:99,6
DA:107,6
LF:10
LH:4
BRDA:19,0,0,0
BRDA:41,1,0,1
BRDA:41,1,1,0
BRDA:43,2,0,1
BRDA:43,2,1,1
BRDA:44,3,0,1
BRDA:44,3,1,1
BRDA:52,4,0,0
BRDA:58,5,0,0
BRDA:58,5,1,0
BRDA:59,6,0,0
BRDA:59,6,1,0
BRDA:69,7,0,0
BRDA:69,7,1,0
BRDA:72,8,0,0
BRDA:72,8,1,0
BRDA:72,8,2,0
BRDA:82,9,0,0
BRDA:82,9,1,0
BRDA:92,10,0,6
BRF:20
BRH:6
end_of_record
