{"total": {"lines":{"total":518,"covered":96,"skipped":0,"pct":18.53},"statements":{"total":549,"covered":105,"skipped":0,"pct":19.12},"functions":{"total":301,"covered":27,"skipped":0,"pct":8.97},"branches":{"total":573,"covered":134,"skipped":0,"pct":23.38},"branchesTrue":{"total":0,"covered":0,"skipped":0,"pct":100}}
,"/Users/apple/Downloads/Project_python/roaming-wandering/admin/src/api/queries.ts": {"lines":{"total":78,"covered":0,"skipped":0,"pct":0},"functions":{"total":50,"covered":0,"skipped":0,"pct":0},"statements":{"total":78,"covered":0,"skipped":0,"pct":0},"branches":{"total":7,"covered":0,"skipped":0,"pct":0}}
,"/Users/apple/Downloads/Project_python/roaming-wandering/admin/src/api/types.ts": {"lines":{"total":0,"covered":0,"skipped":0,"pct":0},"functions":{"total":0,"covered":0,"skipped":0,"pct":0},"statements":{"total":0,"covered":0,"skipped":0,"pct":0},"branches":{"total":0,"covered":0,"skipped":0,"pct":0}}
,"/Users/apple/Downloads/Project_python/roaming-wandering/admin/src/app/AuthGate.tsx": {"lines":{"total":51,"covered":0,"skipped":0,"pct":0},"functions":{"total":17,"covered":0,"skipped":0,"pct":0},"statements":{"total":56,"covered":0,"skipped":0,"pct":0},"branches":{"total":18,"covered":0,"skipped":0,"pct":0}}
,"/Users/apple/Downloads/Project_python/roaming-wandering/admin/src/app/Shell.tsx": {"lines":{"total":12,"covered":0,"skipped":0,"pct":0},"functions":{"total":7,"covered":0,"skipped":0,"pct":0},"statements":{"total":12,"covered":0,"skipped":0,"pct":0},"branches":{"total":20,"covered":0,"skipped":0,"pct":0}}
,"/Users/apple/Downloads/Project_python/roaming-wandering/admin/src/app/useListFilters.ts": {"lines":{"total":14,"covered":0,"skipped":0,"pct":0},"functions":{"total":3,"covered":0,"skipped":0,"pct":0},"statements":{"total":16,"covered":0,"skipped":0,"pct":0},"branches":{"total":12,"covered":0,"skipped":0,"pct":0}}
,"/Users/apple/Downloads/Project_python/roaming-wandering/admin/src/core/format.ts": {"lines":{"total":34,"covered":18,"skipped":0,"pct":52.94},"functions":{"total":9,"covered":5,"skipped":0,"pct":55.55},"statements":{"total":43,"covered":22,"skipped":0,"pct":51.16},"branches":{"total":40,"covered":26,"skipped":0,"pct":65}}
,"/Users/apple/Downloads/Project_python/roaming-wandering/admin/src/core/http.ts": {"lines":{"total":64,"covered":61,"skipped":0,"pct":95.31},"functions":{"total":15,"covered":12,"skipped":0,"pct":80},"statements":{"total":74,"covered":66,"skipped":0,"pct":89.18},"branches":{"total":56,"covered":45,"skipped":0,"pct":80.35}}
,"/Users/apple/Downloads/Project_python/roaming-wandering/admin/src/pages/AnalyticsPage.tsx": {"lines":{"total":21,"covered":0,"skipped":0,"pct":0},"functions":{"total":19,"covered":0,"skipped":0,"pct":0},"statements":{"total":24,"covered":0,"skipped":0,"pct":0},"branches":{"total":54,"covered":0,"skipped":0,"pct":0}}
,"/Users/apple/Downloads/Project_python/roaming-wandering/admin/src/pages/CouponsPage.tsx": {"lines":{"total":47,"covered":0,"skipped":0,"pct":0},"functions":{"total":36,"covered":0,"skipped":0,"pct":0},"statements":{"total":48,"covered":0,"skipped":0,"pct":0},"branches":{"total":56,"covered":0,"skipped":0,"pct":0}}
,"/Users/apple/Downloads/Project_python/roaming-wandering/admin/src/pages/DashboardPage.tsx": {"lines":{"total":17,"covered":0,"skipped":0,"pct":0},"functions":{"total":13,"covered":0,"skipped":0,"pct":0},"statements":{"total":17,"covered":0,"skipped":0,"pct":0},"branches":{"total":42,"covered":0,"skipped":0,"pct":0}}
,"/Users/apple/Downloads/Project_python/roaming-wandering/admin/src/pages/TicketsPage.tsx": {"lines":{"total":31,"covered":0,"skipped":0,"pct":0},"functions":{"total":18,"covered":0,"skipped":0,"pct":0},"statements":{"total":31,"covered":0,"skipped":0,"pct":0},"branches":{"total":62,"covered":0,"skipped":0,"pct":0}}
,"/Users/apple/Downloads/Project_python/roaming-wandering/admin/src/pages/VendorsPage.tsx": {"lines":{"total":36,"covered":0,"skipped":0,"pct":0},"functions":{"total":24,"covered":0,"skipped":0,"pct":0},"statements":{"total":37,"covered":0,"skipped":0,"pct":0},"branches":{"total":62,"covered":0,"skipped":0,"pct":0}}
,"/Users/apple/Downloads/Project_python/roaming-wandering/admin/src/pages/lists.tsx": {"lines":{"total":82,"covered":0,"skipped":0,"pct":0},"functions":{"total":67,"covered":0,"skipped":0,"pct":0},"statements":{"total":82,"covered":0,"skipped":0,"pct":0},"branches":{"total":55,"covered":0,"skipped":0,"pct":0}}
,"/Users/apple/Downloads/Project_python/roaming-wandering/admin/src/ui/DataTable.tsx": {"lines":{"total":16,"covered":7,"skipped":0,"pct":43.75},"functions":{"total":15,"covered":6,"skipped":0,"pct":40},"statements":{"total":16,"covered":7,"skipped":0,"pct":43.75},"branches":{"total":50,"covered":35,"skipped":0,"pct":70}}
,"/Users/apple/Downloads/Project_python/roaming-wandering/admin/src/ui/primitives.tsx": {"lines":{"total":15,"covered":10,"skipped":0,"pct":66.66},"functions":{"total":8,"covered":4,"skipped":0,"pct":50},"statements":{"total":15,"covered":10,"skipped":0,"pct":66.66},"branches":{"total":39,"covered":28,"skipped":0,"pct":71.79}}
}
