TN:
SF:src/api/queries.ts
FN:44,listQuery
FN:47,(anonymous_1)
FN:55,(anonymous_2)
FN:58,(anonymous_3)
FN:65,(anonymous_4)
FN:68,(anonymous_5)
FN:72,(anonymous_6)
FN:75,(anonymous_7)
FN:78,(anonymous_8)
FN:81,(anonymous_9)
FN:84,(anonymous_10)
FN:87,(anonymous_11)
FN:90,(anonymous_12)
FN:93,(anonymous_13)
FN:97,(anonymous_14)
FN:100,(anonymous_15)
FN:104,(anonymous_16)
FN:107,(anonymous_17)
FN:112,(anonymous_18)
FN:115,(anonymous_19)
FN:122,(anonymous_20)
FN:125,(anonymous_21)
FN:129,(anonymous_22)
FN:132,(anonymous_23)
FN:141,useAdminMutation
FN:148,(anonymous_25)
FN:156,(anonymous_26)
FN:157,(anonymous_27)
FN:165,(anonymous_28)
FN:166,(anonymous_29)
FN:172,(anonymous_30)
FN:173,(anonymous_31)
FN:179,(anonymous_32)
FN:180,(anonymous_33)
FN:185,(anonymous_34)
FN:186,(anonymous_35)
FN:195,(anonymous_36)
FN:196,(anonymous_37)
FN:202,(anonymous_38)
FN:203,(anonymous_39)
FN:208,(anonymous_40)
FN:209,(anonymous_41)
FN:215,(anonymous_42)
FN:216,(anonymous_43)
FN:222,(anonymous_44)
FN:223,(anonymous_45)
FN:229,(anonymous_46)
FN:230,(anonymous_47)
FN:236,(anonymous_48)
FN:237,(anonymous_49)
FNF:50
FNH:0
FNDA:0,listQuery
FNDA:0,(anonymous_1)
FNDA:0,(anonymous_2)
FNDA:0,(anonymous_3)
FNDA:0,(anonymous_4)
FNDA:0,(anonymous_5)
FNDA:0,(anonymous_6)
FNDA:0,(anonymous_7)
FNDA:0,(anonymous_8)
FNDA:0,(anonymous_9)
FNDA:0,(anonymous_10)
FNDA:0,(anonymous_11)
FNDA:0,(anonymous_12)
FNDA:0,(anonymous_13)
FNDA:0,(anonymous_14)
FNDA:0,(anonymous_15)
FNDA:0,(anonymous_16)
FNDA:0,(anonymous_17)
FNDA:0,(anonymous_18)
FNDA:0,(anonymous_19)
FNDA:0,(anonymous_20)
FNDA:0,(anonymous_21)
FNDA:0,(anonymous_22)
FNDA:0,(anonymous_23)
FNDA:0,useAdminMutation
FNDA:0,(anonymous_25)
FNDA:0,(anonymous_26)
FNDA:0,(anonymous_27)
FNDA:0,(anonymous_28)
FNDA:0,(anonymous_29)
FNDA:0,(anonymous_30)
FNDA:0,(anonymous_31)
FNDA:0,(anonymous_32)
FNDA:0,(anonymous_33)
FNDA:0,(anonymous_34)
FNDA:0,(anonymous_35)
FNDA:0,(anonymous_36)
FNDA:0,(anonymous_37)
FNDA:0,(anonymous_38)
FNDA:0,(anonymous_39)
FNDA:0,(anonymous_40)
FNDA:0,(anonymous_41)
FNDA:0,(anonymous_42)
FNDA:0,(anonymous_43)
FNDA:0,(anonymous_44)
FNDA:0,(anonymous_45)
FNDA:0,(anonymous_46)
FNDA:0,(anonymous_47)
FNDA:0,(anonymous_48)
FNDA:0,(anonymous_49)
DA:45,0
DA:48,0
DA:55,0
DA:56,0
DA:59,0
DA:65,0
DA:66,0
DA:69,0
DA:72,0
DA:73,0
DA:75,0
DA:76,0
DA:78,0
DA:79,0
DA:81,0
DA:82,0
DA:84,0
DA:85,0
DA:87,0
DA:88,0
DA:90,0
DA:91,0
DA:93,0
DA:97,0
DA:98,0
DA:100,0
DA:104,0
DA:105,0
DA:108,0
DA:112,0
DA:113,0
DA:115,0
DA:122,0
DA:123,0
DA:126,0
DA:129,0
DA:130,0
DA:132,0
DA:145,0
DA:146,0
DA:149,0
DA:150,0
DA:156,0
DA:157,0
DA:159,0
DA:165,0
DA:166,0
DA:168,0
DA:172,0
DA:173,0
DA:175,0
DA:179,0
DA:180,0
DA:181,0
DA:185,0
DA:186,0
DA:188,0
DA:195,0
DA:196,0
DA:198,0
DA:202,0
DA:203,0
DA:204,0
DA:208,0
DA:209,0
DA:211,0
DA:215,0
DA:216,0
DA:218,0
DA:222,0
DA:223,0
DA:225,0
DA:229,0
DA:230,0
DA:232,0
DA:236,0
DA:237,0
DA:239,0
LF:78
LH:0
BRDA:55,0,0,0
BRDA:160,1,0,0
BRDA:160,1,1,0
BRDA:190,2,0,0
BRDA:190,2,1,0
BRDA:240,3,0,0
BRDA:240,3,1,0
BRF:7
BRH:0
end_of_record
TN:
SF:src/api/types.ts
FNF:0
FNH:0
LF:0
LH:0
BRF:0
BRH:0
end_of_record
TN:
SF:src/app/AuthGate.tsx
FN:25,AuthProvider
FN:29,(anonymous_1)
FN:31,(anonymous_2)
FN:48,(anonymous_3)
FN:53,(anonymous_4)
FN:54,(anonymous_5)
FN:60,(anonymous_6)
FN:69,(anonymous_7)
FN:74,(anonymous_8)
FN:82,useAuth
FN:88,isStaff
FN:89,(anonymous_11)
FN:99,SignInScreen
FN:105,submit
FN:145,(anonymous_14)
FN:156,(anonymous_15)
FN:171,NotStaffScreen
FNF:17
FNH:0
FNDA:0,AuthProvider
FNDA:0,(anonymous_1)
FNDA:0,(anonymous_2)
FNDA:0,(anonymous_3)
FNDA:0,(anonymous_4)
FNDA:0,(anonymous_5)
FNDA:0,(anonymous_6)
FNDA:0,(anonymous_7)
FNDA:0,(anonymous_8)
FNDA:0,useAuth
FNDA:0,isStaff
FNDA:0,(anonymous_11)
FNDA:0,SignInScreen
FNDA:0,submit
FNDA:0,(anonymous_14)
FNDA:0,(anonymous_15)
FNDA:0,NotStaffScreen
DA:21,0
DA:23,0
DA:26,0
DA:27,0
DA:29,0
DA:30,0
DA:31,0
DA:32,0
DA:35,0
DA:39,0
DA:40,0
DA:41,0
DA:43,0
DA:45,0
DA:48,0
DA:49,0
DA:53,0
DA:54,0
DA:55,0
DA:56,0
DA:60,0
DA:61,0
DA:62,0
DA:64,0
DA:65,0
DA:69,0
DA:70,0
DA:74,0
DA:75,0
DA:79,0
DA:83,0
DA:84,0
DA:85,0
DA:89,0
DA:100,0
DA:101,0
DA:102,0
DA:103,0
DA:106,0
DA:107,0
DA:108,0
DA:109,0
DA:110,0
DA:115,0
DA:118,0
DA:120,0
DA:121,0
DA:125,0
DA:145,0
DA:156,0
DA:172,0
LF:51
LH:0
BRDA:41,0,0,0
BRDA:41,0,1,0
BRDA:43,1,0,0
BRDA:43,1,1,0
BRDA:45,2,0,0
BRDA:45,2,1,0
BRDA:70,3,0,0
BRDA:70,3,1,0
BRDA:84,4,0,0
BRDA:84,4,1,0
BRDA:89,5,0,0
BRDA:89,5,1,0
BRDA:120,6,0,0
BRDA:120,6,1,0
BRDA:134,7,0,0
BRDA:134,7,1,0
BRDA:164,8,0,0
BRDA:164,8,1,0
BRF:18
BRH:0
end_of_record
TN:
SF:src/app/Shell.tsx
FN:26,Shell
FN:40,(anonymous_1)
FN:47,(anonymous_2)
FN:77,(anonymous_3)
FN:87,(anonymous_4)
FN:92,(anonymous_5)
FN:111,PageHeader
FNF:7
FNH:0
FNDA:0,Shell
FNDA:0,(anonymous_1)
FNDA:0,(anonymous_2)
FNDA:0,(anonymous_3)
FNDA:0,(anonymous_4)
FNDA:0,(anonymous_5)
FNDA:0,PageHeader
DA:13,0
DA:27,0
DA:28,0
DA:29,0
DA:31,0
DA:41,0
DA:42,0
DA:48,0
DA:77,0
DA:88,0
DA:93,0
DA:120,0
LF:12
LH:0
BRDA:29,0,0,0
BRDA:29,0,1,0
BRDA:41,1,0,0
BRDA:41,1,1,0
BRDA:41,2,0,0
BRDA:41,2,1,0
BRDA:46,3,0,0
BRDA:46,3,1,0
BRDA:50,4,0,0
BRDA:50,4,1,0
BRDA:57,5,0,0
BRDA:57,5,1,0
BRDA:61,6,0,0
BRDA:61,6,1,0
BRDA:91,7,0,0
BRDA:91,7,1,0
BRDA:95,8,0,0
BRDA:95,8,1,0
BRDA:124,9,0,0
BRDA:124,9,1,0
BRF:20
BRH:0
end_of_record
TN:
SF:src/app/useListFilters.ts
FN:12,useListFilters
FN:15,(anonymous_1)
FN:23,(anonymous_2)
FNF:3
FNH:0
FNDA:0,useListFilters
FNDA:0,(anonymous_1)
FNDA:0,(anonymous_2)
DA:13,0
DA:15,0
DA:16,0
DA:17,0
DA:18,0
DA:20,0
DA:23,0
DA:25,0
DA:26,0
DA:27,0
DA:28,0
DA:33,0
DA:34,0
DA:39,0
LF:14
LH:0
BRDA:12,0,0,0
BRDA:18,1,0,0
BRDA:18,1,1,0
BRDA:18,2,0,0
BRDA:18,2,1,0
BRDA:27,3,0,0
BRDA:27,3,1,0
BRDA:27,4,0,0
BRDA:27,4,1,0
BRDA:27,4,2,0
BRDA:33,5,0,0
BRDA:33,5,1,0
BRF:12
BRH:0
end_of_record
TN:
SF:src/core/format.ts
FN:11,formatter
FN:26,formatMinor
FN:40,formatCompactMoney
FN:47,formatNumber
FN:51,formatPercent
FN:57,formatDate
FN:65,formatDateTime
FN:73,formatRelative
FN:92,formatBps
FNF:9
FNH:5
FNDA:7,formatter
FNDA:9,formatMinor
FNDA:3,formatCompactMoney
FNDA:0,formatNumber
FNDA:4,formatPercent
FNDA:0,formatDate
FNDA:0,formatDateTime
FNDA:0,formatRelative
FNDA:3,formatBps
DA:9,1
DA:12,7
DA:13,7
DA:14,7
DA:15,2
DA:21,2
DA:23,7
DA:33,9
DA:34,7
DA:35,9
DA:41,3
DA:42,3
DA:43,2
DA:44,1
DA:48,0
DA:52,4
DA:53,3
DA:54,4
DA:58,0
DA:59,0
DA:60,0
DA:66,0
DA:67,0
DA:68,0
DA:74,0
DA:75,0
DA:76,0
DA:77,0
DA:78,0
DA:79,0
DA:84,0
DA:85,0
DA:87,0
DA:93,3
LF:34
LH:18
BRDA:14,0,0,2
BRDA:14,0,1,5
BRDA:28,1,0,9
BRDA:29,2,0,9
BRDA:29,3,0,9
BRDA:33,4,0,2
BRDA:33,4,1,7
BRDA:33,5,0,9
BRDA:33,5,1,8
BRDA:34,6,0,7
BRDA:34,6,1,3
BRDA:35,7,0,2
BRDA:35,7,1,5
BRDA:40,8,0,3
BRDA:42,9,0,1
BRDA:42,9,1,2
BRDA:43,10,0,1
BRDA:43,10,1,1
BRDA:52,11,0,1
BRDA:52,11,1,3
BRDA:52,12,0,4
BRDA:52,12,1,3
BRDA:53,13,0,1
BRDA:53,13,1,2
BRDA:58,14,0,0
BRDA:58,14,1,0
BRDA:60,15,0,0
BRDA:60,15,1,0
BRDA:66,16,0,0
BRDA:66,16,1,0
BRDA:68,17,0,0
BRDA:68,17,1,0
BRDA:74,18,0,0
BRDA:74,18,1,0
BRDA:76,19,0,0
BRDA:76,19,1,0
BRDA:85,20,0,0
BRDA:85,20,1,0
BRDA:93,21,0,2
BRDA:93,21,1,1
BRF:40
BRH:26
end_of_record
TN:
SF:src/core/http.ts
FN:23,constructor
FN:39,isForbidden
FN:43,isRetryable
FN:50,(anonymous_3)
FN:52,setAccessToken
FN:56,setSessionLostHandler
FN:60,refresh
FN:61,(anonymous_7)
FN:82,(anonymous_8)
FN:103,url
FN:114,send
FN:137,request
FN:167,(anonymous_12)
FN:169,(anonymous_13)
FN:170,(anonymous_14)
FNF:15
FNH:12
FNDA:13,constructor
FNDA:5,isForbidden
FNDA:5,isRetryable
FNDA:0,(anonymous_3)
FNDA:20,setAccessToken
FNDA:15,setSessionLostHandler
FNDA:8,refresh
FNDA:5,(anonymous_7)
FNDA:5,(anonymous_8)
FNDA:22,url
FNDA:22,send
FNDA:15,request
FNDA:15,(anonymous_12)
FNDA:0,(anonymous_13)
FNDA:0,(anonymous_14)
DA:15,2
DA:30,13
DA:31,13
DA:32,13
DA:33,13
DA:34,13
DA:35,13
DA:40,5
DA:44,5
DA:48,2
DA:49,2
DA:50,2
DA:53,20
DA:57,15
DA:61,8
DA:62,5
DA:63,5
DA:69,5
DA:73,4
DA:76,4
DA:77,4
DA:78,4
DA:80,0
DA:82,5
DA:83,5
DA:87,8
DA:104,22
DA:105,1
DA:106,1
DA:107,3
DA:108,1
DA:110,1
DA:111,1
DA:115,22
DA:116,22
DA:117,22
DA:119,22
DA:124,22
DA:125,22
DA:127,22
DA:129,22
DA:130,8
DA:131,1
DA:132,1
DA:134,15
DA:138,15
DA:139,15
DA:140,5
DA:141,5
DA:142,5
DA:143,5
DA:144,5
DA:145,5
DA:153,3
DA:154,5
DA:155,5
DA:156,5
DA:160,5
DA:162,10
DA:163,10
DA:166,2
DA:168,15
DA:169,0
DA:170,0
LF:64
LH:61
BRDA:15,0,0,2
BRDA:15,0,1,0
BRDA:27,1,0,13
BRDA:28,2,0,13
BRDA:44,3,0,5
BRDA:44,3,1,4
BRDA:69,4,0,1
BRDA:69,4,1,4
BRDA:76,5,0,0
BRDA:76,5,1,4
BRDA:104,6,0,21
BRDA:104,6,1,1
BRDA:107,7,0,2
BRDA:107,7,1,1
BRDA:107,8,0,3
BRDA:107,8,1,2
BRDA:107,8,2,2
BRDA:111,9,0,1
BRDA:111,9,1,0
BRDA:114,10,0,22
BRDA:116,11,0,0
BRDA:116,11,1,22
BRDA:117,12,0,16
BRDA:117,12,1,6
BRDA:117,13,0,22
BRDA:117,13,1,22
BRDA:120,14,0,22
BRDA:120,14,1,22
BRDA:124,15,0,0
BRDA:124,15,1,22
BRDA:125,16,0,0
BRDA:125,16,1,22
BRDA:129,17,0,8
BRDA:129,17,1,14
BRDA:129,18,0,22
BRDA:129,18,1,9
BRDA:129,18,2,9
BRDA:130,19,0,7
BRDA:130,19,1,1
BRDA:137,20,0,15
BRDA:139,21,0,5
BRDA:139,21,1,10
BRDA:141,22,0,5
BRDA:141,22,1,5
BRDA:153,23,0,3
BRDA:153,23,1,0
BRDA:154,24,0,5
BRDA:154,24,1,0
BRDA:155,25,0,5
BRDA:155,25,1,3
BRDA:156,26,0,5
BRDA:156,26,1,0
BRDA:162,27,0,0
BRDA:162,27,1,10
BRDA:168,28,0,0
BRDA:168,28,1,15
BRF:56
BRH:45
end_of_record
TN:
SF:src/pages/AnalyticsPage.tsx
FN:27,sliceColour
FN:44,AnalyticsPage
FN:58,(anonymous_2)
FN:79,(anonymous_3)
FN:79,(anonymous_4)
FN:88,(anonymous_5)
FN:88,(anonymous_6)
FN:147,(anonymous_7)
FN:149,(anonymous_8)
FN:151,(anonymous_9)
FN:171,(anonymous_10)
FN:175,(anonymous_11)
FN:178,(anonymous_12)
FN:179,(anonymous_13)
FN:197,(anonymous_14)
FN:213,(anonymous_15)
FN:234,(anonymous_16)
FN:264,Stat
FN:288,dayLabel
FNF:19
FNH:0
FNDA:0,sliceColour
FNDA:0,AnalyticsPage
FNDA:0,(anonymous_2)
FNDA:0,(anonymous_3)
FNDA:0,(anonymous_4)
FNDA:0,(anonymous_5)
FNDA:0,(anonymous_6)
FNDA:0,(anonymous_7)
FNDA:0,(anonymous_8)
FNDA:0,(anonymous_9)
FNDA:0,(anonymous_10)
FNDA:0,(anonymous_11)
FNDA:0,(anonymous_12)
FNDA:0,(anonymous_13)
FNDA:0,(anonymous_14)
FNDA:0,(anonymous_15)
FNDA:0,(anonymous_16)
FNDA:0,Stat
FNDA:0,dayLabel
DA:22,0
DA:28,0
DA:45,0
DA:46,0
DA:48,0
DA:58,0
DA:63,0
DA:79,0
DA:88,0
DA:147,0
DA:149,0
DA:152,0
DA:171,0
DA:175,0
DA:178,0
DA:179,0
DA:198,0
DA:214,0
DA:235,0
DA:275,0
DA:289,0
LF:21
LH:0
BRDA:28,0,0,0
BRDA:28,0,1,0
BRDA:48,1,0,0
BRDA:48,1,1,0
BRDA:58,2,0,0
BRDA:58,2,1,0
BRDA:68,3,0,0
BRDA:68,3,1,0
BRDA:78,4,0,0
BRDA:78,4,1,0
BRDA:87,5,0,0
BRDA:87,5,1,0
BRDA:96,6,0,0
BRDA:96,6,1,0
BRDA:103,7,0,0
BRDA:103,7,1,0
BRDA:104,8,0,0
BRDA:104,8,1,0
BRDA:107,9,0,0
BRDA:107,9,1,0
BRDA:112,10,0,0
BRDA:112,10,1,0
BRDA:117,11,0,0
BRDA:117,11,1,0
BRDA:122,12,0,0
BRDA:122,12,1,0
BRDA:127,13,0,0
BRDA:127,13,1,0
BRDA:132,14,0,0
BRDA:132,14,1,0
BRDA:156,15,0,0
BRDA:156,15,1,0
BRDA:169,16,0,0
BRDA:169,16,1,0
BRDA:189,17,0,0
BRDA:189,17,1,0
BRDA:213,18,0,0
BRDA:213,18,1,0
BRDA:226,19,0,0
BRDA:226,19,1,0
BRDA:226,19,2,0
BRDA:234,20,0,0
BRDA:234,20,1,0
BRDA:245,21,0,0
BRDA:245,21,1,0
BRDA:245,21,2,0
BRDA:256,22,0,0
BRDA:256,22,1,0
BRDA:279,23,0,0
BRDA:279,23,1,0
BRDA:281,24,0,0
BRDA:281,24,1,0
BRDA:289,25,0,0
BRDA:289,25,1,0
BRF:54
BRH:0
end_of_record
TN:
SF:src/pages/CouponsPage.tsx
FN:20,CouponsPage
FN:31,(anonymous_1)
FN:38,(anonymous_2)
FN:42,(anonymous_3)
FN:61,(anonymous_4)
FN:71,(anonymous_5)
FN:80,(anonymous_6)
FN:82,(anonymous_7)
FN:88,(anonymous_8)
FN:103,(anonymous_9)
FN:111,(anonymous_10)
FN:117,(anonymous_11)
FN:133,(anonymous_12)
FN:138,(anonymous_13)
FN:139,(anonymous_14)
FN:142,(anonymous_15)
FN:143,(anonymous_16)
FN:148,CreateCouponForm
FN:164,(anonymous_18)
FN:165,(anonymous_19)
FN:167,submit
FN:193,(anonymous_21)
FN:208,(anonymous_22)
FN:218,(anonymous_23)
FN:228,(anonymous_24)
FN:239,(anonymous_25)
FN:257,(anonymous_26)
FN:267,(anonymous_27)
FN:276,(anonymous_28)
FN:285,(anonymous_29)
FN:293,(anonymous_30)
FN:302,(anonymous_31)
FN:313,(anonymous_32)
FN:329,UsagePanel
FN:335,(anonymous_34)
FN:380,Field
FNF:36
FNH:0
FNDA:0,CouponsPage
FNDA:0,(anonymous_1)
FNDA:0,(anonymous_2)
FNDA:0,(anonymous_3)
FNDA:0,(anonymous_4)
FNDA:0,(anonymous_5)
FNDA:0,(anonymous_6)
FNDA:0,(anonymous_7)
FNDA:0,(anonymous_8)
FNDA:0,(anonymous_9)
FNDA:0,(anonymous_10)
FNDA:0,(anonymous_11)
FNDA:0,(anonymous_12)
FNDA:0,(anonymous_13)
FNDA:0,(anonymous_14)
FNDA:0,(anonymous_15)
FNDA:0,(anonymous_16)
FNDA:0,CreateCouponForm
FNDA:0,(anonymous_18)
FNDA:0,(anonymous_19)
FNDA:0,submit
FNDA:0,(anonymous_21)
FNDA:0,(anonymous_22)
FNDA:0,(anonymous_23)
FNDA:0,(anonymous_24)
FNDA:0,(anonymous_25)
FNDA:0,(anonymous_26)
FNDA:0,(anonymous_27)
FNDA:0,(anonymous_28)
FNDA:0,(anonymous_29)
FNDA:0,(anonymous_30)
FNDA:0,(anonymous_31)
FNDA:0,(anonymous_32)
FNDA:0,UsagePanel
FNDA:0,(anonymous_34)
FNDA:0,Field
DA:21,0
DA:22,0
DA:23,0
DA:24,0
DA:25,0
DA:27,0
DA:32,0
DA:38,0
DA:43,0
DA:62,0
DA:72,0
DA:81,0
DA:82,0
DA:88,0
DA:97,0
DA:103,0
DA:111,0
DA:117,0
DA:133,0
DA:138,0
DA:139,0
DA:142,0
DA:143,0
DA:149,0
DA:150,0
DA:151,0
DA:164,0
DA:165,0
DA:168,0
DA:169,0
DA:189,0
DA:193,0
DA:208,0
DA:218,0
DA:228,0
DA:239,0
DA:257,0
DA:267,0
DA:276,0
DA:285,0
DA:293,0
DA:302,0
DA:313,0
DA:330,0
DA:332,0
DA:335,0
DA:391,0
LF:47
LH:0
BRDA:43,0,0,0
BRDA:43,0,1,0
BRDA:45,1,0,0
BRDA:45,1,1,0
BRDA:64,2,0,0
BRDA:64,2,1,0
BRDA:90,3,0,0
BRDA:90,3,1,0
BRDA:110,4,0,0
BRDA:110,4,1,0
BRDA:116,5,0,0
BRDA:116,5,1,0
BRDA:129,6,0,0
BRDA:129,6,1,0
BRDA:136,7,0,0
BRDA:136,7,1,0
BRDA:142,8,0,0
BRDA:142,8,1,0
BRDA:143,9,0,0
BRDA:143,9,1,0
BRDA:176,10,0,0
BRDA:176,10,1,0
BRDA:179,11,0,0
BRDA:179,11,1,0
BRDA:180,12,0,0
BRDA:180,12,1,0
BRDA:181,13,0,0
BRDA:181,13,1,0
BRDA:182,14,0,0
BRDA:182,14,1,0
BRDA:198,15,0,0
BRDA:198,15,1,0
BRDA:200,16,0,0
BRDA:200,16,1,0
BRDA:233,17,0,0
BRDA:233,17,1,0
BRDA:247,18,0,0
BRDA:247,18,1,0
BRDA:321,19,0,0
BRDA:321,19,1,0
BRDA:339,20,0,0
BRDA:339,20,1,0
BRDA:345,21,0,0
BRDA:345,21,1,0
BRDA:352,22,0,0
BRDA:352,22,1,0
BRDA:357,23,0,0
BRDA:357,23,1,0
BRDA:364,24,0,0
BRDA:364,24,1,0
BRDA:365,25,0,0
BRDA:365,25,1,0
BRDA:392,26,0,0
BRDA:392,26,1,0
BRDA:395,27,0,0
BRDA:395,27,1,0
BRF:56
BRH:0
end_of_record
TN:
SF:src/pages/DashboardPage.tsx
FN:37,DashboardPage
FN:56,(anonymous_1)
FN:86,(anonymous_2)
FN:90,(anonymous_3)
FN:103,(anonymous_4)
FN:119,(anonymous_5)
FN:122,(anonymous_6)
FN:123,(anonymous_7)
FN:135,(anonymous_8)
FN:151,(anonymous_9)
FN:176,KpiTile
FN:204,shortDay
FN:210,dayLabel
FNF:13
FNH:0
FNDA:0,DashboardPage
FNDA:0,(anonymous_1)
FNDA:0,(anonymous_2)
FNDA:0,(anonymous_3)
FNDA:0,(anonymous_4)
FNDA:0,(anonymous_5)
FNDA:0,(anonymous_6)
FNDA:0,(anonymous_7)
FNDA:0,(anonymous_8)
FNDA:0,(anonymous_9)
FNDA:0,KpiTile
FNDA:0,shortDay
FNDA:0,dayLabel
DA:27,0
DA:38,0
DA:40,0
DA:57,0
DA:58,0
DA:87,0
DA:91,0
DA:103,0
DA:119,0
DA:122,0
DA:123,0
DA:136,0
DA:152,0
DA:177,0
DA:178,0
DA:205,0
DA:211,0
LF:17
LH:0
BRDA:45,0,0,0
BRDA:45,0,1,0
BRDA:49,1,0,0
BRDA:49,1,1,0
BRDA:57,2,0,0
BRDA:57,2,1,0
BRDA:68,3,0,0
BRDA:68,3,1,0
BRDA:70,4,0,0
BRDA:70,4,1,0
BRDA:75,5,0,0
BRDA:75,5,1,0
BRDA:86,6,0,0
BRDA:86,6,1,0
BRDA:89,7,0,0
BRDA:89,7,1,0
BRDA:99,8,0,0
BRDA:99,8,1,0
BRDA:113,9,0,0
BRDA:113,9,1,0
BRDA:135,10,0,0
BRDA:135,10,1,0
BRDA:141,11,0,0
BRDA:141,11,1,0
BRDA:141,11,2,0
BRDA:151,12,0,0
BRDA:151,12,1,0
BRDA:162,13,0,0
BRDA:162,13,1,0
BRDA:162,13,2,0
BRDA:177,14,0,0
BRDA:177,14,1,0
BRDA:182,15,0,0
BRDA:182,15,1,0
BRDA:189,16,0,0
BRDA:189,16,1,0
BRDA:191,17,0,0
BRDA:191,17,1,0
BRDA:196,18,0,0
BRDA:196,18,1,0
BRDA:211,19,0,0
BRDA:211,19,1,0
BRF:42
BRH:0
end_of_record
TN:
SF:src/pages/TicketsPage.tsx
FN:35,TicketsPage
FN:54,(anonymous_1)
FN:60,(anonymous_2)
FN:73,(anonymous_3)
FN:84,(anonymous_4)
FN:107,(anonymous_5)
FN:111,(anonymous_6)
FN:147,TicketDetail
FN:171,(anonymous_8)
FN:177,(anonymous_9)
FN:197,(anonymous_10)
FN:231,(anonymous_11)
FN:244,(anonymous_12)
FN:252,(anonymous_13)
FN:255,(anonymous_14)
FN:272,(anonymous_15)
FN:279,(anonymous_16)
FN:282,(anonymous_17)
FNF:18
FNH:0
FNDA:0,TicketsPage
FNDA:0,(anonymous_1)
FNDA:0,(anonymous_2)
FNDA:0,(anonymous_3)
FNDA:0,(anonymous_4)
FNDA:0,(anonymous_5)
FNDA:0,(anonymous_6)
FNDA:0,TicketDetail
FNDA:0,(anonymous_8)
FNDA:0,(anonymous_9)
FNDA:0,(anonymous_10)
FNDA:0,(anonymous_11)
FNDA:0,(anonymous_12)
FNDA:0,(anonymous_13)
FNDA:0,(anonymous_14)
FNDA:0,(anonymous_15)
FNDA:0,(anonymous_16)
FNDA:0,(anonymous_17)
DA:17,0
DA:36,0
DA:37,0
DA:38,0
DA:39,0
DA:41,0
DA:42,0
DA:44,0
DA:54,0
DA:60,0
DA:73,0
DA:85,0
DA:108,0
DA:111,0
DA:148,0
DA:149,0
DA:150,0
DA:152,0
DA:153,0
DA:154,0
DA:156,0
DA:172,0
DA:178,0
DA:198,0
DA:231,0
DA:244,0
DA:253,0
DA:255,0
DA:272,0
DA:280,0
DA:282,0
LF:31
LH:0
BRDA:41,0,0,0
BRDA:41,0,1,0
BRDA:42,1,0,0
BRDA:42,1,1,0
BRDA:42,1,2,0
BRDA:53,2,0,0
BRDA:53,2,1,0
BRDA:59,3,0,0
BRDA:59,3,1,0
BRDA:72,4,0,0
BRDA:72,4,1,0
BRDA:82,5,0,0
BRDA:82,5,1,0
BRDA:95,6,0,0
BRDA:95,6,1,0
BRDA:97,7,0,0
BRDA:97,7,1,0
BRDA:99,8,0,0
BRDA:99,8,1,0
BRDA:99,9,0,0
BRDA:99,9,1,0
BRDA:103,10,0,0
BRDA:103,10,1,0
BRDA:114,11,0,0
BRDA:114,11,1,0
BRDA:123,12,0,0
BRDA:123,12,1,0
BRDA:141,13,0,0
BRDA:141,13,1,0
BRDA:188,14,0,0
BRDA:188,14,1,0
BRDA:190,15,0,0
BRDA:190,15,1,0
BRDA:202,16,0,0
BRDA:202,16,1,0
BRDA:211,17,0,0
BRDA:211,17,1,0
BRDA:219,18,0,0
BRDA:219,18,1,0
BRDA:221,19,0,0
BRDA:221,19,1,0
BRDA:221,19,2,0
BRDA:223,20,0,0
BRDA:223,20,1,0
BRDA:223,21,0,0
BRDA:223,21,1,0
BRDA:224,22,0,0
BRDA:224,22,1,0
BRDA:236,23,0,0
BRDA:236,23,1,0
BRDA:251,24,0,0
BRDA:251,24,1,0
BRDA:259,25,0,0
BRDA:259,25,1,0
BRDA:261,26,0,0
BRDA:261,26,1,0
BRDA:268,27,0,0
BRDA:268,27,1,0
BRDA:278,28,0,0
BRDA:278,28,1,0
BRDA:293,29,0,0
BRDA:293,29,1,0
BRF:62
BRH:0
end_of_record
TN:
SF:src/pages/VendorsPage.tsx
FN:28,VendorsPage
FN:37,(anonymous_1)
FN:44,(anonymous_2)
FN:49,(anonymous_3)
FN:60,(anonymous_4)
FN:62,(anonymous_5)
FN:66,(anonymous_6)
FN:71,(anonymous_7)
FN:72,(anonymous_8)
FN:85,(anonymous_9)
FN:91,(anonymous_10)
FN:109,(anonymous_11)
FN:114,(anonymous_12)
FN:115,(anonymous_13)
FN:118,(anonymous_14)
FN:123,VendorReviewPanel
FN:141,(anonymous_16)
FN:220,(anonymous_17)
FN:237,(anonymous_18)
FN:249,(anonymous_19)
FN:268,(anonymous_20)
FN:281,(anonymous_21)
FN:293,(anonymous_22)
FN:318,Row
FNF:24
FNH:0
FNDA:0,VendorsPage
FNDA:0,(anonymous_1)
FNDA:0,(anonymous_2)
FNDA:0,(anonymous_3)
FNDA:0,(anonymous_4)
FNDA:0,(anonymous_5)
FNDA:0,(anonymous_6)
FNDA:0,(anonymous_7)
FNDA:0,(anonymous_8)
FNDA:0,(anonymous_9)
FNDA:0,(anonymous_10)
FNDA:0,(anonymous_11)
FNDA:0,(anonymous_12)
FNDA:0,(anonymous_13)
FNDA:0,(anonymous_14)
FNDA:0,VendorReviewPanel
FNDA:0,(anonymous_16)
FNDA:0,(anonymous_17)
FNDA:0,(anonymous_18)
FNDA:0,(anonymous_19)
FNDA:0,(anonymous_20)
FNDA:0,(anonymous_21)
FNDA:0,(anonymous_22)
FNDA:0,Row
DA:29,0
DA:30,0
DA:31,0
DA:33,0
DA:38,0
DA:44,0
DA:50,0
DA:60,0
DA:62,0
DA:66,0
DA:72,0
DA:79,0
DA:85,0
DA:91,0
DA:109,0
DA:114,0
DA:115,0
DA:118,0
DA:124,0
DA:125,0
DA:126,0
DA:127,0
DA:128,0
DA:130,0
DA:131,0
DA:134,0
DA:135,0
DA:137,0
DA:141,0
DA:220,0
DA:237,0
DA:250,0
DA:268,0
DA:282,0
DA:294,0
DA:319,0
LF:36
LH:0
BRDA:84,0,0,0
BRDA:84,0,1,0
BRDA:90,1,0,0
BRDA:90,1,1,0
BRDA:105,2,0,0
BRDA:105,2,1,0
BRDA:118,3,0,0
BRDA:118,3,1,0
BRDA:134,4,0,0
BRDA:134,4,1,0
BRDA:134,4,2,0
BRDA:134,4,3,0
BRDA:135,5,0,0
BRDA:135,5,1,0
BRDA:135,5,2,0
BRDA:135,5,3,0
BRDA:143,6,0,0
BRDA:143,6,1,0
BRDA:143,7,0,0
BRDA:143,7,1,0
BRDA:158,8,0,0
BRDA:158,8,1,0
BRDA:159,9,0,0
BRDA:159,9,1,0
BRDA:163,10,0,0
BRDA:163,10,1,0
BRDA:164,11,0,0
BRDA:164,11,1,0
BRDA:178,12,0,0
BRDA:178,12,1,0
BRDA:183,13,0,0
BRDA:183,13,1,0
BRDA:190,14,0,0
BRDA:190,14,1,0
BRDA:198,15,0,0
BRDA:198,15,1,0
BRDA:203,16,0,0
BRDA:203,16,1,0
BRDA:209,17,0,0
BRDA:209,17,1,0
BRDA:211,18,0,0
BRDA:211,18,1,0
BRDA:216,19,0,0
BRDA:216,19,1,0
BRDA:226,20,0,0
BRDA:226,20,1,0
BRDA:226,20,2,0
BRDA:226,20,3,0
BRDA:248,21,0,0
BRDA:248,21,1,0
BRDA:253,22,0,0
BRDA:253,22,1,0
BRDA:276,23,0,0
BRDA:276,23,1,0
BRDA:280,24,0,0
BRDA:280,24,1,0
BRDA:288,25,0,0
BRDA:288,25,1,0
BRDA:292,26,0,0
BRDA:292,26,1,0
BRDA:322,27,0,0
BRDA:322,27,1,0
BRF:62
BRH:0
end_of_record
TN:
SF:src/pages/lists.tsx
FN:25,BookingsPage
FN:33,(anonymous_1)
FN:47,(anonymous_2)
FN:51,(anonymous_3)
FN:61,(anonymous_4)
FN:66,(anonymous_5)
FN:79,(anonymous_6)
FN:84,(anonymous_7)
FN:94,(anonymous_8)
FN:100,(anonymous_9)
FN:118,(anonymous_10)
FN:123,(anonymous_11)
FN:124,(anonymous_12)
FN:130,PaymentsPage
FN:138,(anonymous_14)
FN:140,(anonymous_15)
FN:141,(anonymous_16)
FN:146,(anonymous_17)
FN:152,(anonymous_18)
FN:166,(anonymous_19)
FN:175,(anonymous_20)
FN:185,(anonymous_21)
FN:191,(anonymous_22)
FN:210,(anonymous_23)
FN:215,(anonymous_24)
FN:216,(anonymous_25)
FN:222,PropertiesPage
FN:230,(anonymous_27)
FN:239,(anonymous_28)
FN:243,(anonymous_29)
FN:252,(anonymous_30)
FN:258,(anonymous_31)
FN:268,(anonymous_32)
FN:278,(anonymous_33)
FN:284,(anonymous_34)
FN:301,(anonymous_35)
FN:306,(anonymous_36)
FN:307,(anonymous_37)
FN:313,UsersPage
FN:321,(anonymous_39)
FN:328,(anonymous_40)
FN:332,(anonymous_41)
FN:334,(anonymous_42)
FN:345,(anonymous_43)
FN:352,(anonymous_44)
FN:357,(anonymous_45)
FN:362,(anonymous_46)
FN:372,(anonymous_47)
FN:378,(anonymous_48)
FN:391,(anonymous_49)
FN:406,(anonymous_50)
FN:411,(anonymous_51)
FN:412,(anonymous_52)
FN:418,NotificationsPage
FN:423,(anonymous_54)
FN:424,(anonymous_55)
FN:425,(anonymous_56)
FN:426,(anonymous_57)
FN:430,(anonymous_58)
FN:439,(anonymous_59)
FN:448,(anonymous_60)
FN:452,(anonymous_61)
FN:465,(anonymous_62)
FN:471,(anonymous_63)
FN:487,(anonymous_64)
FN:492,(anonymous_65)
FN:493,(anonymous_66)
FNF:67
FNH:0
FNDA:0,BookingsPage
FNDA:0,(anonymous_1)
FNDA:0,(anonymous_2)
FNDA:0,(anonymous_3)
FNDA:0,(anonymous_4)
FNDA:0,(anonymous_5)
FNDA:0,(anonymous_6)
FNDA:0,(anonymous_7)
FNDA:0,(anonymous_8)
FNDA:0,(anonymous_9)
FNDA:0,(anonymous_10)
FNDA:0,(anonymous_11)
FNDA:0,(anonymous_12)
FNDA:0,PaymentsPage
FNDA:0,(anonymous_14)
FNDA:0,(anonymous_15)
FNDA:0,(anonymous_16)
FNDA:0,(anonymous_17)
FNDA:0,(anonymous_18)
FNDA:0,(anonymous_19)
FNDA:0,(anonymous_20)
FNDA:0,(anonymous_21)
FNDA:0,(anonymous_22)
FNDA:0,(anonymous_23)
FNDA:0,(anonymous_24)
FNDA:0,(anonymous_25)
FNDA:0,PropertiesPage
FNDA:0,(anonymous_27)
FNDA:0,(anonymous_28)
FNDA:0,(anonymous_29)
FNDA:0,(anonymous_30)
FNDA:0,(anonymous_31)
FNDA:0,(anonymous_32)
FNDA:0,(anonymous_33)
FNDA:0,(anonymous_34)
FNDA:0,(anonymous_35)
FNDA:0,(anonymous_36)
FNDA:0,(anonymous_37)
FNDA:0,UsersPage
FNDA:0,(anonymous_39)
FNDA:0,(anonymous_40)
FNDA:0,(anonymous_41)
FNDA:0,(anonymous_42)
FNDA:0,(anonymous_43)
FNDA:0,(anonymous_44)
FNDA:0,(anonymous_45)
FNDA:0,(anonymous_46)
FNDA:0,(anonymous_47)
FNDA:0,(anonymous_48)
FNDA:0,(anonymous_49)
FNDA:0,(anonymous_50)
FNDA:0,(anonymous_51)
FNDA:0,(anonymous_52)
FNDA:0,NotificationsPage
FNDA:0,(anonymous_54)
FNDA:0,(anonymous_55)
FNDA:0,(anonymous_56)
FNDA:0,(anonymous_57)
FNDA:0,(anonymous_58)
FNDA:0,(anonymous_59)
FNDA:0,(anonymous_60)
FNDA:0,(anonymous_61)
FNDA:0,(anonymous_62)
FNDA:0,(anonymous_63)
FNDA:0,(anonymous_64)
FNDA:0,(anonymous_65)
FNDA:0,(anonymous_66)
DA:26,0
DA:27,0
DA:29,0
DA:34,0
DA:47,0
DA:52,0
DA:61,0
DA:67,0
DA:79,0
DA:84,0
DA:88,0
DA:94,0
DA:100,0
DA:118,0
DA:123,0
DA:124,0
DA:131,0
DA:132,0
DA:134,0
DA:138,0
DA:140,0
DA:141,0
DA:146,0
DA:153,0
DA:167,0
DA:175,0
DA:179,0
DA:185,0
DA:191,0
DA:210,0
DA:215,0
DA:216,0
DA:223,0
DA:224,0
DA:226,0
DA:231,0
DA:239,0
DA:244,0
DA:252,0
DA:259,0
DA:268,0
DA:272,0
DA:278,0
DA:284,0
DA:301,0
DA:306,0
DA:307,0
DA:314,0
DA:315,0
DA:317,0
DA:322,0
DA:328,0
DA:333,0
DA:335,0
DA:346,0
DA:352,0
DA:357,0
DA:362,0
DA:366,0
DA:372,0
DA:378,0
DA:391,0
DA:406,0
DA:411,0
DA:412,0
DA:419,0
DA:420,0
DA:422,0
DA:423,0
DA:424,0
DA:425,0
DA:426,0
DA:431,0
DA:440,0
DA:448,0
DA:452,0
DA:456,0
DA:465,0
DA:471,0
DA:487,0
DA:492,0
DA:493,0
LF:82
LH:0
BRDA:39,0,0,0
BRDA:39,0,1,0
BRDA:93,1,0,0
BRDA:93,1,1,0
BRDA:99,2,0,0
BRDA:99,2,1,0
BRDA:114,3,0,0
BRDA:114,3,1,0
BRDA:153,4,0,0
BRDA:153,4,1,0
BRDA:167,5,0,0
BRDA:167,5,1,0
BRDA:184,6,0,0
BRDA:184,6,1,0
BRDA:190,7,0,0
BRDA:190,7,1,0
BRDA:206,8,0,0
BRDA:206,8,1,0
BRDA:244,9,0,0
BRDA:244,9,1,0
BRDA:259,10,0,0
BRDA:259,10,1,0
BRDA:277,11,0,0
BRDA:277,11,1,0
BRDA:283,12,0,0
BRDA:283,12,1,0
BRDA:297,13,0,0
BRDA:297,13,1,0
BRDA:323,14,0,0
BRDA:323,14,1,0
BRDA:335,15,0,0
BRDA:335,15,1,0
BRDA:346,16,0,0
BRDA:346,16,1,0
BRDA:371,17,0,0
BRDA:371,17,1,0
BRDA:377,18,0,0
BRDA:377,18,1,0
BRDA:390,19,0,0
BRDA:390,19,1,0
BRDA:402,20,0,0
BRDA:402,20,1,0
BRDA:432,21,0,0
BRDA:432,21,1,0
BRDA:432,21,2,0
BRDA:440,22,0,0
BRDA:440,22,1,0
BRDA:452,23,0,0
BRDA:452,23,1,0
BRDA:464,24,0,0
BRDA:464,24,1,0
BRDA:470,25,0,0
BRDA:470,25,1,0
BRDA:483,26,0,0
BRDA:483,26,1,0
BRF:55
BRH:0
end_of_record
TN:
SF:src/ui/DataTable.tsx
FN:26,DataTable
FN:63,(anonymous_1)
FN:79,(anonymous_2)
FN:81,(anonymous_3)
FN:116,(anonymous_4)
FN:119,(anonymous_5)
FN:125,(anonymous_6)
FN:156,(anonymous_7)
FN:166,(anonymous_8)
FN:179,FilterBar
FN:185,SearchInput
FN:198,(anonymous_11)
FN:205,Select
FN:221,(anonymous_13)
FN:224,(anonymous_14)
FNF:15
FNH:6
FNDA:11,DataTable
FNDA:22,(anonymous_1)
FNDA:5,(anonymous_2)
FNDA:10,(anonymous_3)
FNDA:12,(anonymous_4)
FNDA:0,(anonymous_5)
FNDA:24,(anonymous_6)
FNDA:0,(anonymous_7)
FNDA:0,(anonymous_8)
FNDA:0,FilterBar
FNDA:0,SearchInput
FNDA:0,(anonymous_11)
FNDA:0,Select
FNDA:0,(anonymous_13)
FNDA:0,(anonymous_14)
DA:55,11
DA:57,11
DA:64,22
DA:80,5
DA:82,10
DA:117,12
DA:119,0
DA:126,24
DA:156,0
DA:166,0
DA:180,0
DA:194,0
DA:198,0
DA:216,0
DA:221,0
DA:225,0
LF:16
LH:7
BRDA:33,0,0,11
BRDA:55,1,0,3
BRDA:55,1,1,8
BRDA:69,2,0,11
BRDA:69,2,1,11
BRDA:78,3,0,1
BRDA:78,3,1,10
BRDA:88,4,0,3
BRDA:88,4,1,7
BRDA:92,5,0,1
BRDA:92,5,1,2
BRDA:97,6,0,3
BRDA:97,6,1,0
BRDA:99,7,0,3
BRDA:99,7,1,0
BRDA:106,8,0,3
BRDA:106,8,1,1
BRDA:106,8,2,1
BRDA:106,8,3,1
BRDA:113,9,0,1
BRDA:113,9,1,6
BRDA:119,10,0,0
BRDA:119,10,1,12
BRDA:122,11,0,12
BRDA:122,11,1,0
BRDA:130,12,0,24
BRDA:130,12,1,12
BRDA:144,13,0,11
BRDA:144,13,1,3
BRDA:144,14,0,11
BRDA:144,14,1,8
BRDA:149,15,0,3
BRDA:149,15,1,0
BRDA:150,16,0,3
BRDA:150,16,1,1
BRDA:155,17,0,3
BRDA:155,17,1,0
BRDA:156,18,0,0
BRDA:156,18,1,0
BRDA:161,19,0,3
BRDA:161,19,1,0
BRDA:161,20,0,3
BRDA:161,20,1,0
BRDA:165,21,0,3
BRDA:165,21,1,0
BRDA:165,22,0,3
BRDA:165,22,1,0
BRDA:166,23,0,0
BRDA:166,23,1,0
BRDA:188,24,0,0
BRF:50
BRH:35
end_of_record
TN:
SF:src/ui/primitives.tsx
FN:3,cn
FN:17,Badge
FN:43,statusTone
FN:81,StatusBadge
FN:85,Button
FN:126,Card
FN:152,EmptyRow
FN:162,Spinner
FNF:8
FNH:4
FNDA:65,cn
FNDA:0,Badge
FNDA:15,statusTone
FNDA:0,StatusBadge
FNDA:7,Button
FNDA:0,Card
FNDA:1,EmptyRow
FNDA:0,Spinner
DA:4,65
DA:9,2
DA:24,0
DA:44,15
DA:54,5
DA:65,4
DA:73,4
DA:75,0
DA:77,2
DA:82,0
DA:102,7
DA:108,7
DA:139,0
DA:153,1
DA:163,0
LF:15
LH:10
BRDA:19,0,0,0
BRDA:44,1,0,1
BRDA:44,1,1,2
BRDA:44,1,2,3
BRDA:44,1,3,4
BRDA:44,1,4,4
BRDA:44,1,5,5
BRDA:44,1,6,5
BRDA:44,1,7,5
BRDA:44,1,8,5
BRDA:44,1,9,0
BRDA:44,1,10,0
BRDA:44,1,11,0
BRDA:44,1,12,1
BRDA:44,1,13,2
BRDA:44,1,14,2
BRDA:44,1,15,3
BRDA:44,1,16,3
BRDA:44,1,17,4
BRDA:44,1,18,4
BRDA:44,1,19,1
BRDA:44,1,20,1
BRDA:44,1,21,1
BRDA:44,1,22,2
BRDA:44,1,23,3
BRDA:44,1,24,4
BRDA:44,1,25,4
BRDA:44,1,26,0
BRDA:44,1,27,2
BRDA:88,2,0,7
BRDA:89,3,0,7
BRDA:91,4,0,7
BRDA:116,5,0,7
BRDA:116,5,1,0
BRDA:140,6,0,0
BRDA:140,6,1,0
BRDA:140,6,2,0
BRDA:143,7,0,0
BRDA:143,7,1,0
BRF:39
BRH:28
end_of_record
