{"total": {"lines":{"total":543,"covered":135,"skipped":0,"pct":24.86},"statements":{"total":588,"covered":149,"skipped":0,"pct":25.34},"functions":{"total":272,"covered":42,"skipped":0,"pct":15.44},"branches":{"total":674,"covered":131,"skipped":0,"pct":19.43},"branchesTrue":{"total":0,"covered":0,"skipped":0,"pct":100}}
,"/Users/apple/Downloads/Project_python/roaming-wandering/vendor/src/api/queries.ts": {"lines":{"total":89,"covered":0,"skipped":0,"pct":0},"functions":{"total":59,"covered":0,"skipped":0,"pct":0},"statements":{"total":89,"covered":0,"skipped":0,"pct":0},"branches":{"total":14,"covered":0,"skipped":0,"pct":0}}
,"/Users/apple/Downloads/Project_python/roaming-wandering/vendor/src/api/types.ts": {"lines":{"total":0,"covered":0,"skipped":0,"pct":0},"functions":{"total":0,"covered":0,"skipped":0,"pct":0},"statements":{"total":0,"covered":0,"skipped":0,"pct":0},"branches":{"total":0,"covered":0,"skipped":0,"pct":0}}
,"/Users/apple/Downloads/Project_python/roaming-wandering/vendor/src/app/AuthGate.tsx": {"lines":{"total":47,"covered":1,"skipped":0,"pct":2.12},"functions":{"total":15,"covered":0,"skipped":0,"pct":0},"statements":{"total":52,"covered":1,"skipped":0,"pct":1.92},"branches":{"total":14,"covered":0,"skipped":0,"pct":0}}
,"/Users/apple/Downloads/Project_python/roaming-wandering/vendor/src/app/Shell.tsx": {"lines":{"total":15,"covered":3,"skipped":0,"pct":20},"functions":{"total":7,"covered":1,"skipped":0,"pct":14.28},"statements":{"total":15,"covered":3,"skipped":0,"pct":20},"branches":{"total":41,"covered":2,"skipped":0,"pct":4.87}}
,"/Users/apple/Downloads/Project_python/roaming-wandering/vendor/src/app/useListFilters.ts": {"lines":{"total":14,"covered":0,"skipped":0,"pct":0},"functions":{"total":3,"covered":0,"skipped":0,"pct":0},"statements":{"total":16,"covered":0,"skipped":0,"pct":0},"branches":{"total":12,"covered":0,"skipped":0,"pct":0}}
,"/Users/apple/Downloads/Project_python/roaming-wandering/vendor/src/core/format.ts": {"lines":{"total":34,"covered":17,"skipped":0,"pct":50},"functions":{"total":9,"covered":4,"skipped":0,"pct":44.44},"statements":{"total":43,"covered":21,"skipped":0,"pct":48.83},"branches":{"total":40,"covered":24,"skipped":0,"pct":60}}
,"/Users/apple/Downloads/Project_python/roaming-wandering/vendor/src/core/http.ts": {"lines":{"total":66,"covered":61,"skipped":0,"pct":92.42},"functions":{"total":17,"covered":12,"skipped":0,"pct":70.58},"statements":{"total":76,"covered":66,"skipped":0,"pct":86.84},"branches":{"total":56,"covered":45,"skipped":0,"pct":80.35}}
,"/Users/apple/Downloads/Project_python/roaming-wandering/vendor/src/pages/BookingsPage.tsx": {"lines":{"total":33,"covered":0,"skipped":0,"pct":0},"functions":{"total":19,"covered":0,"skipped":0,"pct":0},"statements":{"total":36,"covered":0,"skipped":0,"pct":0},"branches":{"total":64,"covered":0,"skipped":0,"pct":0}}
,"/Users/apple/Downloads/Project_python/roaming-wandering/vendor/src/pages/CalendarPage.tsx": {"lines":{"total":66,"covered":48,"skipped":0,"pct":72.72},"functions":{"total":32,"covered":22,"skipped":0,"pct":68.75},"statements":{"total":74,"covered":53,"skipped":0,"pct":71.62},"branches":{"total":75,"covered":52,"skipped":0,"pct":69.33}}
,"/Users/apple/Downloads/Project_python/roaming-wandering/vendor/src/pages/OverviewPage.tsx": {"lines":{"total":13,"covered":0,"skipped":0,"pct":0},"functions":{"total":6,"covered":0,"skipped":0,"pct":0},"statements":{"total":13,"covered":0,"skipped":0,"pct":0},"branches":{"total":31,"covered":0,"skipped":0,"pct":0}}
,"/Users/apple/Downloads/Project_python/roaming-wandering/vendor/src/pages/PropertiesPage.tsx": {"lines":{"total":72,"covered":0,"skipped":0,"pct":0},"functions":{"total":38,"covered":0,"skipped":0,"pct":0},"statements":{"total":76,"covered":0,"skipped":0,"pct":0},"branches":{"total":110,"covered":0,"skipped":0,"pct":0}}
,"/Users/apple/Downloads/Project_python/roaming-wandering/vendor/src/pages/ReportsPage.tsx": {"lines":{"total":15,"covered":0,"skipped":0,"pct":0},"functions":{"total":13,"covered":0,"skipped":0,"pct":0},"statements":{"total":16,"covered":0,"skipped":0,"pct":0},"branches":{"total":23,"covered":0,"skipped":0,"pct":0}}
,"/Users/apple/Downloads/Project_python/roaming-wandering/vendor/src/pages/RevenuePage.tsx": {"lines":{"total":10,"covered":0,"skipped":0,"pct":0},"functions":{"total":7,"covered":0,"skipped":0,"pct":0},"statements":{"total":11,"covered":0,"skipped":0,"pct":0},"branches":{"total":27,"covered":0,"skipped":0,"pct":0}}
,"/Users/apple/Downloads/Project_python/roaming-wandering/vendor/src/pages/ReviewsPage.tsx": {"lines":{"total":38,"covered":0,"skipped":0,"pct":0},"functions":{"total":24,"covered":0,"skipped":0,"pct":0},"statements":{"total":40,"covered":0,"skipped":0,"pct":0},"branches":{"total":78,"covered":0,"skipped":0,"pct":0}}
,"/Users/apple/Downloads/Project_python/roaming-wandering/vendor/src/ui/DataTable.tsx": {"lines":{"total":16,"covered":0,"skipped":0,"pct":0},"functions":{"total":15,"covered":0,"skipped":0,"pct":0},"statements":{"total":16,"covered":0,"skipped":0,"pct":0},"branches":{"total":50,"covered":0,"skipped":0,"pct":0}}
,"/Users/apple/Downloads/Project_python/roaming-wandering/vendor/src/ui/primitives.tsx": {"lines":{"total":15,"covered":5,"skipped":0,"pct":33.33},"functions":{"total":8,"covered":3,"skipped":0,"pct":37.5},"statements":{"total":15,"covered":5,"skipped":0,"pct":33.33},"branches":{"total":39,"covered":8,"skipped":0,"pct":20.51}}
}
