TN:
SF:src/api/queries.ts
FN:47,(anonymous_0)
FN:50,(anonymous_1)
FN:56,(anonymous_2)
FN:59,(anonymous_3)
FN:63,(anonymous_4)
FN:66,(anonymous_5)
FN:70,(anonymous_6)
FN:73,(anonymous_7)
FN:78,(anonymous_8)
FN:81,(anonymous_9)
FN:88,(anonymous_10)
FN:91,(anonymous_11)
FN:95,(anonymous_12)
FN:98,(anonymous_13)
FN:103,(anonymous_14)
FN:106,(anonymous_15)
FN:118,useListingInvalidation
FN:120,(anonymous_17)
FN:135,useCreateProperty
FN:138,(anonymous_19)
FN:140,(anonymous_20)
FN:144,useUpdateProperty
FN:147,(anonymous_22)
FN:149,(anonymous_23)
FN:155,useSubmitProperty
FN:158,(anonymous_25)
FN:159,(anonymous_26)
FN:171,useSetVisibility
FN:177,(anonymous_28)
FN:181,(anonymous_29)
FN:195,useRoomTypes
FN:203,useCreateRoomType
FN:206,(anonymous_32)
FN:208,(anonymous_33)
FN:215,useUpdateRoomType
FN:218,(anonymous_35)
FN:220,(anonymous_36)
FN:227,(anonymous_37)
FN:235,(anonymous_38)
FN:252,useCalendarWrite
FN:259,(anonymous_40)
FN:264,(anonymous_41)
FN:271,(anonymous_42)
FN:274,(anonymous_43)
FN:281,(anonymous_44)
FN:284,(anonymous_45)
FN:297,useBookingDecision
FN:300,(anonymous_47)
FN:313,(anonymous_48)
FN:328,(anonymous_49)
FN:331,(anonymous_50)
FN:335,(anonymous_51)
FN:338,(anonymous_52)
FN:341,useReviewInvalidation
FN:343,(anonymous_54)
FN:352,useReplyToReview
FN:355,(anonymous_56)
FN:369,useFlagReview
FN:372,(anonymous_58)
FNF:59
FNH:0
FNDA:0,(anonymous_0)
FNDA:0,(anonymous_1)
FNDA:0,(anonymous_2)
FNDA:0,(anonymous_3)
FNDA:0,(anonymous_4)
FNDA:0,(anonymous_5)
FNDA:0,(anonymous_6)
FNDA:0,(anonymous_7)
FNDA:0,(anonymous_8)
FNDA:0,(anonymous_9)
FNDA:0,(anonymous_10)
FNDA:0,(anonymous_11)
FNDA:0,(anonymous_12)
FNDA:0,(anonymous_13)
FNDA:0,(anonymous_14)
FNDA:0,(anonymous_15)
FNDA:0,useListingInvalidation
FNDA:0,(anonymous_17)
FNDA:0,useCreateProperty
FNDA:0,(anonymous_19)
FNDA:0,(anonymous_20)
FNDA:0,useUpdateProperty
FNDA:0,(anonymous_22)
FNDA:0,(anonymous_23)
FNDA:0,useSubmitProperty
FNDA:0,(anonymous_25)
FNDA:0,(anonymous_26)
FNDA:0,useSetVisibility
FNDA:0,(anonymous_28)
FNDA:0,(anonymous_29)
FNDA:0,useRoomTypes
FNDA:0,useCreateRoomType
FNDA:0,(anonymous_32)
FNDA:0,(anonymous_33)
FNDA:0,useUpdateRoomType
FNDA:0,(anonymous_35)
FNDA:0,(anonymous_36)
FNDA:0,(anonymous_37)
FNDA:0,(anonymous_38)
FNDA:0,useCalendarWrite
FNDA:0,(anonymous_40)
FNDA:0,(anonymous_41)
FNDA:0,(anonymous_42)
FNDA:0,(anonymous_43)
FNDA:0,(anonymous_44)
FNDA:0,(anonymous_45)
FNDA:0,useBookingDecision
FNDA:0,(anonymous_47)
FNDA:0,(anonymous_48)
FNDA:0,(anonymous_49)
FNDA:0,(anonymous_50)
FNDA:0,(anonymous_51)
FNDA:0,(anonymous_52)
FNDA:0,useReviewInvalidation
FNDA:0,(anonymous_54)
FNDA:0,useReplyToReview
FNDA:0,(anonymous_56)
FNDA:0,useFlagReview
FNDA:0,(anonymous_58)
DA:47,0
DA:48,0
DA:50,0
DA:56,0
DA:57,0
DA:59,0
DA:63,0
DA:64,0
DA:67,0
DA:70,0
DA:71,0
DA:74,0
DA:78,0
DA:79,0
DA:81,0
DA:88,0
DA:89,0
DA:91,0
DA:95,0
DA:96,0
DA:99,0
DA:103,0
DA:104,0
DA:107,0
DA:119,0
DA:120,0
DA:121,0
DA:136,0
DA:137,0
DA:139,0
DA:140,0
DA:145,0
DA:146,0
DA:148,0
DA:149,0
DA:156,0
DA:157,0
DA:158,0
DA:159,0
DA:172,0
DA:173,0
DA:178,0
DA:181,0
DA:199,0
DA:200,0
DA:204,0
DA:205,0
DA:207,0
DA:209,0
DA:210,0
DA:216,0
DA:217,0
DA:219,0
DA:221,0
DA:222,0
DA:227,0
DA:233,0
DA:236,0
DA:257,0
DA:258,0
DA:260,0
DA:265,0
DA:266,0
DA:271,0
DA:272,0
DA:274,0
DA:275,0
DA:281,0
DA:282,0
DA:284,0
DA:298,0
DA:299,0
DA:309,0
DA:314,0
DA:328,0
DA:329,0
DA:331,0
DA:335,0
DA:336,0
DA:338,0
DA:342,0
DA:343,0
DA:344,0
DA:353,0
DA:354,0
DA:356,0
DA:370,0
DA:371,0
DA:373,0
LF:89
LH:0
BRDA:78,0,0,0
BRDA:88,1,0,0
BRDA:125,2,0,0
BRDA:125,2,1,0
BRDA:128,3,0,0
BRDA:128,3,1,0
BRDA:179,4,0,0
BRDA:179,4,1,0
BRDA:241,5,0,0
BRDA:241,5,1,0
BRDA:281,6,0,0
BRDA:311,7,0,0
BRDA:311,7,1,0
BRDA:328,8,0,0
BRF:14
BRH:0
end_of_record
TN:
SF:src/api/types.ts
FNF:0
FNH:0
LF:0
LH:0
BRF:0
BRH:0
end_of_record
TN:
SF:src/app/AuthGate.tsx
FN:43,AuthProvider
FN:47,(anonymous_1)
FN:49,(anonymous_2)
FN:63,(anonymous_3)
FN:68,(anonymous_4)
FN:69,(anonymous_5)
FN:75,(anonymous_6)
FN:84,(anonymous_7)
FN:89,useAuth
FN:95,hostsProperties
FN:106,SignInScreen
FN:112,submit
FN:152,(anonymous_12)
FN:163,(anonymous_13)
FN:185,NotAHostScreen
FNF:15
FNH:0
FNDA:0,AuthProvider
FNDA:0,(anonymous_1)
FNDA:0,(anonymous_2)
FNDA:0,(anonymous_3)
FNDA:0,(anonymous_4)
FNDA:0,(anonymous_5)
FNDA:0,(anonymous_6)
FNDA:0,(anonymous_7)
FNDA:0,useAuth
FNDA:0,hostsProperties
FNDA:0,SignInScreen
FNDA:0,submit
FNDA:0,(anonymous_12)
FNDA:0,(anonymous_13)
FNDA:0,NotAHostScreen
DA:41,1
DA:44,0
DA:45,0
DA:47,0
DA:48,0
DA:49,0
DA:50,0
DA:53,0
DA:54,0
DA:55,0
DA:56,0
DA:58,0
DA:60,0
DA:63,0
DA:64,0
DA:68,0
DA:69,0
DA:70,0
DA:71,0
DA:75,0
DA:76,0
DA:77,0
DA:79,0
DA:80,0
DA:84,0
DA:86,0
DA:90,0
DA:91,0
DA:92,0
DA:96,0
DA:107,0
DA:108,0
DA:109,0
DA:110,0
DA:113,0
DA:114,0
DA:115,0
DA:116,0
DA:117,0
DA:122,0
DA:125,0
DA:127,0
DA:128,0
DA:132,0
DA:152,0
DA:163,0
DA:186,0
LF:47
LH:1
BRDA:56,0,0,0
BRDA:56,0,1,0
BRDA:58,1,0,0
BRDA:58,1,1,0
BRDA:60,2,0,0
BRDA:60,2,1,0
BRDA:91,3,0,0
BRDA:91,3,1,0
BRDA:127,4,0,0
BRDA:127,4,1,0
BRDA:141,5,0,0
BRDA:141,5,1,0
BRDA:171,6,0,0
BRDA:171,6,1,0
BRF:14
BRH:0
end_of_record
TN:
SF:src/app/Shell.tsx
FN:33,Shell
FN:51,(anonymous_1)
FN:59,(anonymous_2)
FN:93,(anonymous_3)
FN:103,(anonymous_4)
FN:108,(anonymous_5)
FN:147,PageHeader
FNF:7
FNH:1
FNDA:0,Shell
FNDA:0,(anonymous_1)
FNDA:0,(anonymous_2)
FNDA:0,(anonymous_3)
FNDA:0,(anonymous_4)
FNDA:0,(anonymous_5)
FNDA:23,PageHeader
DA:14,1
DA:31,1
DA:34,0
DA:35,0
DA:36,0
DA:38,0
DA:40,0
DA:52,0
DA:53,0
DA:54,0
DA:60,0
DA:93,0
DA:104,0
DA:109,0
DA:156,23
LF:15
LH:3
BRDA:45,0,0,0
BRDA:45,0,1,0
BRDA:53,1,0,0
BRDA:53,1,1,0
BRDA:53,2,0,0
BRDA:53,2,1,0
BRDA:58,3,0,0
BRDA:58,3,1,0
BRDA:62,4,0,0
BRDA:62,4,1,0
BRDA:69,5,0,0
BRDA:69,5,1,0
BRDA:73,6,0,0
BRDA:73,6,1,0
BRDA:73,7,0,0
BRDA:73,7,1,0
BRDA:88,8,0,0
BRDA:88,8,1,0
BRDA:107,9,0,0
BRDA:107,9,1,0
BRDA:111,10,0,0
BRDA:111,10,1,0
BRDA:122,11,0,0
BRDA:122,11,1,0
BRDA:122,11,2,0
BRDA:127,12,0,0
BRDA:127,12,1,0
BRDA:130,13,0,0
BRDA:130,13,1,0
BRDA:131,14,0,0
BRDA:131,14,1,0
BRDA:132,15,0,0
BRDA:132,15,1,0
BRDA:133,16,0,0
BRDA:133,16,1,0
BRDA:134,17,0,0
BRDA:134,17,1,0
BRDA:135,18,0,0
BRDA:135,18,1,0
BRDA:160,19,0,23
BRDA:160,19,1,23
BRF:41
BRH:2
end_of_record
TN:
SF:src/app/useListFilters.ts
FN:12,useListFilters
FN:15,(anonymous_1)
FN:23,(anonymous_2)
FNF:3
FNH:0
FNDA:0,useListFilters
FNDA:0,(anonymous_1)
FNDA:0,(anonymous_2)
DA:13,0
DA:15,0
DA:16,0
DA:17,0
DA:18,0
DA:20,0
DA:23,0
DA:25,0
DA:26,0
DA:27,0
DA:28,0
DA:33,0
DA:34,0
DA:39,0
LF:14
LH:0
BRDA:12,0,0,0
BRDA:18,1,0,0
BRDA:18,1,1,0
BRDA:18,2,0,0
BRDA:18,2,1,0
BRDA:27,3,0,0
BRDA:27,3,1,0
BRDA:27,4,0,0
BRDA:27,4,1,0
BRDA:27,4,2,0
BRDA:33,5,0,0
BRDA:33,5,1,0
BRF:12
BRH:0
end_of_record
TN:
SF:src/core/format.ts
FN:11,formatter
FN:26,formatMinor
FN:40,formatCompactMoney
FN:47,formatNumber
FN:51,formatPercent
FN:57,formatDate
FN:65,formatDateTime
FN:73,formatRelative
FN:92,formatBps
FNF:9
FNH:4
FNDA:122,formatter
FNDA:124,formatMinor
FNDA:3,formatCompactMoney
FNDA:0,formatNumber
FNDA:3,formatPercent
FNDA:0,formatDate
FNDA:0,formatDateTime
FNDA:0,formatRelative
FNDA:0,formatBps
DA:9,2
DA:12,122
DA:13,122
DA:14,122
DA:15,3
DA:21,3
DA:23,122
DA:33,124
DA:34,122
DA:35,124
DA:41,3
DA:42,3
DA:43,2
DA:44,1
DA:48,0
DA:52,3
DA:53,2
DA:54,3
DA:58,0
DA:59,0
DA:60,0
DA:66,0
DA:67,0
DA:68,0
DA:74,0
DA:75,0
DA:76,0
DA:77,0
DA:78,0
DA:79,0
DA:84,0
DA:85,0
DA:87,0
DA:93,0
LF:34
LH:17
BRDA:14,0,0,3
BRDA:14,0,1,119
BRDA:28,1,0,124
BRDA:29,2,0,124
BRDA:29,3,0,124
BRDA:33,4,0,2
BRDA:33,4,1,122
BRDA:33,5,0,124
BRDA:33,5,1,123
BRDA:34,6,0,122
BRDA:34,6,1,118
BRDA:35,7,0,117
BRDA:35,7,1,5
BRDA:40,8,0,3
BRDA:42,9,0,1
BRDA:42,9,1,2
BRDA:43,10,0,1
BRDA:43,10,1,1
BRDA:52,11,0,1
BRDA:52,11,1,2
BRDA:52,12,0,3
BRDA:52,12,1,2
BRDA:53,13,0,1
BRDA:53,13,1,1
BRDA:58,14,0,0
BRDA:58,14,1,0
BRDA:60,15,0,0
BRDA:60,15,1,0
BRDA:66,16,0,0
BRDA:66,16,1,0
BRDA:68,17,0,0
BRDA:68,17,1,0
BRDA:74,18,0,0
BRDA:74,18,1,0
BRDA:76,19,0,0
BRDA:76,19,1,0
BRDA:85,20,0,0
BRDA:85,20,1,0
BRDA:93,21,0,0
BRDA:93,21,1,0
BRF:40
BRH:24
end_of_record
TN:
SF:src/core/http.ts
FN:23,constructor
FN:39,isForbidden
FN:43,isRetryable
FN:50,(anonymous_3)
FN:52,setAccessToken
FN:56,setSessionLostHandler
FN:60,refresh
FN:61,(anonymous_7)
FN:82,(anonymous_8)
FN:103,url
FN:114,send
FN:137,request
FN:167,(anonymous_12)
FN:169,(anonymous_13)
FN:170,(anonymous_14)
FN:173,(anonymous_15)
FN:174,(anonymous_16)
FNF:17
FNH:12
FNDA:10,constructor
FNDA:1,isForbidden
FNDA:4,isRetryable
FNDA:0,(anonymous_3)
FNDA:20,setAccessToken
FNDA:15,setSessionLostHandler
FNDA:8,refresh
FNDA:5,(anonymous_7)
FNDA:5,(anonymous_8)
FNDA:22,url
FNDA:22,send
FNDA:15,request
FNDA:15,(anonymous_12)
FNDA:0,(anonymous_13)
FNDA:0,(anonymous_14)
FNDA:0,(anonymous_15)
FNDA:0,(anonymous_16)
DA:15,2
DA:30,10
DA:31,10
DA:32,10
DA:33,10
DA:34,10
DA:35,10
DA:40,1
DA:44,4
DA:48,2
DA:49,2
DA:50,2
DA:53,20
DA:57,15
DA:61,8
DA:62,5
DA:63,5
DA:69,5
DA:73,4
DA:76,4
DA:77,4
DA:78,4
DA:80,0
DA:82,5
DA:83,5
DA:87,8
DA:104,22
DA:105,1
DA:106,1
DA:107,3
DA:108,1
DA:110,1
DA:111,1
DA:115,22
DA:116,22
DA:117,22
DA:119,22
DA:124,22
DA:125,22
DA:127,22
DA:129,22
DA:130,8
DA:131,1
DA:132,1
DA:134,15
DA:138,15
DA:139,15
DA:140,5
DA:141,5
DA:142,5
DA:143,5
DA:144,5
DA:145,5
DA:153,3
DA:154,5
DA:155,5
DA:156,5
DA:160,5
DA:162,10
DA:163,10
DA:166,2
DA:168,15
DA:169,0
DA:170,0
DA:173,0
DA:174,0
LF:66
LH:61
BRDA:15,0,0,2
BRDA:15,0,1,0
BRDA:27,1,0,10
BRDA:28,2,0,10
BRDA:44,3,0,4
BRDA:44,3,1,3
BRDA:69,4,0,1
BRDA:69,4,1,4
BRDA:76,5,0,0
BRDA:76,5,1,4
BRDA:104,6,0,21
BRDA:104,6,1,1
BRDA:107,7,0,2
BRDA:107,7,1,1
BRDA:107,8,0,3
BRDA:107,8,1,2
BRDA:107,8,2,2
BRDA:111,9,0,1
BRDA:111,9,1,0
BRDA:114,10,0,22
BRDA:116,11,0,0
BRDA:116,11,1,22
BRDA:117,12,0,16
BRDA:117,12,1,6
BRDA:117,13,0,22
BRDA:117,13,1,22
BRDA:120,14,0,22
BRDA:120,14,1,22
BRDA:124,15,0,0
BRDA:124,15,1,22
BRDA:125,16,0,0
BRDA:125,16,1,22
BRDA:129,17,0,8
BRDA:129,17,1,14
BRDA:129,18,0,22
BRDA:129,18,1,9
BRDA:129,18,2,9
BRDA:130,19,0,7
BRDA:130,19,1,1
BRDA:137,20,0,15
BRDA:139,21,0,5
BRDA:139,21,1,10
BRDA:141,22,0,5
BRDA:141,22,1,5
BRDA:153,23,0,3
BRDA:153,23,1,0
BRDA:154,24,0,5
BRDA:154,24,1,0
BRDA:155,25,0,5
BRDA:155,25,1,3
BRDA:156,26,0,5
BRDA:156,26,1,0
BRDA:162,27,0,0
BRDA:162,27,1,10
BRDA:168,28,0,0
BRDA:168,28,1,15
BRF:56
BRH:45
end_of_record
TN:
SF:src/pages/BookingsPage.tsx
FN:27,BookingsPage
FN:41,setFilter
FN:54,(anonymous_2)
FN:58,(anonymous_3)
FN:71,(anonymous_4)
FN:75,(anonymous_5)
FN:107,(anonymous_6)
FN:116,(anonymous_7)
FN:116,(anonymous_8)
FN:122,(anonymous_9)
FN:122,(anonymous_10)
FN:133,BookingCard
FN:203,(anonymous_12)
FN:212,(anonymous_13)
FN:215,(anonymous_14)
FN:225,(anonymous_15)
FN:234,(anonymous_16)
FN:248,(anonymous_17)
FN:250,(anonymous_18)
FNF:19
FNH:0
FNDA:0,BookingsPage
FNDA:0,setFilter
FNDA:0,(anonymous_2)
FNDA:0,(anonymous_3)
FNDA:0,(anonymous_4)
FNDA:0,(anonymous_5)
FNDA:0,(anonymous_6)
FNDA:0,(anonymous_7)
FNDA:0,(anonymous_8)
FNDA:0,(anonymous_9)
FNDA:0,(anonymous_10)
FNDA:0,BookingCard
FNDA:0,(anonymous_12)
FNDA:0,(anonymous_13)
FNDA:0,(anonymous_14)
FNDA:0,(anonymous_15)
FNDA:0,(anonymous_16)
FNDA:0,(anonymous_17)
FNDA:0,(anonymous_18)
DA:10,0
DA:28,0
DA:29,0
DA:30,0
DA:31,0
DA:33,0
DA:34,0
DA:42,0
DA:43,0
DA:44,0
DA:45,0
DA:46,0
DA:49,0
DA:55,0
DA:58,0
DA:71,0
DA:76,0
DA:107,0
DA:116,0
DA:122,0
DA:134,0
DA:135,0
DA:136,0
DA:138,0
DA:139,0
DA:141,0
DA:203,0
DA:213,0
DA:215,0
DA:225,0
DA:234,0
DA:248,0
DA:250,0
LF:33
LH:0
BRDA:29,0,0,0
BRDA:29,0,1,0
BRDA:30,1,0,0
BRDA:30,1,1,0
BRDA:35,2,0,0
BRDA:35,2,1,0
BRDA:36,3,0,0
BRDA:36,3,1,0
BRDA:43,4,0,0
BRDA:43,4,1,0
BRDA:60,5,0,0
BRDA:60,5,1,0
BRDA:56,6,0,0
BRDA:56,6,1,0
BRDA:83,7,0,0
BRDA:83,7,1,0
BRDA:89,8,0,0
BRDA:89,8,1,0
BRDA:98,9,0,0
BRDA:98,9,1,0
BRDA:110,10,0,0
BRDA:110,10,1,0
BRDA:110,10,2,0
BRDA:139,11,0,0
BRDA:139,11,1,0
BRDA:142,12,0,0
BRDA:142,12,1,0
BRDA:155,13,0,0
BRDA:155,13,1,0
BRDA:156,14,0,0
BRDA:156,14,1,0
BRDA:157,15,0,0
BRDA:157,15,1,0
BRDA:161,16,0,0
BRDA:161,16,1,0
BRDA:168,17,0,0
BRDA:168,17,1,0
BRDA:173,18,0,0
BRDA:173,18,1,0
BRDA:175,19,0,0
BRDA:175,19,1,0
BRDA:191,20,0,0
BRDA:191,20,1,0
BRDA:191,20,2,0
BRDA:193,21,0,0
BRDA:193,21,1,0
BRDA:197,22,0,0
BRDA:197,22,1,0
BRDA:211,23,0,0
BRDA:211,23,1,0
BRDA:219,24,0,0
BRDA:219,24,1,0
BRDA:221,25,0,0
BRDA:221,25,1,0
BRDA:230,26,0,0
BRDA:230,26,1,0
BRDA:243,27,0,0
BRDA:243,27,1,0
BRDA:248,28,0,0
BRDA:248,28,1,0
BRDA:249,29,0,0
BRDA:249,29,1,0
BRDA:255,30,0,0
BRDA:255,30,1,0
BRF:64
BRH:0
end_of_record
TN:
SF:src/pages/CalendarPage.tsx
FN:21,CalendarPage
FN:26,(anonymous_1)
FN:29,(anonymous_2)
FN:30,(anonymous_3)
FN:36,(anonymous_4)
FN:38,(anonymous_5)
FN:46,(anonymous_6)
FN:48,choose
FN:68,(anonymous_8)
FN:71,(anonymous_9)
FN:83,(anonymous_10)
FN:86,(anonymous_11)
FN:99,(anonymous_12)
FN:108,(anonymous_13)
FN:130,(anonymous_14)
FN:149,(anonymous_15)
FN:150,(anonymous_16)
FN:165,(anonymous_17)
FN:175,Grid
FN:192,(anonymous_19)
FN:199,(anonymous_20)
FN:244,EditPanel
FN:321,(anonymous_22)
FN:332,(anonymous_23)
FN:341,(anonymous_24)
FN:370,(anonymous_25)
FN:379,(anonymous_26)
FN:396,(anonymous_27)
FN:434,today
FN:438,addDays
FN:442,spanDays
FN:446,dayLabel
FNF:32
FNH:22
FNDA:23,CalendarPage
FNDA:23,(anonymous_1)
FNDA:12,(anonymous_2)
FNDA:12,(anonymous_3)
FNDA:12,(anonymous_4)
FNDA:12,(anonymous_5)
FNDA:23,(anonymous_6)
FNDA:0,choose
FNDA:0,(anonymous_8)
FNDA:23,(anonymous_9)
FNDA:0,(anonymous_10)
FNDA:23,(anonymous_11)
FNDA:0,(anonymous_12)
FNDA:0,(anonymous_13)
FNDA:0,(anonymous_14)
FNDA:11,(anonymous_15)
FNDA:11,(anonymous_16)
FNDA:0,(anonymous_17)
FNDA:23,Grid
FNDA:115,(anonymous_19)
FNDA:11,(anonymous_20)
FNDA:35,EditPanel
FNDA:12,(anonymous_22)
FNDA:0,(anonymous_23)
FNDA:2,(anonymous_24)
FNDA:0,(anonymous_25)
FNDA:1,(anonymous_26)
FNDA:0,(anonymous_27)
FNDA:24,today
FNDA:35,addDays
FNDA:23,spanDays
FNDA:147,dayLabel
DA:22,23
DA:23,23
DA:25,23
DA:26,23
DA:27,23
DA:29,23
DA:30,23
DA:32,23
DA:36,23
DA:37,12
DA:38,12
DA:39,0
DA:40,0
DA:41,0
DA:45,23
DA:46,23
DA:49,0
DA:50,0
DA:51,0
DA:52,0
DA:53,0
DA:56,23
DA:68,0
DA:72,23
DA:83,0
DA:87,23
DA:99,0
DA:108,0
DA:130,0
DA:150,11
DA:151,11
DA:152,11
DA:153,11
DA:154,11
DA:165,0
DA:186,23
DA:187,0
DA:190,23
DA:193,115
DA:194,115
DA:195,115
DA:199,11
DA:255,35
DA:256,35
DA:258,35
DA:259,35
DA:260,35
DA:262,35
DA:263,35
DA:264,35
DA:279,35
DA:281,35
DA:282,12
DA:294,23
DA:295,35
DA:297,35
DA:321,12
DA:332,0
DA:342,2
DA:370,0
DA:380,1
DA:397,0
DA:435,24
DA:439,35
DA:443,23
DA:447,147
LF:66
LH:48
BRDA:25,0,0,23
BRDA:25,0,1,0
BRDA:25,0,2,0
BRDA:27,1,0,23
BRDA:27,1,1,0
BRDA:27,1,2,0
BRDA:37,2,0,0
BRDA:37,2,1,12
BRDA:37,3,0,12
BRDA:37,3,1,12
BRDA:38,4,0,0
BRDA:38,4,1,12
BRDA:51,5,0,0
BRDA:51,5,1,0
BRDA:113,6,0,23
BRDA:113,6,1,0
BRDA:116,7,0,0
BRDA:116,7,1,23
BRDA:125,8,0,23
BRDA:125,8,1,0
BRDA:127,9,0,11
BRDA:127,9,1,12
BRDA:140,10,0,0
BRDA:140,10,1,23
BRDA:146,11,0,23
BRDA:146,11,1,0
BRDA:147,12,0,23
BRDA:147,12,1,0
BRDA:152,13,0,0
BRDA:152,13,1,11
BRDA:186,14,0,0
BRDA:186,14,1,23
BRDA:194,15,0,115
BRDA:194,15,1,23
BRDA:203,16,0,14
BRDA:203,16,1,101
BRDA:205,17,0,22
BRDA:205,17,1,79
BRDA:207,18,0,23
BRDA:207,18,1,56
BRDA:219,19,0,92
BRDA:219,19,1,23
BRDA:225,20,0,23
BRDA:225,20,1,92
BRDA:264,21,0,35
BRDA:264,21,1,23
BRDA:279,22,0,23
BRDA:279,22,1,12
BRDA:281,23,0,12
BRDA:281,23,1,23
BRDA:294,24,0,23
BRDA:294,24,1,23
BRDA:295,25,0,35
BRDA:295,25,1,23
BRDA:298,26,0,16
BRDA:298,26,1,7
BRDA:301,27,0,16
BRDA:301,27,1,7
BRDA:304,28,0,35
BRDA:304,28,1,1
BRDA:340,29,0,35
BRDA:340,29,1,23
BRDA:340,29,2,11
BRDA:346,30,0,2
BRDA:346,30,1,0
BRDA:347,31,0,0
BRDA:347,31,1,2
BRDA:353,32,0,0
BRDA:353,32,1,23
BRDA:385,33,0,0
BRDA:385,33,1,1
BRDA:402,34,0,0
BRDA:402,34,1,0
BRDA:418,35,0,35
BRDA:418,35,1,0
BRF:75
BRH:52
end_of_record
TN:
SF:src/pages/OverviewPage.tsx
FN:15,OverviewPage
FN:118,(anonymous_1)
FN:150,nights
FN:155,Tile
FN:192,Figure
FN:220,Row
FNF:6
FNH:0
FNDA:0,OverviewPage
FNDA:0,(anonymous_1)
FNDA:0,nights
FNDA:0,Tile
FNDA:0,Figure
FNDA:0,Row
DA:16,0
DA:17,0
DA:18,0
DA:20,0
DA:21,0
DA:28,0
DA:30,0
DA:119,0
DA:151,0
DA:152,0
DA:168,0
DA:203,0
DA:221,0
LF:13
LH:0
BRDA:20,0,0,0
BRDA:20,0,1,0
BRDA:20,1,0,0
BRDA:20,1,1,0
BRDA:33,2,0,0
BRDA:33,2,1,0
BRDA:35,3,0,0
BRDA:35,3,1,0
BRDA:37,4,0,0
BRDA:37,4,1,0
BRDA:46,5,0,0
BRDA:46,5,1,0
BRDA:53,6,0,0
BRDA:53,6,1,0
BRDA:80,7,0,0
BRDA:80,7,1,0
BRDA:117,8,0,0
BRDA:117,8,1,0
BRDA:172,9,0,0
BRDA:172,9,1,0
BRDA:177,10,0,0
BRDA:177,10,1,0
BRDA:180,11,0,0
BRDA:180,11,1,0
BRDA:187,12,0,0
BRDA:187,12,1,0
BRDA:196,13,0,0
BRDA:208,14,0,0
BRDA:208,14,1,0
BRDA:215,15,0,0
BRDA:215,15,1,0
BRF:31
BRH:0
end_of_record
TN:
SF:src/pages/PropertiesPage.tsx
FN:27,PropertiesPage
FN:41,(anonymous_1)
FN:50,(anonymous_2)
FN:51,(anonymous_3)
FN:52,(anonymous_4)
FN:59,(anonymous_5)
FN:65,(anonymous_6)
FN:77,(anonymous_7)
FN:81,(anonymous_8)
FN:102,(anonymous_9)
FN:108,(anonymous_10)
FN:109,(anonymous_11)
FN:119,PropertyDetailPage
FN:142,(anonymous_13)
FN:150,(anonymous_14)
FN:176,(anonymous_15)
FN:206,(anonymous_16)
FN:227,missingFrom
FN:233,BasicsCard
FN:247,(anonymous_19)
FN:258,(anonymous_20)
FN:273,(anonymous_21)
FN:286,RoomsCard
FN:294,(anonymous_23)
FN:294,(anonymous_24)
FN:299,(anonymous_25)
FN:308,(anonymous_26)
FN:316,RoomRow
FN:330,(anonymous_28)
FN:352,(anonymous_29)
FN:374,RoomForm
FN:396,save
FN:417,(anonymous_32)
FN:428,(anonymous_33)
FN:438,(anonymous_34)
FN:447,(anonymous_35)
FN:456,(anonymous_36)
FN:483,Field
FNF:38
FNH:0
FNDA:0,PropertiesPage
FNDA:0,(anonymous_1)
FNDA:0,(anonymous_2)
FNDA:0,(anonymous_3)
FNDA:0,(anonymous_4)
FNDA:0,(anonymous_5)
FNDA:0,(anonymous_6)
FNDA:0,(anonymous_7)
FNDA:0,(anonymous_8)
FNDA:0,(anonymous_9)
FNDA:0,(anonymous_10)
FNDA:0,(anonymous_11)
FNDA:0,PropertyDetailPage
FNDA:0,(anonymous_13)
FNDA:0,(anonymous_14)
FNDA:0,(anonymous_15)
FNDA:0,(anonymous_16)
FNDA:0,missingFrom
FNDA:0,BasicsCard
FNDA:0,(anonymous_19)
FNDA:0,(anonymous_20)
FNDA:0,(anonymous_21)
FNDA:0,RoomsCard
FNDA:0,(anonymous_23)
FNDA:0,(anonymous_24)
FNDA:0,(anonymous_25)
FNDA:0,(anonymous_26)
FNDA:0,RoomRow
FNDA:0,(anonymous_28)
FNDA:0,(anonymous_29)
FNDA:0,RoomForm
FNDA:0,save
FNDA:0,(anonymous_32)
FNDA:0,(anonymous_33)
FNDA:0,(anonymous_34)
FNDA:0,(anonymous_35)
FNDA:0,(anonymous_36)
FNDA:0,Field
DA:28,0
DA:29,0
DA:30,0
DA:31,0
DA:37,0
DA:42,0
DA:50,0
DA:51,0
DA:52,0
DA:60,0
DA:65,0
DA:69,0
DA:78,0
DA:82,0
DA:83,0
DA:102,0
DA:108,0
DA:109,0
DA:120,0
DA:121,0
DA:122,0
DA:123,0
DA:124,0
DA:126,0
DA:128,0
DA:130,0
DA:142,0
DA:150,0
DA:177,0
DA:207,0
DA:228,0
DA:229,0
DA:230,0
DA:234,0
DA:235,0
DA:236,0
DA:238,0
DA:240,0
DA:247,0
DA:258,0
DA:273,0
DA:287,0
DA:289,0
DA:294,0
DA:299,0
DA:309,0
DA:325,0
DA:327,0
DA:328,0
DA:330,0
DA:335,0
DA:352,0
DA:383,0
DA:384,0
DA:385,0
DA:386,0
DA:388,0
DA:389,0
DA:390,0
DA:391,0
DA:392,0
DA:399,0
DA:406,0
DA:407,0
DA:408,0
DA:411,0
DA:417,0
DA:428,0
DA:438,0
DA:447,0
DA:456,0
DA:484,0
LF:72
LH:0
BRDA:32,0,0,0
BRDA:32,0,1,0
BRDA:60,1,0,0
BRDA:60,1,1,0
BRDA:65,2,0,0
BRDA:65,2,1,0
BRDA:86,3,0,0
BRDA:86,3,1,0
BRDA:91,4,0,0
BRDA:91,4,1,0
BRDA:79,5,0,0
BRDA:79,5,1,0
BRDA:98,6,0,0
BRDA:98,6,1,0
BRDA:105,7,0,0
BRDA:105,7,1,0
BRDA:120,8,0,0
BRDA:126,9,0,0
BRDA:126,9,1,0
BRDA:126,10,0,0
BRDA:126,10,1,0
BRDA:138,11,0,0
BRDA:138,11,1,0
BRDA:141,12,0,0
BRDA:141,12,1,0
BRDA:144,13,0,0
BRDA:144,13,1,0
BRDA:147,14,0,0
BRDA:147,14,1,0
BRDA:147,14,2,0
BRDA:152,15,0,0
BRDA:152,15,1,0
BRDA:157,16,0,0
BRDA:157,16,1,0
BRDA:168,17,0,0
BRDA:168,17,1,0
BRDA:168,18,0,0
BRDA:168,18,1,0
BRDA:173,19,0,0
BRDA:173,19,1,0
BRDA:174,20,0,0
BRDA:174,20,1,0
BRDA:174,21,0,0
BRDA:174,21,1,0
BRDA:176,22,0,0
BRDA:176,22,1,0
BRDA:184,23,0,0
BRDA:184,23,1,0
BRDA:190,24,0,0
BRDA:190,24,1,0
BRDA:203,25,0,0
BRDA:203,25,1,0
BRDA:203,25,2,0
BRDA:228,26,0,0
BRDA:228,26,1,0
BRDA:230,27,0,0
BRDA:230,27,1,0
BRDA:235,28,0,0
BRDA:235,28,1,0
BRDA:236,29,0,0
BRDA:236,29,1,0
BRDA:238,30,0,0
BRDA:238,30,1,0
BRDA:238,31,0,0
BRDA:238,31,1,0
BRDA:238,32,0,0
BRDA:238,32,1,0
BRDA:264,33,0,0
BRDA:264,33,1,0
BRDA:272,34,0,0
BRDA:272,34,1,0
BRDA:275,35,0,0
BRDA:275,35,1,0
BRDA:295,36,0,0
BRDA:295,36,1,0
BRDA:299,37,0,0
BRDA:299,37,1,0
BRDA:301,38,0,0
BRDA:301,38,1,0
BRDA:301,38,2,0
BRDA:327,39,0,0
BRDA:327,39,1,0
BRDA:341,40,0,0
BRDA:341,40,1,0
BRDA:342,41,0,0
BRDA:342,41,1,0
BRDA:385,42,0,0
BRDA:385,42,1,0
BRDA:386,43,0,0
BRDA:386,43,1,0
BRDA:388,44,0,0
BRDA:388,44,1,0
BRDA:389,45,0,0
BRDA:389,45,1,0
BRDA:390,46,0,0
BRDA:390,46,1,0
BRDA:391,47,0,0
BRDA:391,47,1,0
BRDA:393,48,0,0
BRDA:393,48,1,0
BRDA:407,49,0,0
BRDA:407,49,1,0
BRDA:467,50,0,0
BRDA:467,50,1,0
BRDA:474,51,0,0
BRDA:474,51,1,0
BRDA:475,52,0,0
BRDA:475,52,1,0
BRDA:475,53,0,0
BRDA:475,53,1,0
BRF:110
BRH:0
end_of_record
TN:
SF:src/pages/ReportsPage.tsx
FN:24,ReportsPage
FN:25,(anonymous_1)
FN:35,(anonymous_2)
FN:39,(anonymous_3)
FN:86,(anonymous_4)
FN:91,(anonymous_5)
FN:96,(anonymous_6)
FN:97,(anonymous_7)
FN:125,(anonymous_8)
FN:165,(anonymous_9)
FN:201,Tile
FN:229,monthLabel
FN:237,lastDays
FNF:13
FNH:0
FNDA:0,ReportsPage
FNDA:0,(anonymous_1)
FNDA:0,(anonymous_2)
FNDA:0,(anonymous_3)
FNDA:0,(anonymous_4)
FNDA:0,(anonymous_5)
FNDA:0,(anonymous_6)
FNDA:0,(anonymous_7)
FNDA:0,(anonymous_8)
FNDA:0,(anonymous_9)
FNDA:0,Tile
FNDA:0,monthLabel
FNDA:0,lastDays
DA:25,0
DA:26,0
DA:28,0
DA:36,0
DA:39,0
DA:86,0
DA:91,0
DA:96,0
DA:98,0
DA:126,0
DA:166,0
DA:212,0
DA:230,0
DA:238,0
DA:239,0
LF:15
LH:0
BRDA:41,0,0,0
BRDA:41,0,1,0
BRDA:46,1,0,0
BRDA:46,1,1,0
BRDA:59,2,0,0
BRDA:59,2,1,0
BRDA:59,3,0,0
BRDA:59,3,1,0
BRDA:77,4,0,0
BRDA:77,4,1,0
BRDA:98,5,0,0
BRDA:98,5,1,0
BRDA:122,6,0,0
BRDA:122,6,1,0
BRDA:139,7,0,0
BRDA:139,7,1,0
BRDA:164,8,0,0
BRDA:164,8,1,0
BRDA:205,9,0,0
BRDA:217,10,0,0
BRDA:217,10,1,0
BRDA:224,11,0,0
BRDA:224,11,1,0
BRF:23
BRH:0
end_of_record
TN:
SF:src/pages/RevenuePage.tsx
FN:19,RevenuePage
FN:20,(anonymous_1)
FN:35,(anonymous_2)
FN:39,(anonymous_3)
FN:140,Line
FN:174,Small
FN:183,lastDays
FNF:7
FNH:0
FNDA:0,RevenuePage
FNDA:0,(anonymous_1)
FNDA:0,(anonymous_2)
FNDA:0,(anonymous_3)
FNDA:0,Line
FNDA:0,Small
FNDA:0,lastDays
DA:20,0
DA:21,0
DA:22,0
DA:24,0
DA:36,0
DA:39,0
DA:153,0
DA:175,0
DA:184,0
DA:185,0
LF:10
LH:0
BRDA:41,0,0,0
BRDA:41,0,1,0
BRDA:53,1,0,0
BRDA:53,1,1,0
BRDA:53,2,0,0
BRDA:53,2,1,0
BRDA:63,3,0,0
BRDA:63,3,1,0
BRDA:68,4,0,0
BRDA:68,4,1,0
BRDA:108,5,0,0
BRDA:108,5,1,0
BRDA:114,6,0,0
BRDA:114,6,1,0
BRDA:121,7,0,0
BRDA:121,7,1,0
BRDA:121,7,2,0
BRDA:144,8,0,0
BRDA:145,9,0,0
BRDA:156,10,0,0
BRDA:156,10,1,0
BRDA:157,11,0,0
BRDA:157,11,1,0
BRDA:161,12,0,0
BRDA:161,12,1,0
BRDA:163,13,0,0
BRDA:163,13,1,0
BRF:27
BRH:0
end_of_record
TN:
SF:src/pages/ReviewsPage.tsx
FN:23,ReviewsPage
FN:51,(anonymous_1)
FN:75,(anonymous_2)
FN:84,(anonymous_3)
FN:114,(anonymous_4)
FN:123,(anonymous_5)
FN:123,(anonymous_6)
FN:129,(anonymous_7)
FN:129,(anonymous_8)
FN:140,ReviewCard
FN:167,(anonymous_10)
FN:196,(anonymous_11)
FN:206,(anonymous_12)
FN:209,(anonymous_13)
FN:215,(anonymous_14)
FN:230,(anonymous_15)
FN:239,(anonymous_16)
FN:242,(anonymous_17)
FN:248,(anonymous_18)
FN:256,(anonymous_19)
FN:261,(anonymous_20)
FN:277,Stars
FN:286,Stat
FN:315,FilterTab
FNF:24
FNH:0
FNDA:0,ReviewsPage
FNDA:0,(anonymous_1)
FNDA:0,(anonymous_2)
FNDA:0,(anonymous_3)
FNDA:0,(anonymous_4)
FNDA:0,(anonymous_5)
FNDA:0,(anonymous_6)
FNDA:0,(anonymous_7)
FNDA:0,(anonymous_8)
FNDA:0,ReviewCard
FNDA:0,(anonymous_10)
FNDA:0,(anonymous_11)
FNDA:0,(anonymous_12)
FNDA:0,(anonymous_13)
FNDA:0,(anonymous_14)
FNDA:0,(anonymous_15)
FNDA:0,(anonymous_16)
FNDA:0,(anonymous_17)
FNDA:0,(anonymous_18)
FNDA:0,(anonymous_19)
FNDA:0,(anonymous_20)
FNDA:0,Stars
FNDA:0,Stat
FNDA:0,FilterTab
DA:24,0
DA:25,0
DA:26,0
DA:28,0
DA:29,0
DA:35,0
DA:52,0
DA:53,0
DA:54,0
DA:76,0
DA:77,0
DA:85,0
DA:86,0
DA:114,0
DA:123,0
DA:129,0
DA:141,0
DA:142,0
DA:143,0
DA:144,0
DA:145,0
DA:146,0
DA:148,0
DA:150,0
DA:168,0
DA:196,0
DA:207,0
DA:209,0
DA:215,0
DA:230,0
DA:240,0
DA:242,0
DA:248,0
DA:256,0
DA:261,0
DA:278,0
DA:297,0
DA:324,0
LF:38
LH:0
BRDA:30,0,0,0
BRDA:30,0,1,0
BRDA:39,1,0,0
BRDA:39,1,1,0
BRDA:43,2,0,0
BRDA:43,2,1,0
BRDA:44,3,0,0
BRDA:44,3,1,0
BRDA:46,4,0,0
BRDA:46,4,1,0
BRDA:47,5,0,0
BRDA:47,5,1,0
BRDA:52,6,0,0
BRDA:52,6,1,0
BRDA:53,7,0,0
BRDA:53,7,1,0
BRDA:60,8,0,0
BRDA:60,8,1,0
BRDA:93,9,0,0
BRDA:93,9,1,0
BRDA:98,10,0,0
BRDA:98,10,1,0
BRDA:107,11,0,0
BRDA:107,11,1,0
BRDA:110,12,0,0
BRDA:110,12,1,0
BRDA:117,13,0,0
BRDA:117,13,1,0
BRDA:117,13,2,0
BRDA:151,14,0,0
BRDA:151,14,1,0
BRDA:157,15,0,0
BRDA:157,15,1,0
BRDA:158,16,0,0
BRDA:158,16,1,0
BRDA:159,17,0,0
BRDA:159,17,1,0
BRDA:162,18,0,0
BRDA:162,18,1,0
BRDA:165,19,0,0
BRDA:165,19,1,0
BRDA:177,20,0,0
BRDA:177,20,1,0
BRDA:186,21,0,0
BRDA:186,21,1,0
BRDA:188,22,0,0
BRDA:188,22,1,0
BRDA:205,23,0,0
BRDA:205,23,1,0
BRDA:213,24,0,0
BRDA:213,24,1,0
BRDA:220,25,0,0
BRDA:220,25,1,0
BRDA:238,26,0,0
BRDA:238,26,1,0
BRDA:246,27,0,0
BRDA:246,27,1,0
BRDA:253,28,0,0
BRDA:253,28,1,0
BRDA:253,28,2,0
BRDA:255,29,0,0
BRDA:255,29,1,0
BRDA:260,30,0,0
BRDA:260,30,1,0
BRDA:266,31,0,0
BRDA:266,31,1,0
BRDA:266,32,0,0
BRDA:266,32,1,0
BRDA:268,33,0,0
BRDA:268,33,1,0
BRDA:301,34,0,0
BRDA:301,34,1,0
BRDA:303,35,0,0
BRDA:303,35,1,0
BRDA:310,36,0,0
BRDA:310,36,1,0
BRDA:329,37,0,0
BRDA:329,37,1,0
BRF:78
BRH:0
end_of_record
TN:
SF:src/ui/DataTable.tsx
FN:26,DataTable
FN:63,(anonymous_1)
FN:79,(anonymous_2)
FN:81,(anonymous_3)
FN:116,(anonymous_4)
FN:119,(anonymous_5)
FN:125,(anonymous_6)
FN:156,(anonymous_7)
FN:166,(anonymous_8)
FN:179,FilterBar
FN:185,SearchInput
FN:198,(anonymous_11)
FN:205,Select
FN:221,(anonymous_13)
FN:224,(anonymous_14)
FNF:15
FNH:0
FNDA:0,DataTable
FNDA:0,(anonymous_1)
FNDA:0,(anonymous_2)
FNDA:0,(anonymous_3)
FNDA:0,(anonymous_4)
FNDA:0,(anonymous_5)
FNDA:0,(anonymous_6)
FNDA:0,(anonymous_7)
FNDA:0,(anonymous_8)
FNDA:0,FilterBar
FNDA:0,SearchInput
FNDA:0,(anonymous_11)
FNDA:0,Select
FNDA:0,(anonymous_13)
FNDA:0,(anonymous_14)
DA:55,0
DA:57,0
DA:64,0
DA:80,0
DA:82,0
DA:117,0
DA:119,0
DA:126,0
DA:156,0
DA:166,0
DA:180,0
DA:194,0
DA:198,0
DA:216,0
DA:221,0
DA:225,0
LF:16
LH:0
BRDA:33,0,0,0
BRDA:55,1,0,0
BRDA:55,1,1,0
BRDA:69,2,0,0
BRDA:69,2,1,0
BRDA:78,3,0,0
BRDA:78,3,1,0
BRDA:88,4,0,0
BRDA:88,4,1,0
BRDA:92,5,0,0
BRDA:92,5,1,0
BRDA:97,6,0,0
BRDA:97,6,1,0
BRDA:99,7,0,0
BRDA:99,7,1,0
BRDA:106,8,0,0
BRDA:106,8,1,0
BRDA:106,8,2,0
BRDA:106,8,3,0
BRDA:113,9,0,0
BRDA:113,9,1,0
BRDA:119,10,0,0
BRDA:119,10,1,0
BRDA:122,11,0,0
BRDA:122,11,1,0
BRDA:130,12,0,0
BRDA:130,12,1,0
BRDA:144,13,0,0
BRDA:144,13,1,0
BRDA:144,14,0,0
BRDA:144,14,1,0
BRDA:149,15,0,0
BRDA:149,15,1,0
BRDA:150,16,0,0
BRDA:150,16,1,0
BRDA:155,17,0,0
BRDA:155,17,1,0
BRDA:156,18,0,0
BRDA:156,18,1,0
BRDA:161,19,0,0
BRDA:161,19,1,0
BRDA:161,20,0,0
BRDA:161,20,1,0
BRDA:165,21,0,0
BRDA:165,21,1,0
BRDA:165,22,0,0
BRDA:165,22,1,0
BRDA:166,23,0,0
BRDA:166,23,1,0
BRDA:188,24,0,0
BRF:50
BRH:0
end_of_record
TN:
SF:src/ui/primitives.tsx
FN:3,cn
FN:17,Badge
FN:43,statusTone
FN:81,StatusBadge
FN:85,Button
FN:134,Card
FN:160,EmptyRow
FN:170,Spinner
FNF:8
FNH:3
FNDA:357,cn
FNDA:0,Badge
FNDA:0,statusTone
FNDA:0,StatusBadge
FNDA:69,Button
FNDA:58,Card
FNDA:0,EmptyRow
FNDA:0,Spinner
DA:4,357
DA:9,1
DA:24,0
DA:44,0
DA:54,0
DA:65,0
DA:73,0
DA:75,0
DA:77,0
DA:82,0
DA:109,69
DA:115,69
DA:147,58
DA:161,0
DA:171,0
LF:15
LH:5
BRDA:19,0,0,0
BRDA:44,1,0,0
BRDA:44,1,1,0
BRDA:44,1,2,0
BRDA:44,1,3,0
BRDA:44,1,4,0
BRDA:44,1,5,0
BRDA:44,1,6,0
BRDA:44,1,7,0
BRDA:44,1,8,0
BRDA:44,1,9,0
BRDA:44,1,10,0
BRDA:44,1,11,0
BRDA:44,1,12,0
BRDA:44,1,13,0
BRDA:44,1,14,0
BRDA:44,1,15,0
BRDA:44,1,16,0
BRDA:44,1,17,0
BRDA:44,1,18,0
BRDA:44,1,19,0
BRDA:44,1,20,0
BRDA:44,1,21,0
BRDA:44,1,22,0
BRDA:44,1,23,0
BRDA:44,1,24,0
BRDA:44,1,25,0
BRDA:44,1,26,0
BRDA:44,1,27,0
BRDA:88,2,0,69
BRDA:89,3,0,69
BRDA:91,4,0,69
BRDA:124,5,0,0
BRDA:124,5,1,69
BRDA:148,6,0,58
BRDA:148,6,1,0
BRDA:148,6,2,58
BRDA:151,7,0,58
BRDA:151,7,1,58
BRF:39
BRH:8
end_of_record
